{"arg":"remain","icon":{"path":"translate.png"},"quicklookurl":"http:\/\/youdao.com\/w\/remain","subtitle":"remain","text":{"copy":"\u4fdd\u6301,\u5269\u4f59,\u505c\u7559,\u5269\u4e0b"},"title":"\u4fdd\u6301,\u5269\u4f59,\u505c\u7559,\u5269\u4e0b","valid":true}
{"arg":"we","icon":{"path":"translate.png"},"quicklookurl":"http:\/\/youdao.com\/w\/we","subtitle":"We","text":{"copy":"\u6211\u4eec,\u6c34\u5143\u7d20,\u5e94\u6025\u7167\u660e\u5206\u652f\u7ebf,\u5b9e\u51b5\u8db3\u7403"},"title":"\u6211\u4eec,\u6c34\u5143\u7d20,\u5e94\u6025\u7167\u660e\u5206\u652f\u7ebf,\u5b9e\u51b5\u8db3\u7403","valid":true}
{"arg":"weir","icon":{"path":"translate.png"},"quicklookurl":"http:\/\/youdao.com\/w\/weir","subtitle":"weir","text":{"copy":"\u5830,\u97e6\u4f0a\u5c14,\u97e6\u5c14,\u63d0\u4f9b\u5173\u4e8e"},"title":"\u5830,\u97e6\u4f0a\u5c14,\u97e6\u5c14,\u63d0\u4f9b\u5173\u4e8e","valid":true}
{"arg":"weirdo","icon":{"path":"translate.png"},"quicklookurl":"http:\/\/youdao.com\/w\/weirdo","subtitle":"Weirdo","text":{"copy":"\u602a\u4eba,\u602a\u7269,\u53e4\u602a\u7684\u4eba,\u5947\u602a\u7684\u4eba"},"title":"\u602a\u4eba,\u602a\u7269,\u53e4\u602a\u7684\u4eba,\u5947\u602a\u7684\u4eba","valid":true}
{"arg":"advertising","icon":{"path":"translate.png"},"quicklookurl":"http:\/\/youdao.com\/w\/%E5%B9%BF%E5%91%8A","subtitle":"\u5e7f\u544a","text":{"copy":"Advertisement,Advertising,AD,advertisement matter"},"title":"Advertisement,Advertising,AD,advertisement matter","valid":true}
{"arg":"?","icon":{"path":"translate.png"},"quicklookurl":"http:\/\/youdao.com\/w\/%E5%90%97","subtitle":"\u5417","text":{"copy":"Money,Leadership,Morphine,Sex"},"title":"Money,Leadership,Morphine,Sex","valid":true}
{"arg":"Seconds kill","icon":{"path":"translate.png"},"quicklookurl":"http:\/\/youdao.com\/w\/%E7%A7%92%E6%9D%80","subtitle":"\u79d2\u6740","text":{"copy":"seckilling,second kill,Sale,Sniping"},"title":"seckilling,second kill,Sale,Sniping","valid":true}
{"arg":"ge","icon":{"path":"translate.png"},"quicklookurl":"http:\/\/youdao.com\/w\/ge","subtitle":"GE","text":{"copy":"\u901a\u7528\u7535\u6c14,\u901a\u7528\u7535\u6c14\u516c\u53f8,\u7f8e\u56fd\u901a\u7528\u7535\u6c14,\u7f8e\u56fd\u901a\u7528\u7535\u6c14\u516c\u53f8"},"title":"\u901a\u7528\u7535\u6c14,\u901a\u7528\u7535\u6c14\u516c\u53f8,\u7f8e\u56fd\u901a\u7528\u7535\u6c14,\u7f8e\u56fd\u901a\u7528\u7535\u6c14\u516c\u53f8","valid":true}
{"arg":"genius","icon":{"path":"translate.png"},"quicklookurl":"http:\/\/youdao.com\/w\/genius","subtitle":"Genius","text":{"copy":"\u5929\u8d4b,\u7cbe\u7075"},"title":"\u5929\u8d4b,\u7cbe\u7075","valid":true}
{"arg":"s","icon":{"path":"translate.png"},"quicklookurl":"http:\/\/youdao.com\/w\/s","subtitle":"S Doradus","text":{"copy":"\u5251\u9c7c\u5ea7S"},"title":"\u5251\u9c7c\u5ea7S","valid":true}
{"arg":"Sold out","icon":{"path":"translate.png"},"quicklookurl":"http:\/\/youdao.com\/w\/%E5%94%AE%E7%BD%84","subtitle":"\u552e\u7f44","text":{"copy":"sold out,sell up,to be completely sold out,to sell out"},"title":"sold out,sell up,to be completely sold out,to sell out","valid":true}
{"arg":"before","icon":{"path":"translate.png"},"quicklookurl":"http:\/\/youdao.com\/w\/before","subtitle":"Before","text":{"copy":"\u4e4b\u524d,\u4e4b,\u4ee5\u524d,\u8d5b\u524d"},"title":"\u4e4b\u524d,\u4e4b,\u4ee5\u524d,\u8d5b\u524d","valid":true}
{"arg":"sub","icon":{"path":"translate.png"},"quicklookurl":"http:\/\/youdao.com\/w\/sub","subtitle":"sub","text":{"copy":"\u4e0b\u6807,\u8fc7\u7a0b,\u526f,\u5b50\u8fc7\u7a0b"},"title":"\u4e0b\u6807,\u8fc7\u7a0b,\u526f,\u5b50\u8fc7\u7a0b","valid":true}
{"arg":"submit","icon":{"path":"translate.png"},"quicklookurl":"http:\/\/youdao.com\/w\/submit","subtitle":"Submit","text":{"copy":"\u63d0\u4ea4,\u9012\u4ea4,\u767b\u5f55,\u63d0\u4ea4\u6309\u94ae"},"title":"\u63d0\u4ea4,\u9012\u4ea4,\u767b\u5f55,\u63d0\u4ea4\u6309\u94ae","valid":true}
{"arg":"hybrid","icon":{"path":"translate.png"},"quicklookurl":"http:\/\/youdao.com\/w\/hybrid","subtitle":"Hybrid","text":{"copy":"\u6df7\u5408\u52a8\u529b,\u6df7\u5408,\u6742\u4ea4\u79cd,\u6df7\u5143\u4f53"},"title":"\u6df7\u5408\u52a8\u529b,\u6df7\u5408,\u6742\u4ea4\u79cd,\u6df7\u5143\u4f53","valid":true}
{"arg":"parsing","icon":{"path":"translate.png"},"quicklookurl":"http:\/\/youdao.com\/w\/%E8%A7%A3%E6%9E%90","subtitle":"\u89e3\u6790","text":{"copy":"parse,Resolve,analytical,Analysis"},"title":"parse,Resolve,analytical,Analysis","valid":true}
{"arg":"paser","icon":{"path":"translate.png"},"quicklookurl":"http:\/\/youdao.com\/w\/paser","subtitle":"Paser","text":{"copy":"\u7c98\u8d34,\u7c92\u5b50\u52a0\u901f\u5668,\u5206\u6790\u5668,\u6c34\u5200\u5207\u5272"},"title":"\u7c98\u8d34,\u7c92\u5b50\u52a0\u901f\u5668,\u5206\u6790\u5668,\u6c34\u5200\u5207\u5272","valid":true}
{"arg":"parse","icon":{"path":"translate.png"},"quicklookurl":"http:\/\/youdao.com\/w\/parse","subtitle":"parse","text":{"copy":"\u89e3\u6790,\u5206\u6790,\u8bed\u6cd5\u5206\u6790,\u5256\u6790"},"title":"\u89e3\u6790,\u5206\u6790,\u8bed\u6cd5\u5206\u6790,\u5256\u6790","valid":true}
{"arg":"submit","icon":{"path":"translate.png"},"quicklookurl":"http:\/\/youdao.com\/w\/submit","subtitle":"Submit","text":{"copy":"\u63d0\u4ea4,\u9012\u4ea4,\u767b\u5f55,\u63d0\u4ea4\u6309\u94ae"},"title":"\u63d0\u4ea4,\u9012\u4ea4,\u767b\u5f55,\u63d0\u4ea4\u6309\u94ae","valid":true}
{"arg":"s","icon":{"path":"translate.png"},"quicklookurl":"http:\/\/youdao.com\/w\/s","subtitle":"S Doradus","text":{"copy":"\u5251\u9c7c\u5ea7S"},"title":"\u5251\u9c7c\u5ea7S","valid":true}
{"arg":"commit","icon":{"path":"translate.png"},"quicklookurl":"http:\/\/youdao.com\/w\/commit","subtitle":"commit","text":{"copy":"\u72af,\u63d0\u4ea4,\u4ed8\u59d4\u52a8\u8bae,\u59d4\u6258"},"title":"\u72af,\u63d0\u4ea4,\u4ed8\u59d4\u52a8\u8bae,\u59d4\u6258","valid":true}
{"arg":"new","icon":{"path":"translate.png"},"quicklookurl":"http:\/\/youdao.com\/w\/new","subtitle":"new","text":{"copy":"\u65b0\u7684,\u65b0\u54c1,\u65b0\u5efa,\u5efa\u7acb\u65b0\u9879\u76ee"},"title":"\u65b0\u7684,\u65b0\u54c1,\u65b0\u5efa,\u5efa\u7acb\u65b0\u9879\u76ee","valid":true}
{"arg":"newly","icon":{"path":"translate.png"},"quicklookurl":"http:\/\/youdao.com\/w\/newly","subtitle":"newly","text":{"copy":"\u65b0\u8fd1,\u521a\u521a,\u65b0\u4e0a,\u91cd\u65b0"},"title":"\u65b0\u8fd1,\u521a\u521a,\u65b0\u4e0a,\u91cd\u65b0","valid":true}
{"arg":"cov","icon":{"path":"translate.png"},"quicklookurl":"http:\/\/youdao.com\/w\/cov","subtitle":"cov","text":{"copy":"\u534f\u65b9\u5dee\u77e9\u9635,\u75c5\u6bd2,\u53d8\u5f02\u7cfb\u6570,\u73b0\u91d1\u6ea2\u4ef7"},"title":"\u534f\u65b9\u5dee\u77e9\u9635,\u75c5\u6bd2,\u53d8\u5f02\u7cfb\u6570,\u73b0\u91d1\u6ea2\u4ef7","valid":true}
{"arg":"cover","icon":{"path":"translate.png"},"quicklookurl":"http:\/\/youdao.com\/w\/cover","subtitle":"cover","text":{"copy":"\u8986\u76d6,\u5c01\u9762,\u6db5\u76d6,\u8865\u4f4d"},"title":"\u8986\u76d6,\u5c01\u9762,\u6db5\u76d6,\u8865\u4f4d","valid":true}
{"arg":"warn","icon":{"path":"translate.png"},"quicklookurl":"http:\/\/youdao.com\/w\/warn","subtitle":"Warn","text":{"copy":"\u544a\u8beb,\u8b66\u544a,\u8b66\u60d5,\u9884\u5148\u901a\u77e5"},"title":"\u544a\u8beb,\u8b66\u544a,\u8b66\u60d5,\u9884\u5148\u901a\u77e5","valid":true}
{"arg":"total","icon":{"path":"translate.png"},"quicklookurl":"http:\/\/youdao.com\/w\/total","subtitle":"TOTAL","text":{"copy":"\u9053\u8fbe\u5c14,\u5408\u8ba1,\u603b\u6570,\u9053\u8fbe\u5c14\u516c\u53f8"},"title":"\u9053\u8fbe\u5c14,\u5408\u8ba1,\u603b\u6570,\u9053\u8fbe\u5c14\u516c\u53f8","valid":true}
{"arg":"j","icon":{"path":"translate.png"},"quicklookurl":"http:\/\/youdao.com\/w\/j","subtitle":"Mary J","text":{"copy":"\u5e03\u83b1\u59ec,\u5e03\u91cc\u59ec,\u5e03\u91cc\u5947,\u739b\u4e3d\u00b7\u5e03\u83b1\u5947"},"title":"\u5e03\u83b1\u59ec,\u5e03\u91cc\u59ec,\u5e03\u91cc\u5947,\u739b\u4e3d\u00b7\u5e03\u83b1\u5947","valid":true}
{"arg":"Continue to","icon":{"path":"translate.png"},"quicklookurl":"http:\/\/youdao.com\/w\/%E7%BB%A7%E7%BB%AD","subtitle":"\u7ee7\u7eed","text":{"copy":"continue,keep up,carry on,hold on"},"title":"continue,keep up,carry on,hold on","valid":true}
{"arg":"s","icon":{"path":"translate.png"},"quicklookurl":"http:\/\/youdao.com\/w\/s","subtitle":"S Doradus","text":{"copy":"\u5251\u9c7c\u5ea7S"},"title":"\u5251\u9c7c\u5ea7S","valid":true}
{"arg":"spike","icon":{"path":"translate.png"},"quicklookurl":"http:\/\/youdao.com\/w\/spike","subtitle":"Spike","text":{"copy":"\u6263\u7403,\u65af\u6d3e\u514b,\u523a\u7a81,\u5c16\u5cf0\u7535\u538b"},"title":"\u6263\u7403,\u65af\u6d3e\u514b,\u523a\u7a81,\u5c16\u5cf0\u7535\u538b","valid":true}
{"arg":"iri","icon":{"path":"translate.png"},"quicklookurl":"http:\/\/youdao.com\/w\/iri","subtitle":"IRI","text":{"copy":"\u4f0a\u6717,\u80f0\u5c9b\u7d20\u62b5\u6297\u6307\u6570,\u7f3a\u8840\u518d\u704c\u6ce8\u635f\u4f24,\u56fd\u9645\u5e73\u6574\u5ea6\u6307\u6570"},"title":"\u4f0a\u6717,\u80f0\u5c9b\u7d20\u62b5\u6297\u6307\u6570,\u7f3a\u8840\u518d\u704c\u6ce8\u635f\u4f24,\u56fd\u9645\u5e73\u6574\u5ea6\u6307\u6570","valid":true}
{"arg":"iri","icon":{"path":"translate.png"},"quicklookurl":"http:\/\/youdao.com\/w\/iri","subtitle":"IRI","text":{"copy":"\u4f0a\u6717,\u80f0\u5c9b\u7d20\u62b5\u6297\u6307\u6570,\u7f3a\u8840\u518d\u704c\u6ce8\u635f\u4f24,\u56fd\u9645\u5e73\u6574\u5ea6\u6307\u6570"},"title":"\u4f0a\u6717,\u80f0\u5c9b\u7d20\u62b5\u6297\u6307\u6570,\u7f3a\u8840\u518d\u704c\u6ce8\u635f\u4f24,\u56fd\u9645\u5e73\u6574\u5ea6\u6307\u6570","valid":true}
{"arg":"irinotecan","icon":{"path":"translate.png"},"quicklookurl":"http:\/\/youdao.com\/w\/irinotecan","subtitle":"Irinotecan","text":{"copy":"\u4f0a\u7acb\u66ff\u5eb7,\u4f9d\u7acb\u66ff\u5eb7,\u6cbb\u7597\u7ed3\u80a0\u764c\u65b0\u836f,\u6297\u764c\u59a5"},"title":"\u4f0a\u7acb\u66ff\u5eb7,\u4f9d\u7acb\u66ff\u5eb7,\u6cbb\u7597\u7ed3\u80a0\u764c\u65b0\u836f,\u6297\u764c\u59a5","valid":true}
{"arg":"value","icon":{"path":"translate.png"},"quicklookurl":"http:\/\/youdao.com\/w\/value","subtitle":"Value","text":{"copy":"\u503c,\u4ef7\u503c,\u6570\u503c,\u4ef7\u503c\u89c2"},"title":"\u503c,\u4ef7\u503c,\u6570\u503c,\u4ef7\u503c\u89c2","valid":true}
{"arg":"id","icon":{"path":"translate.png"},"quicklookurl":"http:\/\/youdao.com\/w\/id","subtitle":"ID","text":{"copy":"\u5185\u5f84,\u5370\u5ea6\u5c3c\u897f\u4e9a,\u70b9\u5750\u6807,\u8eab\u4efd\u53f7"},"title":"\u5185\u5f84,\u5370\u5ea6\u5c3c\u897f\u4e9a,\u70b9\u5750\u6807,\u8eab\u4efd\u53f7","valid":true}
{"arg":"i","icon":{"path":"translate.png"},"quicklookurl":"http:\/\/youdao.com\/w\/i","subtitle":"I SWEAR","text":{"copy":"\u6211\u5ba3\u8a93,\u6211\u53d1\u8a93,\u8a93\u8a00,\u6797\u5fc6\u83b2"},"title":"\u6211\u5ba3\u8a93,\u6211\u53d1\u8a93,\u8a93\u8a00,\u6797\u5fc6\u83b2","valid":true}
{"arg":"record","icon":{"path":"translate.png"},"quicklookurl":"http:\/\/youdao.com\/w\/%E8%AE%B0%E5%BD%95","subtitle":"\u8bb0\u5f55","text":{"copy":"Record,keep a record of,log,Document"},"title":"Record,keep a record of,log,Document","valid":true}
{"arg":"use","icon":{"path":"translate.png"},"quicklookurl":"http:\/\/youdao.com\/w\/use","subtitle":"use","text":{"copy":"\u4f7f\u7528,\u7528\u9014,\u5229\u7528,\u5e94\u7528"},"title":"\u4f7f\u7528,\u7528\u9014,\u5229\u7528,\u5e94\u7528","valid":true}
{"arg":"use","icon":{"path":"translate.png"},"quicklookurl":"http:\/\/youdao.com\/w\/use","subtitle":"use","text":{"copy":"\u4f7f\u7528,\u7528\u9014,\u5229\u7528,\u5e94\u7528"},"title":"\u4f7f\u7528,\u7528\u9014,\u5229\u7528,\u5e94\u7528","valid":true}
{"arg":"useable","icon":{"path":"translate.png"},"quicklookurl":"http:\/\/youdao.com\/w\/useable","subtitle":"USEABLE","text":{"copy":"\u4ee5\u7528\u8303\u56f4,\u53ef\u7528\u7684,\u4f7f\u7528,\u4fbf\u4e8e\u4f7f\u7528\u7684"},"title":"\u4ee5\u7528\u8303\u56f4,\u53ef\u7528\u7684,\u4f7f\u7528,\u4fbf\u4e8e\u4f7f\u7528\u7684","valid":true}
