{"arg":"vertical","icon":{"path":"translate.png"},"quicklookurl":"http:\/\/youdao.com\/w\/%E5%9E%82%E7%9B%B4","subtitle":"\u5782\u76f4","text":{"copy":"perpendicular,Vertical,vertical integration,apeak"},"title":"perpendicular,Vertical,vertical integration,apeak","valid":true}
{"arg":"thrid","icon":{"path":"translate.png"},"quicklookurl":"http:\/\/youdao.com\/w\/thrid","subtitle":"thrid","text":{"copy":"\u7b2c\u4e09"},"title":"\u7b2c\u4e09","valid":true}
{"arg":"pea","icon":{"path":"translate.png"},"quicklookurl":"http:\/\/youdao.com\/w\/pea","subtitle":"pea","text":{"copy":"\u8c4c\u8c46,\u82ef\u57fa\u4e59\u80fa,\u5c0f\u8c4c\u8c46,\u82ef\u4e59\u80fa"},"title":"\u8c4c\u8c46,\u82ef\u57fa\u4e59\u80fa,\u5c0f\u8c4c\u8c46,\u82ef\u4e59\u80fa","valid":true}
{"arg":"peace","icon":{"path":"translate.png"},"quicklookurl":"http:\/\/youdao.com\/w\/peace","subtitle":"peace","text":{"copy":"\u548c\u5e73,\u5b89\u5b81,\u5e73\u9759,\u5b81\u9759"},"title":"\u548c\u5e73,\u5b89\u5b81,\u5e73\u9759,\u5b81\u9759","valid":true}
{"arg":"L","icon":{"path":"translate.png"},"quicklookurl":"http:\/\/youdao.com\/w\/L","subtitle":"L chondrite","text":{"copy":"L\u7403\u7c92\u9668\u77f3"},"title":"L\u7403\u7c92\u9668\u77f3","valid":true}
{"arg":"L","icon":{"path":"translate.png"},"quicklookurl":"http:\/\/youdao.com\/w\/L","subtitle":"L chondrite","text":{"copy":"L\u7403\u7c92\u9668\u77f3"},"title":"L\u7403\u7c92\u9668\u77f3","valid":true}
{"arg":"l","icon":{"path":"translate.png"},"quicklookurl":"http:\/\/youdao.com\/w\/l","subtitle":"L chondrite","text":{"copy":"L\u7403\u7c92\u9668\u77f3"},"title":"L\u7403\u7c92\u9668\u77f3","valid":true}
{"arg":"Gift bag","icon":{"path":"translate.png"},"quicklookurl":"http:\/\/youdao.com\/w\/%E7%A4%BC%E5%8C%85","subtitle":"\u793c\u5305","text":{"copy":"KAC,OEM,dnf cdkey,cf"},"title":"KAC,OEM,dnf cdkey,cf","valid":true}
{"arg":"Unresolved reference","icon":{"path":"translate.png"},"quicklookurl":"http:\/\/youdao.com\/w\/Unresolved+reference","subtitle":"unresolved reference","text":{"copy":"\u672a\u89e3\u51b3\u53c2\u8003"},"title":"\u672a\u89e3\u51b3\u53c2\u8003","valid":true}
{"arg":"Gift bag","icon":{"path":"translate.png"},"quicklookurl":"http:\/\/youdao.com\/w\/%E7%A4%BC%E5%8C%85","subtitle":"\u793c\u5305","text":{"copy":"KAC,OEM,dnf cdkey,cf"},"title":"KAC,OEM,dnf cdkey,cf","valid":true}
{"arg":"material","icon":{"path":"translate.png"},"quicklookurl":"http:\/\/youdao.com\/w\/%E7%B4%A0%E6%9D%90","subtitle":"\u7d20\u6750","text":{"copy":"CDR,PSD,png,Materials"},"title":"CDR,PSD,png,Materials","valid":true}
{"arg":"warn","icon":{"path":"translate.png"},"quicklookurl":"http:\/\/youdao.com\/w\/warn","subtitle":"Warn","text":{"copy":"\u544a\u8beb,\u8b66\u544a,\u8b66\u60d5,\u9884\u5148\u901a\u77e5"},"title":"\u544a\u8beb,\u8b66\u544a,\u8b66\u60d5,\u9884\u5148\u901a\u77e5","valid":true}
{"arg":"w","icon":{"path":"translate.png"},"quicklookurl":"http:\/\/youdao.com\/w\/w","subtitle":"Austin W","text":{"copy":"\u60e0\u5929\u8d50,\u5965\u65af\u6c40\u00b7\u6c83\u4f26"},"title":"\u60e0\u5929\u8d50,\u5965\u65af\u6c40\u00b7\u6c83\u4f26","valid":true}
{"arg":"make","icon":{"path":"translate.png"},"quicklookurl":"http:\/\/youdao.com\/w\/%E8%B5%9A","subtitle":"\u8d5a","text":{"copy":"earn,bring in"},"title":"earn,bring in","valid":true}
{"arg":"sta","icon":{"path":"translate.png"},"quicklookurl":"http:\/\/youdao.com\/w\/sta","subtitle":"Sta freeford","text":{"copy":"\u65af\u5766\u798f,\u65af\u5766\u798f\u5927\u5b66"},"title":"\u65af\u5766\u798f,\u65af\u5766\u798f\u5927\u5b66","valid":true}
{"arg":"state","icon":{"path":"translate.png"},"quicklookurl":"http:\/\/youdao.com\/w\/state","subtitle":"state","text":{"copy":"\u72b6\u6001,\u56fd\u5bb6,\u5dde,\u6001"},"title":"\u72b6\u6001,\u56fd\u5bb6,\u5dde,\u6001","valid":true}
{"arg":"sta","icon":{"path":"translate.png"},"quicklookurl":"http:\/\/youdao.com\/w\/sta","subtitle":"Sta freeford","text":{"copy":"\u65af\u5766\u798f,\u65af\u5766\u798f\u5927\u5b66"},"title":"\u65af\u5766\u798f,\u65af\u5766\u798f\u5927\u5b66","valid":true}
{"arg":"staday","icon":{"path":"translate.png"},"quicklookurl":"http:\/\/youdao.com\/w\/staday","subtitle":"STADAY","text":{"copy":"\u661f\u671f\u516d"},"title":"\u661f\u671f\u516d","valid":true}
{"arg":"ass","icon":{"path":"translate.png"},"quicklookurl":"http:\/\/youdao.com\/w\/ass","subtitle":"jenny ass","text":{"copy":"\u96cc\u9a74"},"title":"\u96cc\u9a74","valid":true}
{"arg":"asss","icon":{"path":"translate.png"},"quicklookurl":"http:\/\/youdao.com\/w\/asss","subtitle":"asss dsag","text":{"copy":"\u59d3\u540d"},"title":"\u59d3\u540d","valid":true}
{"arg":"ass","icon":{"path":"translate.png"},"quicklookurl":"http:\/\/youdao.com\/w\/ass","subtitle":"jenny ass","text":{"copy":"\u96cc\u9a74"},"title":"\u96cc\u9a74","valid":true}
{"arg":"assem","icon":{"path":"translate.png"},"quicklookurl":"http:\/\/youdao.com\/w\/assem","subtitle":"ASSEM","text":{"copy":"\u7ec4\u4ef6,\u96c6\u7ed3\u53f7,\u7ec4\u88c5\u5de5\u7a0b\u5e08"},"title":"\u7ec4\u4ef6,\u96c6\u7ed3\u53f7,\u7ec4\u88c5\u5de5\u7a0b\u5e08","valid":true}
{"arg":"assemble","icon":{"path":"translate.png"},"quicklookurl":"http:\/\/youdao.com\/w\/assemble","subtitle":"assemble","text":{"copy":"\u88c5\u914d,\u805a\u96c6,\u6536\u96c6"},"title":"\u88c5\u914d,\u805a\u96c6,\u6536\u96c6","valid":true}
{"arg":"assembl","icon":{"path":"translate.png"},"quicklookurl":"http:\/\/youdao.com\/w\/assembl","subtitle":"Assembl","text":{"copy":"\u88c5\u914d\u6280\u672f\u5458,\u88c5\u914d,\u6b63\u5728\u7ffb\u8bd1"},"title":"\u88c5\u914d\u6280\u672f\u5458,\u88c5\u914d,\u6b63\u5728\u7ffb\u8bd1","valid":true}
{"arg":"co","icon":{"path":"translate.png"},"quicklookurl":"http:\/\/youdao.com\/w\/co","subtitle":"CO","text":{"copy":"\u4e00\u6c27\u5316\u78b3,\u4e00\u6c27\u5316\u78b3(Carbonic Oxide),\u590d\u5236,\u54e5\u4f26\u6bd4\u4e9a"},"title":"\u4e00\u6c27\u5316\u78b3,\u4e00\u6c27\u5316\u78b3(Carbonic Oxide),\u590d\u5236,\u54e5\u4f26\u6bd4\u4e9a","valid":true}
{"arg":"cov","icon":{"path":"translate.png"},"quicklookurl":"http:\/\/youdao.com\/w\/cov","subtitle":"cov","text":{"copy":"\u534f\u65b9\u5dee\u77e9\u9635,\u75c5\u6bd2,\u53d8\u5f02\u7cfb\u6570"},"title":"\u534f\u65b9\u5dee\u77e9\u9635,\u75c5\u6bd2,\u53d8\u5f02\u7cfb\u6570","valid":true}
{"arg":"cove","icon":{"path":"translate.png"},"quicklookurl":"http:\/\/youdao.com\/w\/cove","subtitle":"Plover Cove","text":{"copy":"\u8239\u6e7e\u6d77"},"title":"\u8239\u6e7e\u6d77","valid":true}
{"arg":"coverage","icon":{"path":"translate.png"},"quicklookurl":"http:\/\/youdao.com\/w\/coverage","subtitle":"special coverage","text":{"copy":"\u4e13\u9898\u62a5\u9053,\u4e13\u9898\u9053,\u7279\u522b\u7b56\u5212,\u4e13\u9898"},"title":"\u4e13\u9898\u62a5\u9053,\u4e13\u9898\u9053,\u7279\u522b\u7b56\u5212,\u4e13\u9898","valid":true}
