{"arg":"gui","icon":{"path":"translate.png"},"quicklookurl":"http:\/\/youdao.com\/w\/gui","subtitle":"GUI","text":{"copy":"\u56fe\u5f62\u7528\u6237\u754c\u9762,\u56fe\u5f62\u754c\u9762,\u51e0\u5185\u4e9a,\u56fe\u5f62\u4ecb\u9762"},"title":"\u56fe\u5f62\u7528\u6237\u754c\u9762,\u56fe\u5f62\u754c\u9762,\u51e0\u5185\u4e9a,\u56fe\u5f62\u4ecb\u9762","valid":true}
{"arg":"g","icon":{"path":"translate.png"},"quicklookurl":"http:\/\/youdao.com\/w\/g","subtitle":"G major","text":{"copy":"G\u5927\u8c03,\u594f\u9e23\u66f2,\u5927\u8c03"},"title":"G\u5927\u8c03,\u594f\u9e23\u66f2,\u5927\u8c03","valid":true}
{"arg":"specifications","icon":{"path":"translate.png"},"quicklookurl":"http:\/\/youdao.com\/w\/%E8%A7%84%E6%A0%BC","subtitle":"\u89c4\u683c","text":{"copy":"Specification,SIZE,SPEC,standard"},"title":"Specification,SIZE,SPEC,standard","valid":true}
{"arg":"On Thursday,","icon":{"path":"translate.png"},"quicklookurl":"http:\/\/youdao.com\/w\/%E6%98%9F%E6%9C%9F%E5%9B%9B","subtitle":"\u661f\u671f\u56db","text":{"copy":"Thursday,Thu,jeudi,Thur"},"title":"Thursday,Thu,jeudi,Thur","valid":true}
{"arg":"week","icon":{"path":"translate.png"},"quicklookurl":"http:\/\/youdao.com\/w\/%E6%98%9F%E6%9C%9F","subtitle":"\u661f\u671f","text":{"copy":"Week,Days of the week,watt,width"},"title":"Week,Days of the week,watt,width","valid":true}
{"arg":"On Wednesday,","icon":{"path":"translate.png"},"quicklookurl":"http:\/\/youdao.com\/w\/%E6%98%9F%E6%9C%9F%E4%B8%89","subtitle":"\u661f\u671f\u4e09","text":{"copy":"Wednesday,WED,mercoled,Mittwoch"},"title":"Wednesday,WED,mercoled,Mittwoch","valid":true}
{"arg":"The delivery","icon":{"path":"translate.png"},"quicklookurl":"http:\/\/youdao.com\/w\/%E5%8F%91%E8%B4%A7","subtitle":"\u53d1\u8d27","text":{"copy":"Send out,Making a Delivery,Shipping,Sipping"},"title":"Send out,Making a Delivery,Shipping,Sipping","valid":true}
{"arg":"be","icon":{"path":"translate.png"},"quicklookurl":"http:\/\/youdao.com\/w\/be","subtitle":"BE","text":{"copy":"\u6bd4\u5229\u65f6,\u4e19\u70ef\u9178\u4e73\u80f6\u5916\u5899\u6d82\u6599,\u94cd,\u78b1\u5269\u4f59"},"title":"\u6bd4\u5229\u65f6,\u4e19\u70ef\u9178\u4e73\u80f6\u5916\u5899\u6d82\u6599,\u94cd,\u78b1\u5269\u4f59","valid":true}
{"arg":"before","icon":{"path":"translate.png"},"quicklookurl":"http:\/\/youdao.com\/w\/before","subtitle":"Before","text":{"copy":"\u4e4b\u524d,\u4e4b,\u4ee5\u524d,\u8d5b\u524d"},"title":"\u4e4b\u524d,\u4e4b,\u4ee5\u524d,\u8d5b\u524d","valid":true}
{"arg":"hair","icon":{"path":"translate.png"},"quicklookurl":"http:\/\/youdao.com\/w\/%E5%8F%91","subtitle":"\u53d1","text":{"copy":"Hair,Fa of Xia,launch,come out"},"title":"Hair,Fa of Xia,launch,come out","valid":true}
{"arg":"r","icon":{"path":"translate.png"},"quicklookurl":"http:\/\/youdao.com\/w\/r","subtitle":"R rotunda","text":{"copy":"\u534ar"},"title":"\u534ar","valid":true}
{"arg":"s","icon":{"path":"translate.png"},"quicklookurl":"http:\/\/youdao.com\/w\/s","subtitle":"S Doradus","text":{"copy":"\u5251\u9c7c\u5ea7S"},"title":"\u5251\u9c7c\u5ea7S","valid":true}
{"arg":"closed","icon":{"path":"translate.png"},"quicklookurl":"http:\/\/youdao.com\/w\/%E6%94%B6","subtitle":"\u6536","text":{"copy":"My Links,get in,draw in,collect"},"title":"My Links,get in,draw in,collect","valid":true}
{"arg":"comm","icon":{"path":"translate.png"},"quicklookurl":"http:\/\/youdao.com\/w\/comm","subtitle":"COMM","text":{"copy":"\u5546\u54c1,\u901a\u4fe1,\u4ea4\u901a,\u4f63\u91d1"},"title":"\u5546\u54c1,\u901a\u4fe1,\u4ea4\u901a,\u4f63\u91d1","valid":true}
{"arg":"comm","icon":{"path":"translate.png"},"quicklookurl":"http:\/\/youdao.com\/w\/comm","subtitle":"COMM","text":{"copy":"\u5546\u54c1,\u901a\u4fe1,\u4ea4\u901a,\u4f63\u91d1"},"title":"\u5546\u54c1,\u901a\u4fe1,\u4ea4\u901a,\u4f63\u91d1","valid":true}
{"arg":"command","icon":{"path":"translate.png"},"quicklookurl":"http:\/\/youdao.com\/w\/command","subtitle":"command","text":{"copy":"\u547d\u4ee4,\u6307\u4ee4,\u6307\u6325,\u547d\u4ee4\u6a21\u5f0f"},"title":"\u547d\u4ee4,\u6307\u4ee4,\u6307\u6325,\u547d\u4ee4\u6a21\u5f0f","valid":true}
{"arg":"comman","icon":{"path":"translate.png"},"quicklookurl":"http:\/\/youdao.com\/w\/comman","subtitle":"comman","text":{"copy":"\u53ea\u6709\u666e\u901a,\u666e\u901a\u578b,\u53ef\u4ee5\u4efb\u610f,\u6307\u5b9a\u76ee\u6807\u7cfb\u7edf\u7684"},"title":"\u53ea\u6709\u666e\u901a,\u666e\u901a\u578b,\u53ef\u4ee5\u4efb\u610f,\u6307\u5b9a\u76ee\u6807\u7cfb\u7edf\u7684","valid":true}
{"arg":"c","icon":{"path":"translate.png"},"quicklookurl":"http:\/\/youdao.com\/w\/c","subtitle":"C battery","text":{"copy":"\u4e19\u7535\u6c60\u7ec4,\u6805\u504f\u538b\u7535\u6c60,\u68da\u6781\u7535\u6c60\u7ec4,\u6805\u6781\u7535\u6c60\u7ec4"},"title":"\u4e19\u7535\u6c60\u7ec4,\u6805\u504f\u538b\u7535\u6c60,\u68da\u6781\u7535\u6c60\u7ec4,\u6805\u6781\u7535\u6c60\u7ec4","valid":true}
{"arg":"evaluation","icon":{"path":"translate.png"},"quicklookurl":"http:\/\/youdao.com\/w\/%E8%AF%84%E4%BB%B7","subtitle":"\u8bc4\u4ef7","text":{"copy":"Evaluate,evaluation,appraisal,assessment"},"title":"Evaluate,evaluation,appraisal,assessment","valid":true}
{"arg":"Evaluation of","icon":{"path":"translate.png"},"quicklookurl":"http:\/\/youdao.com\/w\/%E8%AF%84","subtitle":"\u8bc4","text":{"copy":"evaluation,Appraisal,None,Review"},"title":"evaluation,Appraisal,None,Review","valid":true}
{"arg":"comman","icon":{"path":"translate.png"},"quicklookurl":"http:\/\/youdao.com\/w\/comman","subtitle":"comman","text":{"copy":"\u53ea\u6709\u666e\u901a,\u666e\u901a\u578b,\u53ef\u4ee5\u4efb\u610f,\u6307\u5b9a\u76ee\u6807\u7cfb\u7edf\u7684"},"title":"\u53ea\u6709\u666e\u901a,\u666e\u901a\u578b,\u53ef\u4ee5\u4efb\u610f,\u6307\u5b9a\u76ee\u6807\u7cfb\u7edf\u7684","valid":true}
{"arg":"c","icon":{"path":"translate.png"},"quicklookurl":"http:\/\/youdao.com\/w\/c","subtitle":"C battery","text":{"copy":"\u4e19\u7535\u6c60\u7ec4,\u6805\u504f\u538b\u7535\u6c60,\u68da\u6781\u7535\u6c60\u7ec4,\u6805\u6781\u7535\u6c60\u7ec4"},"title":"\u4e19\u7535\u6c60\u7ec4,\u6805\u504f\u538b\u7535\u6c60,\u68da\u6781\u7535\u6c60\u7ec4,\u6805\u6781\u7535\u6c60\u7ec4","valid":true}
{"arg":"discuss","icon":{"path":"translate.png"},"quicklookurl":"http:\/\/youdao.com\/w\/%E8%AE%A8%E8%AE%BA","subtitle":"\u8ba8\u8bba","text":{"copy":"Discuss,debate,Discussion,conference"},"title":"Discuss,debate,Discussion,conference","valid":true}
{"arg":"please","icon":{"path":"translate.png"},"quicklookurl":"http:\/\/youdao.com\/w\/%E8%AE%A8","subtitle":"\u8ba8","text":{"copy":"Discussion,RAIN Lounge,yuck,haggle"},"title":"Discussion,RAIN Lounge,yuck,haggle","valid":true}
{"arg":"c","icon":{"path":"translate.png"},"quicklookurl":"http:\/\/youdao.com\/w\/c","subtitle":"C battery","text":{"copy":"\u4e19\u7535\u6c60\u7ec4,\u6805\u504f\u538b\u7535\u6c60,\u68da\u6781\u7535\u6c60\u7ec4,\u6805\u6781\u7535\u6c60\u7ec4"},"title":"\u4e19\u7535\u6c60\u7ec4,\u6805\u504f\u538b\u7535\u6c60,\u68da\u6781\u7535\u6c60\u7ec4,\u6805\u6781\u7535\u6c60\u7ec4","valid":true}
{"arg":"comm","icon":{"path":"translate.png"},"quicklookurl":"http:\/\/youdao.com\/w\/comm","subtitle":"COMM","text":{"copy":"\u5546\u54c1,\u901a\u4fe1,\u4ea4\u901a,\u4f63\u91d1"},"title":"\u5546\u54c1,\u901a\u4fe1,\u4ea4\u901a,\u4f63\u91d1","valid":true}
{"arg":"c","icon":{"path":"translate.png"},"quicklookurl":"http:\/\/youdao.com\/w\/c","subtitle":"C battery","text":{"copy":"\u4e19\u7535\u6c60\u7ec4,\u6805\u504f\u538b\u7535\u6c60,\u68da\u6781\u7535\u6c60\u7ec4,\u6805\u6781\u7535\u6c60\u7ec4"},"title":"\u4e19\u7535\u6c60\u7ec4,\u6805\u504f\u538b\u7535\u6c60,\u68da\u6781\u7535\u6c60\u7ec4,\u6805\u6781\u7535\u6c60\u7ec4","valid":true}
{"arg":"c","icon":{"path":"translate.png"},"quicklookurl":"http:\/\/youdao.com\/w\/c","subtitle":"C battery","text":{"copy":"\u4e19\u7535\u6c60\u7ec4,\u6805\u504f\u538b\u7535\u6c60,\u68da\u6781\u7535\u6c60\u7ec4,\u6805\u6781\u7535\u6c60\u7ec4"},"title":"\u4e19\u7535\u6c60\u7ec4,\u6805\u504f\u538b\u7535\u6c60,\u68da\u6781\u7535\u6c60\u7ec4,\u6805\u6781\u7535\u6c60\u7ec4","valid":true}
{"arg":"command","icon":{"path":"translate.png"},"quicklookurl":"http:\/\/youdao.com\/w\/command","subtitle":"command","text":{"copy":"\u547d\u4ee4,\u6307\u4ee4,\u6307\u6325,\u547d\u4ee4\u6a21\u5f0f"},"title":"\u547d\u4ee4,\u6307\u4ee4,\u6307\u6325,\u547d\u4ee4\u6a21\u5f0f","valid":true}
{"arg":"comments","icon":{"path":"translate.png"},"quicklookurl":"http:\/\/youdao.com\/w\/comments","subtitle":"Comments","text":{"copy":"\u6ce8\u91ca,\u6700\u65b0\u8bc4\u8bba,\u8bc4\u8bba,\u70b9\u8bc4"},"title":"\u6ce8\u91ca,\u6700\u65b0\u8bc4\u8bba,\u8bc4\u8bba,\u70b9\u8bc4","valid":true}
{"arg":"appearance","icon":{"path":"translate.png"},"quicklookurl":"http:\/\/youdao.com\/w\/%E5%A4%96%E8%A1%A8","subtitle":"\u5916\u8868","text":{"copy":"appearance,surface,aspect,Outside"},"title":"appearance,surface,aspect,Outside","valid":true}
{"arg":"x","icon":{"path":"translate.png"},"quicklookurl":"http:\/\/youdao.com\/w\/x","subtitle":"Leo X","text":{"copy":"\u5229\u5965\u5341\u4e16,\u5965\u5341\u4e16,\u6b27\u5341\u4e16,\u5217\u5965\u5341\u4e16"},"title":"\u5229\u5965\u5341\u4e16,\u5965\u5341\u4e16,\u6b27\u5341\u4e16,\u5217\u5965\u5341\u4e16","valid":true}
{"arg":"character","icon":{"path":"translate.png"},"quicklookurl":"http:\/\/youdao.com\/w\/%E6%80%A7%E6%A0%BC","subtitle":"\u6027\u683c","text":{"copy":"personality,Character,disposition,character structure"},"title":"personality,Character,disposition,character structure","valid":true}
{"arg":"Redeclaration","icon":{"path":"translate.png"},"quicklookurl":"http:\/\/youdao.com\/w\/Redeclaration","subtitle":"Redeclaration","text":{"copy":"\u91cd\u58f0\u660e"},"title":"\u91cd\u58f0\u660e","valid":true}
{"arg":"ensure","icon":{"path":"translate.png"},"quicklookurl":"http:\/\/youdao.com\/w\/ensure","subtitle":"Ensure","text":{"copy":"\u786e\u4fdd,\u4fdd\u8bc1,\u62c5\u4fdd,\u4fdd\u62a4"},"title":"\u786e\u4fdd,\u4fdd\u8bc1,\u62c5\u4fdd,\u4fdd\u62a4","valid":true}
{"arg":"confirm","icon":{"path":"translate.png"},"quicklookurl":"http:\/\/youdao.com\/w\/%E7%A1%AE%E8%AE%A4","subtitle":"\u786e\u8ba4","text":{"copy":"Confirm,confirmation,Validation,Ack"},"title":"Confirm,confirmation,Validation,Ack","valid":true}
{"arg":"w","icon":{"path":"translate.png"},"quicklookurl":"http:\/\/youdao.com\/w\/w","subtitle":"George W","text":{"copy":"\u5c0f\u5e03\u4ec0,\u98ce\u4e91\u4f20\u5947"},"title":"\u5c0f\u5e03\u4ec0,\u98ce\u4e91\u4f20\u5947","valid":true}
{"arg":"logistics","icon":{"path":"translate.png"},"quicklookurl":"http:\/\/youdao.com\/w\/%E7%89%A9%E6%B5%81","subtitle":"\u7269\u6d41","text":{"copy":"Logistics,Physical Distribution,material flow,Transportation and Logistics"},"title":"Logistics,Physical Distribution,material flow,Transportation and Logistics","valid":true}
{"arg":"except","icon":{"path":"translate.png"},"quicklookurl":"http:\/\/youdao.com\/w\/except","subtitle":"Except","text":{"copy":"\u9664\u5916,\u9664,\u9664\u53bb,\u514d\u9664"},"title":"\u9664\u5916,\u9664,\u9664\u53bb,\u514d\u9664","valid":true}
{"arg":"wed","icon":{"path":"translate.png"},"quicklookurl":"http:\/\/youdao.com\/w\/wed","subtitle":"WED","text":{"copy":"\u661f\u671f\u4e09(W E Dnesday),\u5468\u4e09,\u5f00\u822a\u65e5\u671f,\u7ed3\u5a5a"},"title":"\u661f\u671f\u4e09(W E Dnesday),\u5468\u4e09,\u5f00\u822a\u65e5\u671f,\u7ed3\u5a5a","valid":true}
{"arg":"w","icon":{"path":"translate.png"},"quicklookurl":"http:\/\/youdao.com\/w\/w","subtitle":"George W","text":{"copy":"\u5c0f\u5e03\u4ec0,\u98ce\u4e91\u4f20\u5947"},"title":"\u5c0f\u5e03\u4ec0,\u98ce\u4e91\u4f20\u5947","valid":true}
{"arg":"On Wednesday,","icon":{"path":"translate.png"},"quicklookurl":"http:\/\/youdao.com\/w\/%E6%98%9F%E6%9C%9F%E4%B8%89","subtitle":"\u661f\u671f\u4e09","text":{"copy":"Wednesday,WED,mercoled,Mittwoch"},"title":"Wednesday,WED,mercoled,Mittwoch","valid":true}
{"arg":"On Wednesday,","icon":{"path":"translate.png"},"quicklookurl":"http:\/\/youdao.com\/w\/%E6%98%9F%E6%9C%9F%E4%B8%89","subtitle":"\u661f\u671f\u4e09","text":{"copy":"Wednesday,WED,mercoled,Mittwoch"},"title":"Wednesday,WED,mercoled,Mittwoch","valid":true}
{"arg":"week","icon":{"path":"translate.png"},"quicklookurl":"http:\/\/youdao.com\/w\/%E6%98%9F%E6%9C%9F","subtitle":"\u661f\u671f","text":{"copy":"Week,Days of the week,watt,width"},"title":"Week,Days of the week,watt,width","valid":true}
{"arg":"On Thursday,","icon":{"path":"translate.png"},"quicklookurl":"http:\/\/youdao.com\/w\/%E6%98%9F%E6%9C%9F%E5%9B%9B","subtitle":"\u661f\u671f\u56db","text":{"copy":"Thursday,Thu,jeudi,Thur"},"title":"Thursday,Thu,jeudi,Thur","valid":true}
{"arg":"seri","icon":{"path":"translate.png"},"quicklookurl":"http:\/\/youdao.com\/w\/seri","subtitle":"SERI","text":{"copy":"\u4e09\u661f\u7ecf\u6d4e\u7814\u7a76\u6240,\u4e09\u661f\u7ecf\u6d4e\u7814\u7a76\u9662,\u592a\u9633\u80fd\u7814\u7a76\u6240,\u7814\u7a76\u6240"},"title":"\u4e09\u661f\u7ecf\u6d4e\u7814\u7a76\u6240,\u4e09\u661f\u7ecf\u6d4e\u7814\u7a76\u9662,\u592a\u9633\u80fd\u7814\u7a76\u6240,\u7814\u7a76\u6240","valid":true}
{"arg":"series","icon":{"path":"translate.png"},"quicklookurl":"http:\/\/youdao.com\/w\/series","subtitle":"series","text":{"copy":"\u7cfb\u5217,\u7ea7\u6570,\u8fde\u7eed,\u4e32\u52b1"},"title":"\u7cfb\u5217,\u7ea7\u6570,\u8fde\u7eed,\u4e32\u52b1","valid":true}
{"arg":"The amount of","icon":{"path":"translate.png"},"quicklookurl":"http:\/\/youdao.com\/w\/%E9%87%91%E9%A2%9D","subtitle":"\u91d1\u989d","text":{"copy":"Amount,sum,AMT Amount,AMT"},"title":"Amount,sum,AMT Amount,AMT","valid":true}
{"arg":"A refund","icon":{"path":"translate.png"},"quicklookurl":"http:\/\/youdao.com\/w\/%E9%80%80%E6%AC%BE","subtitle":"\u9000\u6b3e","text":{"copy":"Refund,drawback,rebate,reimburse"},"title":"Refund,drawback,rebate,reimburse","valid":true}
{"arg":"re","icon":{"path":"translate.png"},"quicklookurl":"http:\/\/youdao.com\/w\/re","subtitle":"RE","text":{"copy":"\u6a61\u80f6\u7c98\u5408\u5242,\u7559\u5c3c\u6c6a,\u9006\u5411\u5de5\u7a0b,\u96f7\u8bfa\u6570"},"title":"\u6a61\u80f6\u7c98\u5408\u5242,\u7559\u5c3c\u6c6a,\u9006\u5411\u5de5\u7a0b,\u96f7\u8bfa\u6570","valid":true}
{"arg":"refund","icon":{"path":"translate.png"},"quicklookurl":"http:\/\/youdao.com\/w\/refund","subtitle":"Refund","text":{"copy":"\u9000\u6b3e,\u9000\u8fd8,\u9000\u94b1,\u9000\u7968"},"title":"\u9000\u6b3e,\u9000\u8fd8,\u9000\u94b1,\u9000\u7968","valid":true}
{"arg":"label","icon":{"path":"translate.png"},"quicklookurl":"http:\/\/youdao.com\/w\/label","subtitle":"label","text":{"copy":"\u6807\u8bb0,\u6807\u7b7e,\u6807\u53f7,\u79f0\u53f7"},"title":"\u6807\u8bb0,\u6807\u7b7e,\u6807\u53f7,\u79f0\u53f7","valid":true}
{"arg":"re","icon":{"path":"translate.png"},"quicklookurl":"http:\/\/youdao.com\/w\/re","subtitle":"RE","text":{"copy":"\u6a61\u80f6\u7c98\u5408\u5242,\u7559\u5c3c\u6c6a,\u9006\u5411\u5de5\u7a0b,\u96f7\u8bfa\u6570"},"title":"\u6a61\u80f6\u7c98\u5408\u5242,\u7559\u5c3c\u6c6a,\u9006\u5411\u5de5\u7a0b,\u96f7\u8bfa\u6570","valid":true}
{"arg":"r","icon":{"path":"translate.png"},"quicklookurl":"http:\/\/youdao.com\/w\/r","subtitle":"R rotunda","text":{"copy":"\u534ar"},"title":"\u534ar","valid":true}
{"arg":"yuan","icon":{"path":"translate.png"},"quicklookurl":"http:\/\/youdao.com\/w\/yuan","subtitle":"Yuan","text":{"copy":"\u4eba\u6c11\u5e01,\u8881\u59d3,\u5c0f\u5f71\u9738,\u94c1\u7a97\u6cea"},"title":"\u4eba\u6c11\u5e01,\u8881\u59d3,\u5c0f\u5f71\u9738,\u94c1\u7a97\u6cea","valid":true}
{"arg":"why","icon":{"path":"translate.png"},"quicklookurl":"http:\/\/youdao.com\/w\/%E5%8E%9F%E5%9B%A0","subtitle":"\u539f\u56e0","text":{"copy":"Reason,cause,Why,account"},"title":"Reason,cause,Why,account","valid":true}
{"arg":"The delivery","icon":{"path":"translate.png"},"quicklookurl":"http:\/\/youdao.com\/w\/%E5%8F%91%E8%B4%A7","subtitle":"\u53d1\u8d27","text":{"copy":"Send out,Making a Delivery,Shipping,Sipping"},"title":"Send out,Making a Delivery,Shipping,Sipping","valid":true}
{"arg":"hair","icon":{"path":"translate.png"},"quicklookurl":"http:\/\/youdao.com\/w\/%E5%8F%91","subtitle":"\u53d1","text":{"copy":"Hair,Fa of Xia,launch,come out"},"title":"Hair,Fa of Xia,launch,come out","valid":true}
{"arg":"r","icon":{"path":"translate.png"},"quicklookurl":"http:\/\/youdao.com\/w\/r","subtitle":"R rotunda","text":{"copy":"\u534ar"},"title":"\u534ar","valid":true}
{"arg":"quo","icon":{"path":"translate.png"},"quicklookurl":"http:\/\/youdao.com\/w\/quo","subtitle":"Quo","text":{"copy":"\u65b0\u63a2\u7d22,\u5229\u56fd,\u5199\u771f,\u6ee1\u8db3\u73b0\u72b6"},"title":"\u65b0\u63a2\u7d22,\u5229\u56fd,\u5199\u771f,\u6ee1\u8db3\u73b0\u72b6","valid":true}
{"arg":"quote","icon":{"path":"translate.png"},"quicklookurl":"http:\/\/youdao.com\/w\/quote","subtitle":"Quote","text":{"copy":"\u62a5\u4ef7,\u5f15\u7528,\u5f15\u6587,\u5f00\u4ef7"},"title":"\u62a5\u4ef7,\u5f15\u7528,\u5f15\u6587,\u5f00\u4ef7","valid":true}
{"arg":"double","icon":{"path":"translate.png"},"quicklookurl":"http:\/\/youdao.com\/w\/double","subtitle":"double","text":{"copy":"\u52a0\u500d,\u53cc\u7ebf,\u4e24\u53cc,\u53cc\u6599\u51a0\u519b"},"title":"\u52a0\u500d,\u53cc\u7ebf,\u4e24\u53cc,\u53cc\u6599\u51a0\u519b","valid":true}
{"arg":"On Tuesday,","icon":{"path":"translate.png"},"quicklookurl":"http:\/\/youdao.com\/w\/%E6%98%9F%E6%9C%9F%E4%BA%8C","subtitle":"\u661f\u671f\u4e8c","text":{"copy":"Tuesday,Tue,marted,Dienstag"},"title":"Tuesday,Tue,marted,Dienstag","valid":true}
{"arg":"trans","icon":{"path":"translate.png"},"quicklookurl":"http:\/\/youdao.com\/w\/trans","subtitle":"Trans","text":{"copy":"\u7279\u6717,\u53d8\u538b\u5668,\u53cd\u5f0f,\u6a2a\u8fc7"},"title":"\u7279\u6717,\u53d8\u538b\u5668,\u53cd\u5f0f,\u6a2a\u8fc7","valid":true}
{"arg":"car","icon":{"path":"translate.png"},"quicklookurl":"http:\/\/youdao.com\/w\/car","subtitle":"Car","text":{"copy":"\u6c7d\u8f66,\u5c0f\u6c7d\u8f66,\u8f66,\u8f7d\u5ba2\u6c7d\u8f66"},"title":"\u6c7d\u8f66,\u5c0f\u6c7d\u8f66,\u8f66,\u8f7d\u5ba2\u6c7d\u8f66","valid":true}
{"arg":"carton","icon":{"path":"translate.png"},"quicklookurl":"http:\/\/youdao.com\/w\/carton","subtitle":"carton","text":{"copy":"\u7eb8\u7bb1,\u7eb8\u677f\u7bb1,\u5361\u7247\u7eb8,\u7eb8\u76d2"},"title":"\u7eb8\u7bb1,\u7eb8\u677f\u7bb1,\u5361\u7247\u7eb8,\u7eb8\u76d2","valid":true}
{"arg":"carto","icon":{"path":"translate.png"},"quicklookurl":"http:\/\/youdao.com\/w\/carto","subtitle":"CARTO","text":{"copy":"\u4e09\u7ef4\u7535\u89e3\u5256\u6807\u6d4b\u7cfb\u7edf,\u4e09\u7ef4\u6807\u6d4b\u7cfb\u7edf,\u4e09\u7ef4\u7535\u89e3\u5256\u6807\u6d4b,\u4e09\u7ef4\u6807\u6d4b"},"title":"\u4e09\u7ef4\u7535\u89e3\u5256\u6807\u6d4b\u7cfb\u7edf,\u4e09\u7ef4\u6807\u6d4b\u7cfb\u7edf,\u4e09\u7ef4\u7535\u89e3\u5256\u6807\u6d4b,\u4e09\u7ef4\u6807\u6d4b","valid":true}
{"arg":"On Wednesday,","icon":{"path":"translate.png"},"quicklookurl":"http:\/\/youdao.com\/w\/%E6%98%9F%E6%9C%9F%E4%B8%89","subtitle":"\u661f\u671f\u4e09","text":{"copy":"Wednesday,WED,mercoled,Mittwoch"},"title":"Wednesday,WED,mercoled,Mittwoch","valid":true}
{"arg":"logistics","icon":{"path":"translate.png"},"quicklookurl":"http:\/\/youdao.com\/w\/%E7%89%A9%E6%B5%81","subtitle":"\u7269\u6d41","text":{"copy":"Logistics,Physical Distribution,material flow,Transportation and Logistics"},"title":"Logistics,Physical Distribution,material flow,Transportation and Logistics","valid":true}
{"arg":"logist","icon":{"path":"translate.png"},"quicklookurl":"http:\/\/youdao.com\/w\/logist","subtitle":"logist","text":{"copy":"\u4e13\u5bb6,\u5b66\u5bb6,\u5b66\u8005,\u903b\u8f91\u56de\u5f52"},"title":"\u4e13\u5bb6,\u5b66\u5bb6,\u5b66\u8005,\u903b\u8f91\u56de\u5f52","valid":true}
{"arg":"l","icon":{"path":"translate.png"},"quicklookurl":"http:\/\/youdao.com\/w\/l","subtitle":"L chondrite","text":{"copy":"L\u7403\u7c92\u9668\u77f3"},"title":"L\u7403\u7c92\u9668\u77f3","valid":true}
{"arg":"logistics","icon":{"path":"translate.png"},"quicklookurl":"http:\/\/youdao.com\/w\/%E7%89%A9%E6%B5%81","subtitle":"\u7269\u6d41","text":{"copy":"Logistics,Physical Distribution,material flow,Transportation and Logistics"},"title":"Logistics,Physical Distribution,material flow,Transportation and Logistics","valid":true}
{"arg":"add","icon":{"path":"translate.png"},"quicklookurl":"http:\/\/youdao.com\/w\/add","subtitle":"Add","text":{"copy":"\u5730\u5740,\u6dfb\u52a0,\u589e\u52a0,\u8fde\u63a5\u4e24\u4e2a\u5b57\u7b26\u4e32"},"title":"\u5730\u5740,\u6dfb\u52a0,\u589e\u52a0,\u8fde\u63a5\u4e24\u4e2a\u5b57\u7b26\u4e32","valid":true}
{"arg":"a","icon":{"path":"translate.png"},"quicklookurl":"http:\/\/youdao.com\/w\/a","subtitle":"a cappella","text":{"copy":"\u65e0\u4f34\u594f\u5408\u5531,\u963f\u5361\u8d1d\u62c9,\u8d70\u5728\u5927\u8857\u7684\u5973\u5b50,\u65e0\u4f34\u594f"},"title":"\u65e0\u4f34\u594f\u5408\u5531,\u963f\u5361\u8d1d\u62c9,\u8d70\u5728\u5927\u8857\u7684\u5973\u5b50,\u65e0\u4f34\u594f","valid":true}
{"arg":"adde","icon":{"path":"translate.png"},"quicklookurl":"http:\/\/youdao.com\/w\/adde","subtitle":"ADDE","text":{"copy":"\u65f6\u6ede\u5fae\u5206\u65b9\u7a0b,\u53ef\u5fae\u6027\u7684\u5b9a\u4e49\u6765\u8ba8\u8bba,\u7ffb\u8bd1"},"title":"\u65f6\u6ede\u5fae\u5206\u65b9\u7a0b,\u53ef\u5fae\u6027\u7684\u5b9a\u4e49\u6765\u8ba8\u8bba,\u7ffb\u8bd1","valid":true}
{"arg":"Pi","icon":{"path":"translate.png"},"quicklookurl":"http:\/\/youdao.com\/w\/Pi","subtitle":"pi","text":{"copy":"\u5706\u5468\u7387,\u805a\u9170\u4e9a\u80fa,\u90b3\u56fd,\u7535\u5f71"},"title":"\u5706\u5468\u7387,\u805a\u9170\u4e9a\u80fa,\u90b3\u56fd,\u7535\u5f71","valid":true}
{"arg":"P","icon":{"path":"translate.png"},"quicklookurl":"http:\/\/youdao.com\/w\/P","subtitle":"p diddy","text":{"copy":"\u5439\u725b\u8001\u7239,\u5439\u6cd5\u87ba\u8001\u7239,\u5439\u5618\u8001\u7239,\u5938\u53e3\u8001\u7239"},"title":"\u5439\u725b\u8001\u7239,\u5439\u6cd5\u87ba\u8001\u7239,\u5439\u5618\u8001\u7239,\u5938\u53e3\u8001\u7239","valid":true}
{"arg":"Joining together","icon":{"path":"translate.png"},"quicklookurl":"http:\/\/youdao.com\/w\/%E6%8B%BC%E6%8E%A5","subtitle":"\u62fc\u63a5","text":{"copy":"Splice,matching,splicing,put together"},"title":"Splice,matching,splicing,put together","valid":true}
{"arg":"h","icon":{"path":"translate.png"},"quicklookurl":"http:\/\/youdao.com\/w\/h","subtitle":"H Scorpii","text":{"copy":"\u5929\u874e\u5ea7H"},"title":"\u5929\u874e\u5ea7H","valid":true}
{"arg":"merge","icon":{"path":"translate.png"},"quicklookurl":"http:\/\/youdao.com\/w\/%E5%90%88%E5%B9%B6","subtitle":"\u5408\u5e76","text":{"copy":"merge,consolidation,join,amalgamation"},"title":"merge,consolidation,join,amalgamation","valid":true}
{"arg":"manual","icon":{"path":"translate.png"},"quicklookurl":"http:\/\/youdao.com\/w\/manual","subtitle":"Manual","text":{"copy":"\u624b\u52a8,\u624b\u518c,\u624b\u5de5,\u624b\u52a8\u6a21\u5f0f"},"title":"\u624b\u52a8,\u624b\u518c,\u624b\u5de5,\u624b\u52a8\u6a21\u5f0f","valid":true}
{"arg":"\"","icon":{"path":"translate.png"},"quicklookurl":"http:\/\/youdao.com\/w\/%E7%94%B3","subtitle":"\u7533","text":{"copy":"monkey,state,Deuteronomy,SUN"},"title":"monkey,state,Deuteronomy,SUN","valid":true}
{"arg":"week","icon":{"path":"translate.png"},"quicklookurl":"http:\/\/youdao.com\/w\/%E6%98%9F%E6%9C%9F","subtitle":"\u661f\u671f","text":{"copy":"Week,Days of the week,watt,width"},"title":"Week,Days of the week,watt,width","valid":true}
{"arg":"On Thursday,","icon":{"path":"translate.png"},"quicklookurl":"http:\/\/youdao.com\/w\/%E6%98%9F%E6%9C%9F%E5%9B%9B","subtitle":"\u661f\u671f\u56db","text":{"copy":"Thursday,Thu,jeudi,Thur"},"title":"Thursday,Thu,jeudi,Thur","valid":true}
{"arg":"r","icon":{"path":"translate.png"},"quicklookurl":"http:\/\/youdao.com\/w\/r","subtitle":"R rotunda","text":{"copy":"\u534ar"},"title":"\u534ar","valid":true}
{"arg":"profile","icon":{"path":"translate.png"},"quicklookurl":"http:\/\/youdao.com\/w\/profile","subtitle":"profile","text":{"copy":"\u8f6e\u5ed3,\u914d\u7f6e\u6587\u4ef6,\u65fa\u94fa\u4ecb\u7ecd,\u6237\u8d44\u6599"},"title":"\u8f6e\u5ed3,\u914d\u7f6e\u6587\u4ef6,\u65fa\u94fa\u4ecb\u7ecd,\u6237\u8d44\u6599","valid":true}
{"arg":"Connection refused","icon":{"path":"translate.png"},"quicklookurl":"http:\/\/youdao.com\/w\/Connection+refused","subtitle":"Connection refused","text":{"copy":"\u62d2\u7edd\u8fde\u63a5,\u8fde\u63a5\u88ab\u62d2\u7edd,\u8fde\u63a5\u62d2\u7edd"},"title":"\u62d2\u7edd\u8fde\u63a5,\u8fde\u63a5\u88ab\u62d2\u7edd,\u8fde\u63a5\u62d2\u7edd","valid":true}
{"arg":"discount","icon":{"path":"translate.png"},"quicklookurl":"http:\/\/youdao.com\/w\/discount","subtitle":"Discount","text":{"copy":"\u6298\u6263,\u8d34\u73b0,\u6253\u6298\u6263,\u8d34\u6c34"},"title":"\u6298\u6263,\u8d34\u73b0,\u6253\u6298\u6263,\u8d34\u6c34","valid":true}
{"arg":"receive","icon":{"path":"translate.png"},"quicklookurl":"http:\/\/youdao.com\/w\/receive","subtitle":"receive","text":{"copy":"\u63a5\u6536,\u6536\u5230,\u5f97\u5230,\u63a5\u5f85"},"title":"\u63a5\u6536,\u6536\u5230,\u5f97\u5230,\u63a5\u5f85","valid":true}
{"arg":"ad","icon":{"path":"translate.png"},"quicklookurl":"http:\/\/youdao.com\/w\/ad","subtitle":"AD","text":{"copy":"\u5e7f\u544a,\u516c\u5143,\u963f\u5c14\u8328\u6d77\u9ed8\u75c5,\u6d3b\u52a8\u76ee\u5f55"},"title":"\u5e7f\u544a,\u516c\u5143,\u963f\u5c14\u8328\u6d77\u9ed8\u75c5,\u6d3b\u52a8\u76ee\u5f55","valid":true}
{"arg":"a","icon":{"path":"translate.png"},"quicklookurl":"http:\/\/youdao.com\/w\/a","subtitle":"a cappella","text":{"copy":"\u65e0\u4f34\u594f\u5408\u5531,\u963f\u5361\u8d1d\u62c9,\u8d70\u5728\u5927\u8857\u7684\u5973\u5b50,\u65e0\u4f34\u594f"},"title":"\u65e0\u4f34\u594f\u5408\u5531,\u963f\u5361\u8d1d\u62c9,\u8d70\u5728\u5927\u8857\u7684\u5973\u5b50,\u65e0\u4f34\u594f","valid":true}
{"arg":"adm","icon":{"path":"translate.png"},"quicklookurl":"http:\/\/youdao.com\/w\/adm","subtitle":"ADM","text":{"copy":"\u5206\u63d2\u590d\u7528\u5668,\u963f\u9709\u7d20,\u4e0a\u817a\u9ad3\u8d28\u7d20,\u963f\u5f7b\u4e39\u5c3c\u5c14\u65af\u7c73\u5fb7\u5170"},"title":"\u5206\u63d2\u590d\u7528\u5668,\u963f\u9709\u7d20,\u4e0a\u817a\u9ad3\u8d28\u7d20,\u963f\u5f7b\u4e39\u5c3c\u5c14\u65af\u7c73\u5fb7\u5170","valid":true}
{"arg":"front","icon":{"path":"translate.png"},"quicklookurl":"http:\/\/youdao.com\/w\/front","subtitle":"Front","text":{"copy":"\u4e59\u5973\u7684\u6218\u7ebf,\u6b63\u9762,\u65b9\u9762\u519b,\u524d\u7ebf"},"title":"\u4e59\u5973\u7684\u6218\u7ebf,\u6b63\u9762,\u65b9\u9762\u519b,\u524d\u7ebf","valid":true}
{"arg":"intercept","icon":{"path":"translate.png"},"quicklookurl":"http:\/\/youdao.com\/w\/intercept","subtitle":"intercept","text":{"copy":"\u622a\u8ddd,\u62e6\u622a,\u622a\u7403,\u62e6\u622a\u7403"},"title":"\u622a\u8ddd,\u62e6\u622a,\u622a\u7403,\u62e6\u622a\u7403","valid":true}
{"arg":"logi","icon":{"path":"translate.png"},"quicklookurl":"http:\/\/youdao.com\/w\/logi","subtitle":"Logi","text":{"copy":"\u7f57\u5409,\u7f57\u6280\u56fd\u9645,\u8f66\u8f86\u79d1,\u540e\u52e4\u7ba1\u7406"},"title":"\u7f57\u5409,\u7f57\u6280\u56fd\u9645,\u8f66\u8f86\u79d1,\u540e\u52e4\u7ba1\u7406","valid":true}
{"arg":"logic","icon":{"path":"translate.png"},"quicklookurl":"http:\/\/youdao.com\/w\/logic","subtitle":"logic","text":{"copy":"\u903b\u8f91,\u903b\u8f91\u5b66,\u903b\u8f91\u6027,\u903b\u8f91\u7535\u8def"},"title":"\u903b\u8f91,\u903b\u8f91\u5b66,\u903b\u8f91\u6027,\u903b\u8f91\u7535\u8def","valid":true}
{"arg":"l","icon":{"path":"translate.png"},"quicklookurl":"http:\/\/youdao.com\/w\/l","subtitle":"L chondrite","text":{"copy":"L\u7403\u7c92\u9668\u77f3"},"title":"L\u7403\u7c92\u9668\u77f3","valid":true}
{"arg":"logic","icon":{"path":"translate.png"},"quicklookurl":"http:\/\/youdao.com\/w\/logic","subtitle":"logic","text":{"copy":"\u903b\u8f91,\u903b\u8f91\u5b66,\u903b\u8f91\u6027,\u903b\u8f91\u7535\u8def"},"title":"\u903b\u8f91,\u903b\u8f91\u5b66,\u903b\u8f91\u6027,\u903b\u8f91\u7535\u8def","valid":true}
{"arg":"l","icon":{"path":"translate.png"},"quicklookurl":"http:\/\/youdao.com\/w\/l","subtitle":"L chondrite","text":{"copy":"L\u7403\u7c92\u9668\u77f3"},"title":"L\u7403\u7c92\u9668\u77f3","valid":true}
{"arg":"logistics","icon":{"path":"translate.png"},"quicklookurl":"http:\/\/youdao.com\/w\/%E7%89%A9%E6%B5%81","subtitle":"\u7269\u6d41","text":{"copy":"Logistics,Physical Distribution,material flow,Transportation and Logistics"},"title":"Logistics,Physical Distribution,material flow,Transportation and Logistics","valid":true}
{"arg":"logistics","icon":{"path":"translate.png"},"quicklookurl":"http:\/\/youdao.com\/w\/%E7%89%A9%E6%B5%81","subtitle":"\u7269\u6d41","text":{"copy":"Logistics,Physical Distribution,material flow,Transportation and Logistics"},"title":"Logistics,Physical Distribution,material flow,Transportation and Logistics","valid":true}
{"arg":"logi","icon":{"path":"translate.png"},"quicklookurl":"http:\/\/youdao.com\/w\/logi","subtitle":"Logi","text":{"copy":"\u7f57\u5409,\u7f57\u6280\u56fd\u9645,\u8f66\u8f86\u79d1,\u540e\u52e4\u7ba1\u7406"},"title":"\u7f57\u5409,\u7f57\u6280\u56fd\u9645,\u8f66\u8f86\u79d1,\u540e\u52e4\u7ba1\u7406","valid":true}
{"arg":"logistics","icon":{"path":"translate.png"},"quicklookurl":"http:\/\/youdao.com\/w\/logistics","subtitle":"Logistics","text":{"copy":"\u7269\u6d41,\u540e\u52e4,\u73b0\u4ee3\u7269\u6d41,\u540e\u52e4\u5b66"},"title":"\u7269\u6d41,\u540e\u52e4,\u73b0\u4ee3\u7269\u6d41,\u540e\u52e4\u5b66","valid":true}
{"arg":"logistic","icon":{"path":"translate.png"},"quicklookurl":"http:\/\/youdao.com\/w\/logistic","subtitle":"Logistic","text":{"copy":"\u903b\u8f91\u65af\u8482,\u903b\u8f91\u65af\u8c1b,\u6a21\u578b,\u7269\u6d41"},"title":"\u903b\u8f91\u65af\u8482,\u903b\u8f91\u65af\u8c1b,\u6a21\u578b,\u7269\u6d41","valid":true}
{"arg":"CAME","icon":{"path":"translate.png"},"quicklookurl":"http:\/\/youdao.com\/w\/CAME","subtitle":"Came","text":{"copy":"\u52a0\u8c1f,\u4f20\u6765,\u90fd\u6765,\u6765\u65f6"},"title":"\u52a0\u8c1f,\u4f20\u6765,\u90fd\u6765,\u6765\u65f6","valid":true}
{"arg":"C","icon":{"path":"translate.png"},"quicklookurl":"http:\/\/youdao.com\/w\/C","subtitle":"C battery","text":{"copy":"\u4e19\u7535\u6c60\u7ec4,\u6805\u504f\u538b\u7535\u6c60,\u68da\u6781\u7535\u6c60\u7ec4,\u6805\u6781\u7535\u6c60\u7ec4"},"title":"\u4e19\u7535\u6c60\u7ec4,\u6805\u504f\u538b\u7535\u6c60,\u68da\u6781\u7535\u6c60\u7ec4,\u6805\u6781\u7535\u6c60\u7ec4","valid":true}
{"arg":"x","icon":{"path":"translate.png"},"quicklookurl":"http:\/\/youdao.com\/w\/x","subtitle":"Leo X","text":{"copy":"\u5229\u5965\u5341\u4e16,\u5965\u5341\u4e16,\u6b27\u5341\u4e16,\u5217\u5965\u5341\u4e16"},"title":"\u5229\u5965\u5341\u4e16,\u5965\u5341\u4e16,\u6b27\u5341\u4e16,\u5217\u5965\u5341\u4e16","valid":true}
{"arg":"The camera","icon":{"path":"translate.png"},"quicklookurl":"http:\/\/youdao.com\/w\/%E7%9B%B8%E6%9C%BA","subtitle":"\u76f8\u673a","text":{"copy":"Camera,SLR,PTP,HiRISE"},"title":"Camera,SLR,PTP,HiRISE","valid":true}
{"arg":"in","icon":{"path":"translate.png"},"quicklookurl":"http:\/\/youdao.com\/w\/in","subtitle":"in","text":{"copy":"\u82f1\u5bf8,\u5370\u5ea6,\u8f93\u5165,\u4eba\u53e3"},"title":"\u82f1\u5bf8,\u5370\u5ea6,\u8f93\u5165,\u4eba\u53e3","valid":true}
{"arg":"invite","icon":{"path":"translate.png"},"quicklookurl":"http:\/\/youdao.com\/w\/invite","subtitle":"Invite","text":{"copy":"\u9080\u8bf7,\u62db\u5f85,\u8bda\u9080,\u7ea6\u8bf7"},"title":"\u9080\u8bf7,\u62db\u5f85,\u8bda\u9080,\u7ea6\u8bf7","valid":true}
{"arg":"PRO","icon":{"path":"translate.png"},"quicklookurl":"http:\/\/youdao.com\/w\/PRO","subtitle":"Pro","text":{"copy":"\u812f\u6c28\u9178,\u5c3f\u86cb\u767d,\u4e13\u4e1a\u7248,\u86cb\u767d\u8d28"},"title":"\u812f\u6c28\u9178,\u5c3f\u86cb\u767d,\u4e13\u4e1a\u7248,\u86cb\u767d\u8d28","valid":true}
