{"arg":"permissions","icon":{"path":"translate.png"},"quicklookurl":"http:\/\/youdao.com\/w\/%E6%9D%83%E9%99%90","subtitle":"\u6743\u9650\u63d0\u5347","text":{"copy":"Privilege escalation,Elevation of Privilege,Escalating Privilege"},"title":"Privilege escalation,Elevation of Privilege,Escalating Privilege","valid":true}
{"arg":"notify","icon":{"path":"translate.png"},"quicklookurl":"http:\/\/youdao.com\/w\/notify","subtitle":"Notify Body","text":{"copy":"\u516c\u544a\u53f7\u673a\u6784,\u6307\u5b9a\u673a\u6784,\u8bc1\u673a\u6784,\u516c\u544a\u673a\u6784"},"title":"\u516c\u544a\u53f7\u673a\u6784,\u6307\u5b9a\u673a\u6784,\u8bc1\u673a\u6784,\u516c\u544a\u673a\u6784","valid":true}
{"arg":"conditions","icon":{"path":"translate.png"},"quicklookurl":"http:\/\/youdao.com\/w\/%E6%9D%A1%E4%BB%B6","subtitle":"\u5de5\u4f5c\u6761\u4ef6","text":{"copy":"working conditions,operating conditions,Operating Range,operation condtion"},"title":"working conditions,operating conditions,Operating Range,operation condtion","valid":true}
{"arg":"taget","icon":{"path":"translate.png"},"quicklookurl":"http:\/\/youdao.com\/w\/taget","subtitle":"taget","text":{"copy":"\u706b\u8f66,\u7f8e\u56fd\u4e00\u4e2a\u5168\u56fd\u8fde\u9501\u7684\u5e97"},"title":"\u706b\u8f66,\u7f8e\u56fd\u4e00\u4e2a\u5168\u56fd\u8fde\u9501\u7684\u5e97","valid":true}
{"arg":"The target","icon":{"path":"translate.png"},"quicklookurl":"http:\/\/youdao.com\/w\/%E7%9B%AE%E6%A0%87","subtitle":"\u5de5\u4f5c\u76ee\u6807","text":{"copy":"job objective,employment objective,Objective,PURPOSE"},"title":"job objective,employment objective,Objective,PURPOSE","valid":true}
{"arg":"indeterminate","icon":{"path":"translate.png"},"quicklookurl":"http:\/\/youdao.com\/w\/indeterminate","subtitle":"indeterminate","text":{"copy":"\u4e0d\u786e\u5b9a\u7684,\u4e0d\u786e\u7684,\u672a\u786e\u5b9a\u7684,\u4e0d\u5b9a\u7684"},"title":"\u4e0d\u786e\u5b9a\u7684,\u4e0d\u786e\u7684,\u672a\u786e\u5b9a\u7684,\u4e0d\u5b9a\u7684","valid":true}
{"arg":"team","icon":{"path":"translate.png"},"quicklookurl":"http:\/\/youdao.com\/w\/team","subtitle":"team sport","text":{"copy":"\u56e2\u961f\u8fd0\u52a8,\u56e2\u4f53\u6027\u8fd0\u52a8,\u6392\u7403\u7c7b,\u56e2\u961f\u7c7b\u7684\u4f53\u80b2\u8fd0\u52a8"},"title":"\u56e2\u961f\u8fd0\u52a8,\u56e2\u4f53\u6027\u8fd0\u52a8,\u6392\u7403\u7c7b,\u56e2\u961f\u7c7b\u7684\u4f53\u80b2\u8fd0\u52a8","valid":true}
{"arg":"teama","icon":{"path":"translate.png"},"quicklookurl":"http:\/\/youdao.com\/w\/teama","subtitle":"Teama","text":{"copy":"\u54c1\u724c"},"title":"\u54c1\u724c","valid":true}
{"arg":"teamate","icon":{"path":"translate.png"},"quicklookurl":"http:\/\/youdao.com\/w\/teamate","subtitle":"TEAMATE LIMITED","text":{"copy":"\u6dfb\u76df\u6709\u9650\u516c\u53f8"},"title":"\u6dfb\u76df\u6709\u9650\u516c\u53f8","valid":true}
{"arg":"team","icon":{"path":"translate.png"},"quicklookurl":"http:\/\/youdao.com\/w\/team","subtitle":"team sport","text":{"copy":"\u56e2\u961f\u8fd0\u52a8,\u56e2\u4f53\u6027\u8fd0\u52a8,\u6392\u7403\u7c7b,\u56e2\u961f\u7c7b\u7684\u4f53\u80b2\u8fd0\u52a8"},"title":"\u56e2\u961f\u8fd0\u52a8,\u56e2\u4f53\u6027\u8fd0\u52a8,\u6392\u7403\u7c7b,\u56e2\u961f\u7c7b\u7684\u4f53\u80b2\u8fd0\u52a8","valid":true}
{"arg":"teamm","icon":{"path":"translate.png"},"quicklookurl":"http:\/\/youdao.com\/w\/teamm","subtitle":"TeamM","text":{"copy":"\u897f\u6cfd\u7460\u8389\u5948"},"title":"\u897f\u6cfd\u7460\u8389\u5948","valid":true}
{"arg":"tea","icon":{"path":"translate.png"},"quicklookurl":"http:\/\/youdao.com\/w\/tea","subtitle":"jasmine tea","text":{"copy":"\u8309\u8389,\u82b1\u8336"},"title":"\u8309\u8389,\u82b1\u8336","valid":true}
{"arg":"teamm","icon":{"path":"translate.png"},"quicklookurl":"http:\/\/youdao.com\/w\/teamm","subtitle":"TeamM","text":{"copy":"\u897f\u6cfd\u7460\u8389\u5948"},"title":"\u897f\u6cfd\u7460\u8389\u5948","valid":true}
{"arg":"teammate","icon":{"path":"translate.png"},"quicklookurl":"http:\/\/youdao.com\/w\/teammate","subtitle":"Best Teammate","text":{"copy":"\u597d\u961f\u53cb"},"title":"\u597d\u961f\u53cb","valid":true}
{"arg":"bridge","icon":{"path":"translate.png"},"quicklookurl":"http:\/\/youdao.com\/w\/%E6%A1%A5%E6%A2%81","subtitle":"\u6865\u6881","text":{"copy":"bridge,bridge girder,axle beam,PONTI"},"title":"bridge,bridge girder,axle beam,PONTI","valid":true}
{"arg":"acea","icon":{"path":"translate.png"},"quicklookurl":"http:\/\/youdao.com\/w\/acea","subtitle":"Noris Acea","text":{"copy":"\u539f\u53e4\u5df4\u56fd\u5bb6\u961f\u4e3b\u653b"},"title":"\u539f\u53e4\u5df4\u56fd\u5bb6\u961f\u4e3b\u653b","valid":true}
{"arg":"acetate","icon":{"path":"translate.png"},"quicklookurl":"http:\/\/youdao.com\/w\/acetate","subtitle":"Benzyl acetate","text":{"copy":"\u4e59\u9178\u82c4\u916f,\u918b\u9178\u82c4\u916f,\u4e59\u9178\u82ef\u57fa\u7532\u57fa\u916f,\u4e59\u9178\u82ef\u7532\u916f"},"title":"\u4e59\u9178\u82c4\u916f,\u918b\u9178\u82c4\u916f,\u4e59\u9178\u82ef\u57fa\u7532\u57fa\u916f,\u4e59\u9178\u82ef\u7532\u916f","valid":true}
{"arg":"acetate metal","icon":{"path":"translate.png"},"quicklookurl":"http:\/\/youdao.com\/w\/acetate+metal","subtitle":"alkali metal acetate","text":{"copy":"\u78b1\u91d1\u5c5e\u918b\u9178\u76d0"},"title":"\u78b1\u91d1\u5c5e\u918b\u9178\u76d0","valid":true}
{"arg":"acetate meta","icon":{"path":"translate.png"},"quicklookurl":"http:\/\/youdao.com\/w\/acetate+meta","subtitle":"copper acetate meta-arsenite","text":{"copy":"\u4e59\u9178\u4e9a\u7837\u9178\u94dc"},"title":"\u4e59\u9178\u4e9a\u7837\u9178\u94dc","valid":true}
{"arg":"a","icon":{"path":"translate.png"},"quicklookurl":"http:\/\/youdao.com\/w\/a","subtitle":"\u4eba\u9a6c\u5ea7A","text":{"copy":"Sagittarius,Centaurus,sgr"},"title":"Sagittarius,Centaurus,sgr","valid":true}
{"arg":"bicol","icon":{"path":"translate.png"},"quicklookurl":"http:\/\/youdao.com\/w\/bicol","subtitle":"bicol review","text":{"copy":"\u6bd4\u79d1\u5c14\u8bc4\u8bba"},"title":"\u6bd4\u79d1\u5c14\u8bc4\u8bba","valid":true}
{"arg":"bicolor","icon":{"path":"translate.png"},"quicklookurl":"http:\/\/youdao.com\/w\/bicolor","subtitle":"bicolor","text":{"copy":"\u53cc\u8272\u7684,\u4e8c\u8272\u7684,\u4e24\u8272\u7684,\u53cc\u8272\u6027\u7684"},"title":"\u53cc\u8272\u7684,\u4e8c\u8272\u7684,\u4e24\u8272\u7684,\u53cc\u8272\u6027\u7684","valid":true}
{"arg":"b","icon":{"path":"translate.png"},"quicklookurl":"http:\/\/youdao.com\/w\/b","subtitle":"B meson","text":{"copy":"B\u4ecb\u5b50"},"title":"B\u4ecb\u5b50","valid":true}
{"arg":"co","icon":{"path":"translate.png"},"quicklookurl":"http:\/\/youdao.com\/w\/co","subtitle":"Hershey Co","text":{"copy":"\u597d\u65f6\u516c\u53f8,\u597d\u65f6\u98df\u54c1,\u7f8e\u56fd\u5de7\u514b\u529b\u751f\u4ea7\u5546\u597d\u65f6,\u7f8e\u56fd\u7684\u597d\u65f6"},"title":"\u597d\u65f6\u516c\u53f8,\u597d\u65f6\u98df\u54c1,\u7f8e\u56fd\u5de7\u514b\u529b\u751f\u4ea7\u5546\u597d\u65f6,\u7f8e\u56fd\u7684\u597d\u65f6","valid":true}
{"arg":"combi","icon":{"path":"translate.png"},"quicklookurl":"http:\/\/youdao.com\/w\/combi","subtitle":"MalaQuick Combi","text":{"copy":"\u759f\u539f\u866b\u6297\u4f53"},"title":"\u759f\u539f\u866b\u6297\u4f53","valid":true}
{"arg":"combination","icon":{"path":"translate.png"},"quicklookurl":"http:\/\/youdao.com\/w\/combination","subtitle":"combination reaction","text":{"copy":"\u5316\u5408\u53cd\u5e94,\u6c27\u5316\u53cd\u5e94,\u7ed3\u5408\u53cd\u5e94"},"title":"\u5316\u5408\u53cd\u5e94,\u6c27\u5316\u53cd\u5e94,\u7ed3\u5408\u53cd\u5e94","valid":true}
{"arg":"c","icon":{"path":"translate.png"},"quicklookurl":"http:\/\/youdao.com\/w\/c","subtitle":"Apolipoprotein C","text":{"copy":"\u8f7d\u8102\u86cb\u767dC"},"title":"\u8f7d\u8102\u86cb\u767dC","valid":true}
{"arg":"air","icon":{"path":"translate.png"},"quicklookurl":"http:\/\/youdao.com\/w\/air","subtitle":"air transport","text":{"copy":"\u822a\u7a7a\u8fd0\u8f93,\u7a7a\u8fd0,\u822a\u7a7a\u4ea4\u901a\u8fd0\u8f93,\u98ce\u529b\u642c\u52a8\u4f5c\u7528"},"title":"\u822a\u7a7a\u8fd0\u8f93,\u7a7a\u8fd0,\u822a\u7a7a\u4ea4\u901a\u8fd0\u8f93,\u98ce\u529b\u642c\u52a8\u4f5c\u7528","valid":true}
{"arg":"airf","icon":{"path":"translate.png"},"quicklookurl":"http:\/\/youdao.com\/w\/airf","subtitle":"AIRF","text":{"copy":"\u6cd5\u8377\u822a\u7a7a"},"title":"\u6cd5\u8377\u822a\u7a7a","valid":true}
{"arg":"airframe","icon":{"path":"translate.png"},"quicklookurl":"http:\/\/youdao.com\/w\/airframe","subtitle":"Airframe Create","text":{"copy":"\u673a\u4f53\u521b\u5efa"},"title":"\u673a\u4f53\u521b\u5efa","valid":true}
{"arg":"u","icon":{"path":"translate.png"},"quicklookurl":"http:\/\/youdao.com\/w\/u","subtitle":"U Turn","text":{"copy":"\u4e0d\u51c6\u6389\u5934,\u6389\u5934,\u4e0a\u9519\u60ca\u9b42\u8def,\u4e0d\u51c6\u8c03\u5934"},"title":"\u4e0d\u51c6\u6389\u5934,\u6389\u5934,\u4e0a\u9519\u60ca\u9b42\u8def,\u4e0d\u51c6\u8c03\u5934","valid":true}
{"arg":"unisex","icon":{"path":"translate.png"},"quicklookurl":"http:\/\/youdao.com\/w\/unisex","subtitle":"Peluquero unisex","text":{"copy":"\u7406\u53d1\u5e08"},"title":"\u7406\u53d1\u5e08","valid":true}
{"arg":"material","icon":{"path":"translate.png"},"quicklookurl":"http:\/\/youdao.com\/w\/%E7%B4%A0%E6%9D%90","subtitle":"\u56fe\u50cf\u7d20\u6750","text":{"copy":"Corel Professional Photos,DRAW,Digital Vision Illusions,concrete"},"title":"Corel Professional Photos,DRAW,Digital Vision Illusions,concrete","valid":true}
{"arg":"speace","icon":{"path":"translate.png"},"quicklookurl":"http:\/\/youdao.com\/w\/speace","subtitle":"Amy Speace","text":{"copy":"\u8868\u6f14\u8005"},"title":"\u8868\u6f14\u8005","valid":true}
{"arg":"space","icon":{"path":"translate.png"},"quicklookurl":"http:\/\/youdao.com\/w\/space","subtitle":"probability space","text":{"copy":"\u6982\u7387\u7a7a\u95f4,\u673a\u7387\u7a7a\u95f4,\u6982\u7387\u7a7a\u95f4\u7684"},"title":"\u6982\u7387\u7a7a\u95f4,\u673a\u7387\u7a7a\u95f4,\u6982\u7387\u7a7a\u95f4\u7684","valid":true}
{"arg":"alpg","icon":{"path":"translate.png"},"quicklookurl":"http:\/\/youdao.com\/w\/alpg","subtitle":"ALPG","text":{"copy":"\u53d1\u751f\u5668,\u4e0e\u5973\u5b50\u6fb3\u5de1,\u5973\u5b50\u6fb3\u5de1,\u7b97\u6cd5\u56fe\u5f62\u53d1\u751f\u5668"},"title":"\u53d1\u751f\u5668,\u4e0e\u5973\u5b50\u6fb3\u5de1,\u5973\u5b50\u6fb3\u5de1,\u7b97\u6cd5\u56fe\u5f62\u53d1\u751f\u5668","valid":true}
{"arg":"alph","icon":{"path":"translate.png"},"quicklookurl":"http:\/\/youdao.com\/w\/alph","subtitle":"Underrail Alph","text":{"copy":"\u8f68\u9053\u4e4b\u4e0b"},"title":"\u8f68\u9053\u4e4b\u4e0b","valid":true}
{"arg":"alpht","icon":{"path":"translate.png"},"quicklookurl":"http:\/\/youdao.com\/w\/alpht","subtitle":"alpht iron","text":{"copy":"\u963f\u4f10\u94c1"},"title":"\u963f\u4f10\u94c1","valid":true}
{"arg":"s","icon":{"path":"translate.png"},"quicklookurl":"http:\/\/youdao.com\/w\/s","subtitle":"S Doradus","text":{"copy":"\u5251\u9c7c\u5ea7S"},"title":"\u5251\u9c7c\u5ea7S","valid":true}
{"arg":"st","icon":{"path":"translate.png"},"quicklookurl":"http:\/\/youdao.com\/w\/st","subtitle":"St Albans","text":{"copy":"\u5723\u5965\u5c14\u672c\u65af,\u5965\u5c14\u672c,\u5c0f\u57ce\u5723\u5965\u5c14\u73ed\u65af,\u5723\u5965\u5c14\u73ed\u65af"},"title":"\u5723\u5965\u5c14\u672c\u65af,\u5965\u5c14\u672c,\u5c0f\u57ce\u5723\u5965\u5c14\u73ed\u65af,\u5723\u5965\u5c14\u73ed\u65af","valid":true}
{"arg":"str","icon":{"path":"translate.png"},"quicklookurl":"http:\/\/youdao.com\/w\/str","subtitle":"Energy Str","text":{"copy":"\u80fd\u6e90\u4e4b\u661f"},"title":"\u80fd\u6e90\u4e4b\u661f","valid":true}
{"arg":"struc","icon":{"path":"translate.png"},"quicklookurl":"http:\/\/youdao.com\/w\/struc","subtitle":"struc","text":{"copy":"\u7ed3\u6784,\u65af\u7279\u9c81\u514b,\u5176\u4e2d"},"title":"\u7ed3\u6784,\u65af\u7279\u9c81\u514b,\u5176\u4e2d","valid":true}
{"arg":"structur","icon":{"path":"translate.png"},"quicklookurl":"http:\/\/youdao.com\/w\/structur","subtitle":"Structur","text":{"copy":"\u4fe1\u566a\u6bd4,\u6697\u5f71\u7ed3\u6784"},"title":"\u4fe1\u566a\u6bd4,\u6697\u5f71\u7ed3\u6784","valid":true}
{"arg":"structurd","icon":{"path":"translate.png"},"quicklookurl":"http:\/\/youdao.com\/w\/structurd","subtitle":"structurd","text":{"copy":"\u7ed3\u6784\u5316\u7684"},"title":"\u7ed3\u6784\u5316\u7684","valid":true}
{"arg":"ind","icon":{"path":"translate.png"},"quicklookurl":"http:\/\/youdao.com\/w\/ind","subtitle":"TREATMENT IND","text":{"copy":"\u7814\u7a76\u4e2d\u7684\u65b0\u836f\u7528\u4e8e\u6cbb\u7597,\u6cbb\u7597\u6027\u8bd5\u9a8c\u6027\u65b0\u836f\u7533\u8bf7,\u6cbb\u7597\u6027\u8bd5\u9a8c\u6027\u836f\u7269"},"title":"\u7814\u7a76\u4e2d\u7684\u65b0\u836f\u7528\u4e8e\u6cbb\u7597,\u6cbb\u7597\u6027\u8bd5\u9a8c\u6027\u65b0\u836f\u7533\u8bf7,\u6cbb\u7597\u6027\u8bd5\u9a8c\u6027\u836f\u7269","valid":true}
{"arg":"indents","icon":{"path":"translate.png"},"quicklookurl":"http:\/\/youdao.com\/w\/indents","subtitle":"Indents","text":{"copy":"\u7f29\u8fdb,\u5f62\u6210\u952f\u9f7f\u72b6,\u7f29\u6392,\u7f29\u8fdb\u7b26"},"title":"\u7f29\u8fdb,\u5f62\u6210\u952f\u9f7f\u72b6,\u7f29\u6392,\u7f29\u8fdb\u7b26","valid":true}
{"arg":"describe","icon":{"path":"translate.png"},"quicklookurl":"http:\/\/youdao.com\/w\/%E6%8F%8F%E8%BF%B0","subtitle":"\u5185\u5b58\u63cf\u8ff0","text":{"copy":"DDRII,M DDR,DDR,ECC Registered DDR"},"title":"DDRII,M DDR,DDR,ECC Registered DDR","valid":true}
{"arg":"oval","icon":{"path":"translate.png"},"quicklookurl":"http:\/\/youdao.com\/w\/oval","subtitle":"Oval tool","text":{"copy":"\u692d\u5706\u5de5\u5177,\u5706\u5f62\u5de5\u5177,\u753b\u5706\u5de5\u5177"},"title":"\u692d\u5706\u5de5\u5177,\u5706\u5f62\u5de5\u5177,\u753b\u5706\u5de5\u5177","valid":true}
{"arg":"w","icon":{"path":"translate.png"},"quicklookurl":"http:\/\/youdao.com\/w\/w","subtitle":"Squid w","text":{"copy":"\u8c49\u6912\u7092\u9c7f"},"title":"\u8c49\u6912\u7092\u9c7f","valid":true}
{"arg":"wheel","icon":{"path":"translate.png"},"quicklookurl":"http:\/\/youdao.com\/w\/wheel","subtitle":"Wheel Rim","text":{"copy":"\u94a2\u5708,\u8f6e\u8f8b,\u8f6e\u7b8d"},"title":"\u94a2\u5708,\u8f6e\u8f8b,\u8f6e\u7b8d","valid":true}
{"arg":"deploy","icon":{"path":"translate.png"},"quicklookurl":"http:\/\/youdao.com\/w\/deploy","subtitle":"Hot Deploy","text":{"copy":"\u70ed\u90e8\u7f72,\u70ed\u5b89\u6392,\u70ed\u6446\u8bbe"},"title":"\u70ed\u90e8\u7f72,\u70ed\u5b89\u6392,\u70ed\u6446\u8bbe","valid":true}
{"arg":"dep","icon":{"path":"translate.png"},"quicklookurl":"http:\/\/youdao.com\/w\/dep","subtitle":"make dep","text":{"copy":"\u8bbe\u7f6e\u4f9d\u8d56\u5173\u7cfb,\u751f\u6210\u4f9d\u8d56\u5173\u7cfb,\u751f\u6210\u4f9d\u8d56"},"title":"\u8bbe\u7f6e\u4f9d\u8d56\u5173\u7cfb,\u751f\u6210\u4f9d\u8d56\u5173\u7cfb,\u751f\u6210\u4f9d\u8d56","valid":true}
{"arg":"depo","icon":{"path":"translate.png"},"quicklookurl":"http:\/\/youdao.com\/w\/depo","subtitle":"DEPO","text":{"copy":"\u53f0\u6e7e\u5730\u4fdd,\u5927\u706f\u603b\u6210,\u56fd\u9632\u51fa\u53e3\u4fc3\u8fdb\u7ec4\u7ec7"},"title":"\u53f0\u6e7e\u5730\u4fdd,\u5927\u706f\u603b\u6210,\u56fd\u9632\u51fa\u53e3\u4fc3\u8fdb\u7ec4\u7ec7","valid":true}
{"arg":"dep","icon":{"path":"translate.png"},"quicklookurl":"http:\/\/youdao.com\/w\/dep","subtitle":"make dep","text":{"copy":"\u8bbe\u7f6e\u4f9d\u8d56\u5173\u7cfb,\u751f\u6210\u4f9d\u8d56\u5173\u7cfb,\u751f\u6210\u4f9d\u8d56"},"title":"\u8bbe\u7f6e\u4f9d\u8d56\u5173\u7cfb,\u751f\u6210\u4f9d\u8d56\u5173\u7cfb,\u751f\u6210\u4f9d\u8d56","valid":true}
{"arg":"deploy","icon":{"path":"translate.png"},"quicklookurl":"http:\/\/youdao.com\/w\/deploy","subtitle":"Hot Deploy","text":{"copy":"\u70ed\u90e8\u7f72,\u70ed\u5b89\u6392,\u70ed\u6446\u8bbe"},"title":"\u70ed\u90e8\u7f72,\u70ed\u5b89\u6392,\u70ed\u6446\u8bbe","valid":true}
{"arg":"dep","icon":{"path":"translate.png"},"quicklookurl":"http:\/\/youdao.com\/w\/dep","subtitle":"make dep","text":{"copy":"\u8bbe\u7f6e\u4f9d\u8d56\u5173\u7cfb,\u751f\u6210\u4f9d\u8d56\u5173\u7cfb,\u751f\u6210\u4f9d\u8d56"},"title":"\u8bbe\u7f6e\u4f9d\u8d56\u5173\u7cfb,\u751f\u6210\u4f9d\u8d56\u5173\u7cfb,\u751f\u6210\u4f9d\u8d56","valid":true}
{"arg":"depo","icon":{"path":"translate.png"},"quicklookurl":"http:\/\/youdao.com\/w\/depo","subtitle":"DEPO","text":{"copy":"\u53f0\u6e7e\u5730\u4fdd,\u5927\u706f\u603b\u6210,\u56fd\u9632\u51fa\u53e3\u4fc3\u8fdb\u7ec4\u7ec7"},"title":"\u53f0\u6e7e\u5730\u4fdd,\u5927\u706f\u603b\u6210,\u56fd\u9632\u51fa\u53e3\u4fc3\u8fdb\u7ec4\u7ec7","valid":true}
{"arg":"depl","icon":{"path":"translate.png"},"quicklookurl":"http:\/\/youdao.com\/w\/depl","subtitle":"depl","text":{"copy":"\u653e\u8840"},"title":"\u653e\u8840","valid":true}
{"arg":"deploy","icon":{"path":"translate.png"},"quicklookurl":"http:\/\/youdao.com\/w\/deploy","subtitle":"Hot Deploy","text":{"copy":"\u70ed\u90e8\u7f72,\u70ed\u5b89\u6392,\u70ed\u6446\u8bbe"},"title":"\u70ed\u90e8\u7f72,\u70ed\u5b89\u6392,\u70ed\u6446\u8bbe","valid":true}
{"arg":"co","icon":{"path":"translate.png"},"quicklookurl":"http:\/\/youdao.com\/w\/co","subtitle":"Hershey Co","text":{"copy":"\u597d\u65f6\u516c\u53f8,\u597d\u65f6\u98df\u54c1,\u7f8e\u56fd\u5de7\u514b\u529b\u751f\u4ea7\u5546\u597d\u65f6,\u5df2\u7ecf\u4e0e\u597d\u65f6"},"title":"\u597d\u65f6\u516c\u53f8,\u597d\u65f6\u98df\u54c1,\u7f8e\u56fd\u5de7\u514b\u529b\u751f\u4ea7\u5546\u597d\u65f6,\u5df2\u7ecf\u4e0e\u597d\u65f6","valid":true}
{"arg":"comp","icon":{"path":"translate.png"},"quicklookurl":"http:\/\/youdao.com\/w\/comp","subtitle":"V COMP","text":{"copy":"\u573a\u8865\u507f,\u573a\u8d54\u507f"},"title":"\u573a\u8865\u507f,\u573a\u8d54\u507f","valid":true}
{"arg":"compo","icon":{"path":"translate.png"},"quicklookurl":"http:\/\/youdao.com\/w\/compo","subtitle":"Compo eCart","text":{"copy":"\u8d2d\u7269\u8f66"},"title":"\u8d2d\u7269\u8f66","valid":true}
{"arg":"compon","icon":{"path":"translate.png"},"quicklookurl":"http:\/\/youdao.com\/w\/compon","subtitle":"COMPON","text":{"copy":"\u5957\u88c5\u5587"},"title":"\u5957\u88c5\u5587","valid":true}
{"arg":"compon","icon":{"path":"translate.png"},"quicklookurl":"http:\/\/youdao.com\/w\/compon","subtitle":"COMPON","text":{"copy":"\u5957\u88c5\u5587"},"title":"\u5957\u88c5\u5587","valid":true}
{"arg":"component","icon":{"path":"translate.png"},"quicklookurl":"http:\/\/youdao.com\/w\/component","subtitle":"active component","text":{"copy":"\u6709\u529f\u5206\u91cf,\u6709\u6548\u5143\u4ef6,\u6709\u6548\u5206\u91cf"},"title":"\u6709\u529f\u5206\u91cf,\u6709\u6548\u5143\u4ef6,\u6709\u6548\u5206\u91cf","valid":true}
{"arg":"components","icon":{"path":"translate.png"},"quicklookurl":"http:\/\/youdao.com\/w\/components","subtitle":"Ontology components","text":{"copy":"\u672c\u4f53\u6784\u6210\u8981\u7d20"},"title":"\u672c\u4f53\u6784\u6210\u8981\u7d20","valid":true}
{"arg":"c","icon":{"path":"translate.png"},"quicklookurl":"http:\/\/youdao.com\/w\/c","subtitle":"Apolipoprotein C","text":{"copy":"\u8f7d\u8102\u86cb\u767dC"},"title":"\u8f7d\u8102\u86cb\u767dC","valid":true}
{"arg":"crawl","icon":{"path":"translate.png"},"quicklookurl":"http:\/\/youdao.com\/w\/crawl","subtitle":"crawl space","text":{"copy":"\u7a84\u5c0f\u7a7a\u95f4,\u77ee\u8bbe\u5907\u5c42,\u67b6\u7a7a\u5c42"},"title":"\u7a84\u5c0f\u7a7a\u95f4,\u77ee\u8bbe\u5907\u5c42,\u67b6\u7a7a\u5c42","valid":true}
