{"arg":"run","icon":{"path":"translate.png"},"quicklookurl":"http:\/\/youdao.com\/w\/%E8%B7%91","subtitle":"\u8dd1","text":{"copy":"run,Running,correr,jogon"},"title":"run,Running,correr,jogon","valid":true}
{"arg":"comments","icon":{"path":"translate.png"},"quicklookurl":"http:\/\/youdao.com\/w\/%E8%AF%84%E8%AE%BA","subtitle":"\u8bc4\u8bba","text":{"copy":"Comment,Review,loading,criticism"},"title":"Comment,Review,loading,criticism","valid":true}
{"arg":"audit","icon":{"path":"translate.png"},"quicklookurl":"http:\/\/youdao.com\/w\/%E5%AE%A1%E6%A0%B8","subtitle":"\u5ba1\u6838","text":{"copy":"Audit,approval examine and verify,review,check"},"title":"Audit,approval examine and verify,review,check","valid":true}
{"arg":"failure","icon":{"path":"translate.png"},"quicklookurl":"http:\/\/youdao.com\/w\/%E5%A4%B1%E8%B4%A5","subtitle":"\u5931\u8d25","text":{"copy":"Failure,go under,break down,fall through"},"title":"Failure,go under,break down,fall through","valid":true}
{"arg":"loss","icon":{"path":"translate.png"},"quicklookurl":"http:\/\/youdao.com\/w\/%E5%A4%B1","subtitle":"\u5931","text":{"copy":"LOH,bungle,FA Technician,Incontinence"},"title":"LOH,bungle,FA Technician,Incontinence","valid":true}
{"arg":"fail","icon":{"path":"translate.png"},"quicklookurl":"http:\/\/youdao.com\/w\/fail","subtitle":"fail","text":{"copy":"\u4e0d\u53ca\u683c,\u5931\u8d25,\u8870\u9000,\u8f9c\u8d1f"},"title":"\u4e0d\u53ca\u683c,\u5931\u8d25,\u8870\u9000,\u8f9c\u8d1f","valid":true}
{"arg":"friday","icon":{"path":"translate.png"},"quicklookurl":"http:\/\/youdao.com\/w\/friday","subtitle":"Friday","text":{"copy":"\u661f\u671f\u4e94,\u5468\u4e94,\u793c\u62dc\u4e94,\u4eca\u5929\u662f\u661f\u671f\u5929"},"title":"\u661f\u671f\u4e94,\u5468\u4e94,\u793c\u62dc\u4e94,\u4eca\u5929\u662f\u661f\u671f\u5929","valid":true}
{"arg":"w","icon":{"path":"translate.png"},"quicklookurl":"http:\/\/youdao.com\/w\/w","subtitle":"George W","text":{"copy":"\u5c0f\u5e03\u4ec0,\u98ce\u4e91\u4f20\u5947,\u5730\u5740"},"title":"\u5c0f\u5e03\u4ec0,\u98ce\u4e91\u4f20\u5947,\u5730\u5740","valid":true}
{"arg":"tomorrow","icon":{"path":"translate.png"},"quicklookurl":"http:\/\/youdao.com\/w\/tomorrow","subtitle":"Tomorrow","text":{"copy":"\u660e\u5929,\u660e\u65e5\u4e50\u961f,\u660e\u665a,\u660e\u65e5"},"title":"\u660e\u5929,\u660e\u65e5\u4e50\u961f,\u660e\u665a,\u660e\u65e5","valid":true}
{"arg":"xq","icon":{"path":"translate.png"},"quicklookurl":"http:\/\/youdao.com\/w\/xq","subtitle":"XQ","text":{"copy":"\u9ea6\u8fea\u900a\u5f69\u8d85,\u52a0\u4e0a\u8a00,\u540c\u79cd,\u5c5e\u6027\u5b9a\u4e49\u4e2d\u8c03\u51fa\u865a\u5899"},"title":"\u9ea6\u8fea\u900a\u5f69\u8d85,\u52a0\u4e0a\u8a00,\u540c\u79cd,\u5c5e\u6027\u5b9a\u4e49\u4e2d\u8c03\u51fa\u865a\u5899","valid":true}
{"arg":"x","icon":{"path":"translate.png"},"quicklookurl":"http:\/\/youdao.com\/w\/x","subtitle":"Leo X","text":{"copy":"\u5229\u5965\u5341\u4e16,\u5965\u5341\u4e16,\u6b27\u5341\u4e16,\u6559\u7687\u5229\u6b27\u7b2c\u5341"},"title":"\u5229\u5965\u5341\u4e16,\u5965\u5341\u4e16,\u6b27\u5341\u4e16,\u6559\u7687\u5229\u6b27\u7b2c\u5341","valid":true}
{"arg":"Come to think of it","icon":{"path":"translate.png"},"quicklookurl":"http:\/\/youdao.com\/w\/%E6%83%B3%E8%B5%B7%E6%9D%A5","subtitle":"\u60f3\u8d77\u6765","text":{"copy":"come back,to recall,think of,cross one's mind"},"title":"come back,to recall,think of,cross one's mind","valid":true}
{"arg":"Want to","icon":{"path":"translate.png"},"quicklookurl":"http:\/\/youdao.com\/w\/%E6%83%B3","subtitle":"\u60f3","text":{"copy":"think,meditate,want,charge for"},"title":"think,meditate,want,charge for","valid":true}
{"arg":"Saturday","icon":{"path":"translate.png"},"quicklookurl":"http:\/\/youdao.com\/w\/%E6%98%9F%E6%9C%9F%E5%85%AD","subtitle":"\u661f\u671f\u516d","text":{"copy":"Saturday,Sat,ST&SAT,samedi"},"title":"Saturday,Sat,ST&SAT,samedi","valid":true}
{"arg":"specia","icon":{"path":"translate.png"},"quicklookurl":"http:\/\/youdao.com\/w\/specia","subtitle":"specia","text":{"copy":"\u7269\u79cd,\u79cd\u793e\u4f1a,\u7279\u6b8a,\u7279\u79cd\u90e8\u961f"},"title":"\u7269\u79cd,\u79cd\u793e\u4f1a,\u7279\u6b8a,\u7279\u79cd\u90e8\u961f","valid":true}
{"arg":"special","icon":{"path":"translate.png"},"quicklookurl":"http:\/\/youdao.com\/w\/special","subtitle":"Special","text":{"copy":"\u7279\u522b,\u7279\u6b8a,\u7279\u6b8a\u6280,\u4e13\u9898"},"title":"\u7279\u522b,\u7279\u6b8a,\u7279\u6b8a\u6280,\u4e13\u9898","valid":true}
{"arg":"sep","icon":{"path":"translate.png"},"quicklookurl":"http:\/\/youdao.com\/w\/sep","subtitle":"SEP","text":{"copy":"\u4f53\u611f\u8bf1\u53d1\u7535\u4f4d,\u4e5d\u6708,\u6807\u51c6\u5fc5\u8981\u4e13\u5229,\u4f01\u4e1a\u7ea7\u5b89\u5168\u9632\u62a4"},"title":"\u4f53\u611f\u8bf1\u53d1\u7535\u4f4d,\u4e5d\u6708,\u6807\u51c6\u5fc5\u8981\u4e13\u5229,\u4f01\u4e1a\u7ea7\u5b89\u5168\u9632\u62a4","valid":true}
{"arg":"s","icon":{"path":"translate.png"},"quicklookurl":"http:\/\/youdao.com\/w\/s","subtitle":"S Doradus","text":{"copy":"\u5251\u9c7c\u5ea7S"},"title":"\u5251\u9c7c\u5ea7S","valid":true}
{"arg":"specia","icon":{"path":"translate.png"},"quicklookurl":"http:\/\/youdao.com\/w\/specia","subtitle":"specia","text":{"copy":"\u7269\u79cd,\u79cd\u793e\u4f1a,\u7279\u6b8a,\u7279\u79cd\u90e8\u961f"},"title":"\u7269\u79cd,\u79cd\u793e\u4f1a,\u7279\u6b8a,\u7279\u79cd\u90e8\u961f","valid":true}
{"arg":"special","icon":{"path":"translate.png"},"quicklookurl":"http:\/\/youdao.com\/w\/special","subtitle":"Special","text":{"copy":"\u7279\u522b,\u7279\u6b8a,\u7279\u6b8a\u6280,\u4e13\u9898"},"title":"\u7279\u522b,\u7279\u6b8a,\u7279\u6b8a\u6280,\u4e13\u9898","valid":true}
{"arg":"warm","icon":{"path":"translate.png"},"quicklookurl":"http:\/\/youdao.com\/w\/warm","subtitle":"Warm","text":{"copy":"\u6e29\u6696,\u6696\u548c\u7684,\u70ed\u70c8,\u6e29\u70ed"},"title":"\u6e29\u6696,\u6696\u548c\u7684,\u70ed\u70c8,\u6e29\u70ed","valid":true}
{"arg":"w","icon":{"path":"translate.png"},"quicklookurl":"http:\/\/youdao.com\/w\/w","subtitle":"George W","text":{"copy":"\u5c0f\u5e03\u4ec0,\u98ce\u4e91\u4f20\u5947,\u5730\u5740"},"title":"\u5c0f\u5e03\u4ec0,\u98ce\u4e91\u4f20\u5947,\u5730\u5740","valid":true}
{"arg":"farm","icon":{"path":"translate.png"},"quicklookurl":"http:\/\/youdao.com\/w\/farm","subtitle":"farm","text":{"copy":"\u519c\u573a,\u519c\u5e84,\u6253\u5175\u8d5a\u94b1,\u75af\u72c2\u519c\u573a"},"title":"\u519c\u573a,\u519c\u5e84,\u6253\u5175\u8d5a\u94b1,\u75af\u72c2\u519c\u573a","valid":true}
{"arg":"wh","icon":{"path":"translate.png"},"quicklookurl":"http:\/\/youdao.com\/w\/wh","subtitle":"Wh","text":{"copy":"\u74e6\u65f6,\u897f\u5c4b\u7535\u6c14,\u80fd\u91cf\u5bc6\u5ea6,\u5de5\u7a0b\u5e08"},"title":"\u74e6\u65f6,\u897f\u5c4b\u7535\u6c14,\u80fd\u91cf\u5bc6\u5ea6,\u5de5\u7a0b\u5e08","valid":true}
{"arg":"whole","icon":{"path":"translate.png"},"quicklookurl":"http:\/\/youdao.com\/w\/whole","subtitle":"Whole","text":{"copy":"\u6574\u4e2a,\u5168\u90e8,\u6574\u6574,\u5b8c\u6574\u7684"},"title":"\u6574\u4e2a,\u5168\u90e8,\u6574\u6574,\u5b8c\u6574\u7684","valid":true}
{"arg":"wholes","icon":{"path":"translate.png"},"quicklookurl":"http:\/\/youdao.com\/w\/wholes","subtitle":"wholes","text":{"copy":"\u6574\u4f53"},"title":"\u6574\u4f53","valid":true}
{"arg":"wholesale","icon":{"path":"translate.png"},"quicklookurl":"http:\/\/youdao.com\/w\/wholesale","subtitle":"Wholesale","text":{"copy":"\u6279\u53d1,\u5927\u6279\u7684,\u4e00\u4ef6\u4ee3\u53d1,\u6279\u53d1\u9500\u552e"},"title":"\u6279\u53d1,\u5927\u6279\u7684,\u4e00\u4ef6\u4ee3\u53d1,\u6279\u53d1\u9500\u552e","valid":true}
{"arg":"developer","icon":{"path":"translate.png"},"quicklookurl":"http:\/\/youdao.com\/w\/developer","subtitle":"developer","text":{"copy":"\u5f00\u53d1\u8005,\u663e\u5f71\u5242,\u5f00\u53d1\u4eba\u5458,\u663e\u50cf\u5242"},"title":"\u5f00\u53d1\u8005,\u663e\u5f71\u5242,\u5f00\u53d1\u4eba\u5458,\u663e\u50cf\u5242","valid":true}
{"arg":"The remaining","icon":{"path":"translate.png"},"quicklookurl":"http:\/\/youdao.com\/w\/%E5%89%A9%E4%BD%99","subtitle":"\u5269\u4f59","text":{"copy":"remain,Surplus,residual,remnant"},"title":"remain,Surplus,residual,remnant","valid":true}
{"arg":"residue","icon":{"path":"translate.png"},"quicklookurl":"http:\/\/youdao.com\/w\/residue","subtitle":"Residue","text":{"copy":"\u6b8b\u7559,\u6b8b\u57fa,\u7559\u6570,\u6b8b\u6e23"},"title":"\u6b8b\u7559,\u6b8b\u57fa,\u7559\u6570,\u6b8b\u6e23","valid":true}
{"arg":"r","icon":{"path":"translate.png"},"quicklookurl":"http:\/\/youdao.com\/w\/r","subtitle":"R Aurigae","text":{"copy":"\u5fa1\u592b\u5ea7R"},"title":"\u5fa1\u592b\u5ea7R","valid":true}
{"arg":"s","icon":{"path":"translate.png"},"quicklookurl":"http:\/\/youdao.com\/w\/s","subtitle":"S Doradus","text":{"copy":"\u5251\u9c7c\u5ea7S"},"title":"\u5251\u9c7c\u5ea7S","valid":true}
{"arg":"The remaining","icon":{"path":"translate.png"},"quicklookurl":"http:\/\/youdao.com\/w\/%E5%89%A9%E4%B8%8B","subtitle":"\u5269\u4e0b","text":{"copy":"remain,leave over,left over,spare"},"title":"remain,leave over,left over,spare","valid":true}
{"arg":"left","icon":{"path":"translate.png"},"quicklookurl":"http:\/\/youdao.com\/w\/%E5%89%A9","subtitle":"\u5269","text":{"copy":"base excess"},"title":"base excess","valid":true}
{"arg":"re","icon":{"path":"translate.png"},"quicklookurl":"http:\/\/youdao.com\/w\/re","subtitle":"RE","text":{"copy":"\u6a61\u80f6\u7c98\u5408\u5242,\u7559\u5c3c\u6c6a,\u96f7\u8bfa\u6570,\u9006\u5411\u5de5\u7a0b"},"title":"\u6a61\u80f6\u7c98\u5408\u5242,\u7559\u5c3c\u6c6a,\u96f7\u8bfa\u6570,\u9006\u5411\u5de5\u7a0b","valid":true}
{"arg":"remain","icon":{"path":"translate.png"},"quicklookurl":"http:\/\/youdao.com\/w\/remain","subtitle":"remain","text":{"copy":"\u4fdd\u6301,\u5269\u4f59,\u505c\u7559,\u5269\u4e0b"},"title":"\u4fdd\u6301,\u5269\u4f59,\u505c\u7559,\u5269\u4e0b","valid":true}
{"arg":"c","icon":{"path":"translate.png"},"quicklookurl":"http:\/\/youdao.com\/w\/c","subtitle":"C battery","text":{"copy":"\u4e19\u7535\u6c60\u7ec4,\u6805\u504f\u538b\u7535\u6c60,\u68da\u6781\u7535\u6c60\u7ec4,\u6805\u6781\u7535\u6c60\u7ec4"},"title":"\u4e19\u7535\u6c60\u7ec4,\u6805\u504f\u538b\u7535\u6c60,\u68da\u6781\u7535\u6c60\u7ec4,\u6805\u6781\u7535\u6c60\u7ec4","valid":true}
{"arg":"operation","icon":{"path":"translate.png"},"quicklookurl":"http:\/\/youdao.com\/w\/%E6%93%8D%E4%BD%9C","subtitle":"\u64cd\u4f5c","text":{"copy":"operate,manipulate,Operations,action"},"title":"operate,manipulate,Operations,action","valid":true}
{"arg":"fid","icon":{"path":"translate.png"},"quicklookurl":"http:\/\/youdao.com\/w\/fid","subtitle":"FID","text":{"copy":"\u6c22\u706b\u7130\u79bb\u5b50\u5316\u68c0\u6d4b\u5668,\u6c22\u706b\u7130\u79bb\u5b50\u5316\u68c0\u6d4b\u5668(Flame Ionization Detector),\u6c22\u706b\u7130\u68c0\u6d4b\u5668,\u4fe1\u4efb"},"title":"\u6c22\u706b\u7130\u79bb\u5b50\u5316\u68c0\u6d4b\u5668,\u6c22\u706b\u7130\u79bb\u5b50\u5316\u68c0\u6d4b\u5668(Flame Ionization Detector),\u6c22\u706b\u7130\u68c0\u6d4b\u5668,\u4fe1\u4efb","valid":true}
{"arg":"s","icon":{"path":"translate.png"},"quicklookurl":"http:\/\/youdao.com\/w\/s","subtitle":"S Doradus","text":{"copy":"\u5251\u9c7c\u5ea7S"},"title":"\u5251\u9c7c\u5ea7S","valid":true}
{"arg":"store","icon":{"path":"translate.png"},"quicklookurl":"http:\/\/youdao.com\/w\/store","subtitle":"Store","text":{"copy":"\u5b58\u50a8,\u5546\u5e97,\u50a8\u5b58,\u5e97"},"title":"\u5b58\u50a8,\u5546\u5e97,\u50a8\u5b58,\u5e97","valid":true}
{"arg":"province","icon":{"path":"translate.png"},"quicklookurl":"http:\/\/youdao.com\/w\/%E7%9C%81","subtitle":"\u7701","text":{"copy":"province,State,dart,St"},"title":"province,State,dart,St","valid":true}
{"arg":"save","icon":{"path":"translate.png"},"quicklookurl":"http:\/\/youdao.com\/w\/%E8%8A%82%E7%9C%81","subtitle":"\u8282\u7701","text":{"copy":"economize on,saving,economy,thrifty"},"title":"economize on,saving,economy,thrifty","valid":true}
{"arg":"open","icon":{"path":"translate.png"},"quicklookurl":"http:\/\/youdao.com\/w\/%E5%BC%80%E9%80%9A","subtitle":"\u5f00\u901a","text":{"copy":"open up,dredge,removeobstaclesfrom,Cutover"},"title":"open up,dredge,removeobstaclesfrom,Cutover","valid":true}
{"arg":"specifications","icon":{"path":"translate.png"},"quicklookurl":"http:\/\/youdao.com\/w\/%E8%A7%84%E6%A0%BC","subtitle":"\u89c4\u683c","text":{"copy":"Specification,SIZE,SPEC,standard"},"title":"Specification,SIZE,SPEC,standard","valid":true}
{"arg":"i","icon":{"path":"translate.png"},"quicklookurl":"http:\/\/youdao.com\/w\/i","subtitle":"I SWEAR","text":{"copy":"\u6211\u5ba3\u8a93,\u6211\u53d1\u8a93,\u8a93\u8a00,\u6797\u5fc6\u83b2"},"title":"\u6211\u5ba3\u8a93,\u6211\u53d1\u8a93,\u8a93\u8a00,\u6797\u5fc6\u83b2","valid":true}
{"arg":"sending","icon":{"path":"translate.png"},"quicklookurl":"http:\/\/youdao.com\/w\/sending","subtitle":"sending","text":{"copy":"\u53d1\u9001,\u77ed\u8baf\u672f,\u6b63\u5728\u53d1\u9001,\u9009\u9001"},"title":"\u53d1\u9001,\u77ed\u8baf\u672f,\u6b63\u5728\u53d1\u9001,\u9009\u9001","valid":true}
{"arg":"wholesale","icon":{"path":"translate.png"},"quicklookurl":"http:\/\/youdao.com\/w\/wholesale","subtitle":"Wholesale","text":{"copy":"\u6279\u53d1,\u5927\u6279\u7684,\u4e00\u4ef6\u4ee3\u53d1,\u6279\u53d1\u9500\u552e"},"title":"\u6279\u53d1,\u5927\u6279\u7684,\u4e00\u4ef6\u4ee3\u53d1,\u6279\u53d1\u9500\u552e","valid":true}
{"arg":"sh","icon":{"path":"translate.png"},"quicklookurl":"http:\/\/youdao.com\/w\/sh","subtitle":"SH","text":{"copy":"\u624b\u52a8\u63a7\u5236\u5f00\u5173,\u6697\u5f71\u730e\u624b,\u80a1\u4efd,\u80a1\u4efd\u6709\u9650\u516c\u53f8"},"title":"\u624b\u52a8\u63a7\u5236\u5f00\u5173,\u6697\u5f71\u730e\u624b,\u80a1\u4efd,\u80a1\u4efd\u6709\u9650\u516c\u53f8","valid":true}
{"arg":"shoppe","icon":{"path":"translate.png"},"quicklookurl":"http:\/\/youdao.com\/w\/shoppe","subtitle":"shoppe","text":{"copy":"\u5546\u5e97,\u6db2\u6676\u663e\u793a\u7247,\u4e13\u67dc\u7cbe\u54c1,\u59d3"},"title":"\u5546\u5e97,\u6db2\u6676\u663e\u793a\u7247,\u4e13\u67dc\u7cbe\u54c1,\u59d3","valid":true}
{"arg":"college","icon":{"path":"translate.png"},"quicklookurl":"http:\/\/youdao.com\/w\/college","subtitle":"college","text":{"copy":"\u5b66\u9662,\u5927\u5b66,\u9ad8\u6821,\u4e66\u9662\u8857\u7ad9"},"title":"\u5b66\u9662,\u5927\u5b66,\u9ad8\u6821,\u4e66\u9662\u8857\u7ad9","valid":true}
{"arg":"market","icon":{"path":"translate.png"},"quicklookurl":"http:\/\/youdao.com\/w\/%E5%B8%82%E5%9C%BA","subtitle":"\u5e02\u573a","text":{"copy":"market,Marketplace,Marketing Supervisor,bazaar"},"title":"market,Marketplace,Marketing Supervisor,bazaar","valid":true}
