{"arg":"Put out","icon":{"path":"translate.png"},"quicklookurl":"http:\/\/youdao.com\/w\/%E7%86%84%E7%81%AD","subtitle":"\u7184\u706d","text":{"copy":"go out,extinguish,burn out,die out"},"title":"go out,extinguish,burn out,die out","valid":true}
{"arg":"On Wednesday,","icon":{"path":"translate.png"},"quicklookurl":"http:\/\/youdao.com\/w\/%E6%98%9F%E6%9C%9F%E4%B8%89","subtitle":"\u661f\u671f\u4e09","text":{"copy":"Wednesday,WED,mercoled,Mittwoch"},"title":"Wednesday,WED,mercoled,Mittwoch","valid":true}
{"arg":"supp","icon":{"path":"translate.png"},"quicklookurl":"http:\/\/youdao.com\/w\/supp","subtitle":"Supp","text":{"copy":"\u8865\u5145\u8d37\u6b3e,\u6813\u5242,\u4eba\u8054\u515a,\u8865\u9057"},"title":"\u8865\u5145\u8d37\u6b3e,\u6813\u5242,\u4eba\u8054\u515a,\u8865\u9057","valid":true}
{"arg":"supplier","icon":{"path":"translate.png"},"quicklookurl":"http:\/\/youdao.com\/w\/supplier","subtitle":"supplier","text":{"copy":"\u4f9b\u5e94\u5546,\u4f9b\u8d27\u5546,\u4f9b\u65b9,\u4f9b\u5e94\u8005"},"title":"\u4f9b\u5e94\u5546,\u4f9b\u8d27\u5546,\u4f9b\u65b9,\u4f9b\u5e94\u8005","valid":true}
{"arg":"week","icon":{"path":"translate.png"},"quicklookurl":"http:\/\/youdao.com\/w\/%E6%98%9F%E6%9C%9F","subtitle":"\u661f\u671f","text":{"copy":"Week,Days of the week,watt,width"},"title":"Week,Days of the week,watt,width","valid":true}
{"arg":"On Thursday,","icon":{"path":"translate.png"},"quicklookurl":"http:\/\/youdao.com\/w\/%E6%98%9F%E6%9C%9F%E5%9B%9B","subtitle":"\u661f\u671f\u56db","text":{"copy":"Thursday,Thu,jeudi,Thur"},"title":"Thursday,Thu,jeudi,Thur","valid":true}
{"arg":"w","icon":{"path":"translate.png"},"quicklookurl":"http:\/\/youdao.com\/w\/w","subtitle":"George W","text":{"copy":"\u5c0f\u5e03\u4ec0,\u98ce\u4e91\u4f20\u5947"},"title":"\u5c0f\u5e03\u4ec0,\u98ce\u4e91\u4f20\u5947","valid":true}
{"arg":"width","icon":{"path":"translate.png"},"quicklookurl":"http:\/\/youdao.com\/w\/width","subtitle":"Width","text":{"copy":"\u5bbd\u5ea6,\u5bbd,\u74e6\u7279,\u949f\u91cf"},"title":"\u5bbd\u5ea6,\u5bbd,\u74e6\u7279,\u949f\u91cf","valid":true}
{"arg":"sta","icon":{"path":"translate.png"},"quicklookurl":"http:\/\/youdao.com\/w\/sta","subtitle":"Sta","text":{"copy":"\u661f\u7403\u5927\u6218\u539f\u529b\u89c9\u9192,\u9759\u6001\u65f6\u5e8f\u5206\u6790,\u5355\u7ebf\u7a0b\u5355\u5143,\u65af\u5854"},"title":"\u661f\u7403\u5927\u6218\u539f\u529b\u89c9\u9192,\u9759\u6001\u65f6\u5e8f\u5206\u6790,\u5355\u7ebf\u7a0b\u5355\u5143,\u65af\u5854","valid":true}
{"arg":"star","icon":{"path":"translate.png"},"quicklookurl":"http:\/\/youdao.com\/w\/star","subtitle":"star","text":{"copy":"\u661f\u661f,\u660e\u661f,\u661f,\u6052\u661f"},"title":"\u661f\u661f,\u660e\u661f,\u661f,\u6052\u661f","valid":true}
{"arg":"s","icon":{"path":"translate.png"},"quicklookurl":"http:\/\/youdao.com\/w\/s","subtitle":"S Doradus","text":{"copy":"\u5251\u9c7c\u5ea7S"},"title":"\u5251\u9c7c\u5ea7S","valid":true}
{"arg":"Come to think of it","icon":{"path":"translate.png"},"quicklookurl":"http:\/\/youdao.com\/w\/%E6%83%B3%E8%B5%B7%E6%9D%A5","subtitle":"\u60f3\u8d77\u6765","text":{"copy":"come back,to recall,think of,cross one's mind"},"title":"come back,to recall,think of,cross one's mind","valid":true}
{"arg":"Want to","icon":{"path":"translate.png"},"quicklookurl":"http:\/\/youdao.com\/w\/%E6%83%B3","subtitle":"\u60f3","text":{"copy":"think,meditate,want,charge for"},"title":"think,meditate,want,charge for","valid":true}
{"arg":"On Saturday,","icon":{"path":"translate.png"},"quicklookurl":"http:\/\/youdao.com\/w\/%E6%98%9F%E6%9C%9F%E5%85%AD","subtitle":"\u661f\u671f\u516d","text":{"copy":"Saturday,Sat,ST&SAT,samedi"},"title":"Saturday,Sat,ST&SAT,samedi","valid":true}
{"arg":"a","icon":{"path":"translate.png"},"quicklookurl":"http:\/\/youdao.com\/w\/a","subtitle":"a cappella","text":{"copy":"\u65e0\u4f34\u594f\u5408\u5531,\u963f\u5361\u8d1d\u62c9,\u8d70\u5728\u5927\u8857\u7684\u5973\u5b50,\u65e0\u4f34\u594f"},"title":"\u65e0\u4f34\u594f\u5408\u5531,\u963f\u5361\u8d1d\u62c9,\u8d70\u5728\u5927\u8857\u7684\u5973\u5b50,\u65e0\u4f34\u594f","valid":true}
{"arg":"cast","icon":{"path":"translate.png"},"quicklookurl":"http:\/\/youdao.com\/w\/cast","subtitle":"cast","text":{"copy":"\u6295,\u5faa\u73af\u5f0f\u6d3b\u6027\u6c61\u6ce5\u6cd5,\u9635\u5bb9,\u4e2d\u6295"},"title":"\u6295,\u5faa\u73af\u5f0f\u6d3b\u6027\u6c61\u6ce5\u6cd5,\u9635\u5bb9,\u4e2d\u6295","valid":true}
{"arg":"expected","icon":{"path":"translate.png"},"quicklookurl":"http:\/\/youdao.com\/w\/expected","subtitle":"Expected","text":{"copy":"\u9884\u671f,\u610f\u6599\u4e4b\u4e2d,\u9884\u8ba1,\u53ef\u671b"},"title":"\u9884\u671f,\u610f\u6599\u4e4b\u4e2d,\u9884\u8ba1,\u53ef\u671b","valid":true}
{"arg":"On Wednesday,","icon":{"path":"translate.png"},"quicklookurl":"http:\/\/youdao.com\/w\/%E6%98%9F%E6%9C%9F%E4%B8%89","subtitle":"\u661f\u671f\u4e09","text":{"copy":"Wednesday,WED,mercoled,Mittwoch"},"title":"Wednesday,WED,mercoled,Mittwoch","valid":true}
{"arg":"On Wednesday,","icon":{"path":"translate.png"},"quicklookurl":"http:\/\/youdao.com\/w\/%E6%98%9F%E6%9C%9F%E4%B8%89","subtitle":"\u661f\u671f\u4e09","text":{"copy":"Wednesday,WED,mercoled,Mittwoch"},"title":"Wednesday,WED,mercoled,Mittwoch","valid":true}
{"arg":"week","icon":{"path":"translate.png"},"quicklookurl":"http:\/\/youdao.com\/w\/%E6%98%9F%E6%9C%9F","subtitle":"\u661f\u671f","text":{"copy":"Week,Days of the week,watt,width"},"title":"Week,Days of the week,watt,width","valid":true}
{"arg":"On Thursday,","icon":{"path":"translate.png"},"quicklookurl":"http:\/\/youdao.com\/w\/%E6%98%9F%E6%9C%9F%E5%9B%9B","subtitle":"\u661f\u671f\u56db","text":{"copy":"Thursday,Thu,jeudi,Thur"},"title":"Thursday,Thu,jeudi,Thur","valid":true}
{"arg":"shi","icon":{"path":"translate.png"},"quicklookurl":"http:\/\/youdao.com\/w\/shi","subtitle":"SHI","text":{"copy":"\u8f85\u52a9\u5173\u95e8\u7cfb\u7edf,\u77f3\u6c0f,\u65e5\u672c\u829d\u84b2\u7535\u6c14\u516c\u53f8,\u5927\u6805"},"title":"\u8f85\u52a9\u5173\u95e8\u7cfb\u7edf,\u77f3\u6c0f,\u65e5\u672c\u829d\u84b2\u7535\u6c14\u516c\u53f8,\u5927\u6805","valid":true}
{"arg":"shield","icon":{"path":"translate.png"},"quicklookurl":"http:\/\/youdao.com\/w\/shield","subtitle":"Shield","text":{"copy":"\u76fe\u724c,\u795e\u76fe\u5c40,\u76fe,\u5730\u76fe"},"title":"\u76fe\u724c,\u795e\u76fe\u5c40,\u76fe,\u5730\u76fe","valid":true}
{"arg":"s","icon":{"path":"translate.png"},"quicklookurl":"http:\/\/youdao.com\/w\/s","subtitle":"S Doradus","text":{"copy":"\u5251\u9c7c\u5ea7S"},"title":"\u5251\u9c7c\u5ea7S","valid":true}
{"arg":"c","icon":{"path":"translate.png"},"quicklookurl":"http:\/\/youdao.com\/w\/c","subtitle":"C battery","text":{"copy":"\u4e19\u7535\u6c60\u7ec4,\u6805\u504f\u538b\u7535\u6c60,\u68da\u6781\u7535\u6c60\u7ec4,\u6805\u6781\u7535\u6c60\u7ec4"},"title":"\u4e19\u7535\u6c60\u7ec4,\u6805\u504f\u538b\u7535\u6c60,\u68da\u6781\u7535\u6c60\u7ec4,\u6805\u6781\u7535\u6c60\u7ec4","valid":true}
{"arg":"critical","icon":{"path":"translate.png"},"quicklookurl":"http:\/\/youdao.com\/w\/critical","subtitle":"critical","text":{"copy":"\u4e34\u754c\u7684,\u6279\u8bc4\u7684,\u5173\u952e\u7684,\u5371\u6025\u7684"},"title":"\u4e34\u754c\u7684,\u6279\u8bc4\u7684,\u5173\u952e\u7684,\u5371\u6025\u7684","valid":true}
{"arg":"wheel","icon":{"path":"translate.png"},"quicklookurl":"http:\/\/youdao.com\/w\/wheel","subtitle":"Wheel","text":{"copy":"\u8f66\u8f6e,\u8f6e\u5b50,\u8f6e,\u96f7\u950b\u8bba\u575b\u529e\u516c\u5ba4"},"title":"\u8f66\u8f6e,\u8f6e\u5b50,\u8f6e,\u96f7\u950b\u8bba\u575b\u529e\u516c\u5ba4","valid":true}
{"arg":"Tarragona","icon":{"path":"translate.png"},"quicklookurl":"http:\/\/youdao.com\/w\/Tarragona","subtitle":"Tarragona","text":{"copy":"\u5854\u62c9\u6208\u7eb3,\u5854\u62c9\u6208\u90a3,\u5854\u62c9\u6208\u7eb3\u7701,\u7eb3\u7701"},"title":"\u5854\u62c9\u6208\u7eb3,\u5854\u62c9\u6208\u90a3,\u5854\u62c9\u6208\u7eb3\u7701,\u7eb3\u7701","valid":true}
{"arg":"guard","icon":{"path":"translate.png"},"quicklookurl":"http:\/\/youdao.com\/w\/guard","subtitle":"Guard","text":{"copy":"\u540e\u536b,\u4fdd\u62a4,\u9632\u62a4\u88c5\u7f6e,\u5b88\u536b"},"title":"\u540e\u536b,\u4fdd\u62a4,\u9632\u62a4\u88c5\u7f6e,\u5b88\u536b","valid":true}
{"arg":"surd","icon":{"path":"translate.png"},"quicklookurl":"http:\/\/youdao.com\/w\/surd","subtitle":"surd","text":{"copy":"\u4e0d\u5c3d\u6839,\u6839\u5f0f,\u65e0\u7406\u6570,\u6e05\u97f3"},"title":"\u4e0d\u5c3d\u6839,\u6839\u5f0f,\u65e0\u7406\u6570,\u6e05\u97f3","valid":true}
{"arg":"surf","icon":{"path":"translate.png"},"quicklookurl":"http:\/\/youdao.com\/w\/surf","subtitle":"surf","text":{"copy":"\u51b2\u6d6a,\u52a0\u901f\u7a33\u5065\u7279\u5f81,\u514b\u91cc\u65af\u5df4\u514b,\u6d77\u6d6a\u97f3\u4e50"},"title":"\u51b2\u6d6a,\u52a0\u901f\u7a33\u5065\u7279\u5f81,\u514b\u91cc\u65af\u5df4\u514b,\u6d77\u6d6a\u97f3\u4e50","valid":true}
