{"arg":"j","icon":{"path":"translate.png"},"quicklookurl":"http:\/\/youdao.com\/w\/j","subtitle":"Mary J","text":{"copy":"\u5e03\u83b1\u59ec,\u5e03\u91cc\u59ec,\u5e03\u91cc\u5947,\u739b\u4e3d\u00b7\u5e03\u83b1\u5947"},"title":"\u5e03\u83b1\u59ec,\u5e03\u91cc\u59ec,\u5e03\u91cc\u5947,\u739b\u4e3d\u00b7\u5e03\u83b1\u5947","valid":true}
{"arg":"solution","icon":{"path":"translate.png"},"quicklookurl":"http:\/\/youdao.com\/w\/%E8%A7%A3","subtitle":"\u89e3\u6790\u89e3","text":{"copy":"closed-form expression,analytical solution,closed-form solution,Closed-form formula"},"title":"closed-form expression,analytical solution,closed-form solution,Closed-form formula","valid":true}
{"arg":"p","icon":{"path":"translate.png"},"quicklookurl":"http:\/\/youdao.com\/w\/p","subtitle":"substance P","text":{"copy":"P\u7269\u8d28,\u7269\u8d28P,\u809d\u764c,\u795e\u7ecf\u80bdP\u7269\u8d28"},"title":"P\u7269\u8d28,\u7269\u8d28P,\u809d\u764c,\u795e\u7ecf\u80bdP\u7269\u8d28","valid":true}
{"arg":"scre","icon":{"path":"translate.png"},"quicklookurl":"http:\/\/youdao.com\/w\/scre","subtitle":"Scre enUp","text":{"copy":"\u91c7\u7528\u6eda\u5c4f"},"title":"\u91c7\u7528\u6eda\u5c4f","valid":true}
{"arg":"scren","icon":{"path":"translate.png"},"quicklookurl":"http:\/\/youdao.com\/w\/scren","subtitle":"SCREN PRO","text":{"copy":"\u7f8e\u56fd"},"title":"\u7f8e\u56fd","valid":true}
{"arg":"scree ","icon":{"path":"translate.png"},"quicklookurl":"http:\/\/youdao.com\/w\/scree+","subtitle":"Scree","text":{"copy":"\u788e\u77f3\u5761,\u5ca9\u5c51\u5806,\u5c71\u77f3\u5806,\u5c71\u5761\u4e0a\u7684\u788e\u77f3\u5806"},"title":"\u788e\u77f3\u5761,\u5ca9\u5c51\u5806,\u5c71\u77f3\u5806,\u5c71\u5761\u4e0a\u7684\u788e\u77f3\u5806","valid":true}
{"arg":"screen","icon":{"path":"translate.png"},"quicklookurl":"http:\/\/youdao.com\/w\/screen","subtitle":"Print Screen","text":{"copy":"\u6253\u5370\u5c4f\u5e55,\u622a\u56fe\u952e,\u6253\u5370\u952e,\u5c4f\u5e55\u6253\u5370\u952e"},"title":"\u6253\u5370\u5c4f\u5e55,\u622a\u56fe\u952e,\u6253\u5370\u952e,\u5c4f\u5e55\u6253\u5370\u952e","valid":true}
{"arg":"screening","icon":{"path":"translate.png"},"quicklookurl":"http:\/\/youdao.com\/w\/screening","subtitle":"Screening Router","text":{"copy":"\u5c4f\u853d\u8def\u7531\u5668,\u7b5b\u9009\u8def\u7531\u5668,\u5c4f\u853d"},"title":"\u5c4f\u853d\u8def\u7531\u5668,\u7b5b\u9009\u8def\u7531\u5668,\u5c4f\u853d","valid":true}
{"arg":"co","icon":{"path":"translate.png"},"quicklookurl":"http:\/\/youdao.com\/w\/co","subtitle":"Hershey Co","text":{"copy":"\u597d\u65f6\u516c\u53f8,\u597d\u65f6\u98df\u54c1,\u7f8e\u56fd\u5de7\u514b\u529b\u751f\u4ea7\u5546\u597d\u65f6,\u5df2\u7ecf\u4e0e\u597d\u65f6"},"title":"\u597d\u65f6\u516c\u53f8,\u597d\u65f6\u98df\u54c1,\u7f8e\u56fd\u5de7\u514b\u529b\u751f\u4ea7\u5546\u597d\u65f6,\u5df2\u7ecf\u4e0e\u597d\u65f6","valid":true}
{"arg":"connt","icon":{"path":"translate.png"},"quicklookurl":"http:\/\/youdao.com\/w\/connt","subtitle":"Connt","text":{"copy":"\u8fde\u901a\u533a\u57df"},"title":"\u8fde\u901a\u533a\u57df","valid":true}
{"arg":"connect","icon":{"path":"translate.png"},"quicklookurl":"http:\/\/youdao.com\/w\/connect","subtitle":"Max Connect","text":{"copy":"\u6700\u5927\u8fde\u7ed3,\u5706\u7403\u5149\u675f\u8fde\u63a5,\u6700\u5927\u8fde\u63a5"},"title":"\u6700\u5927\u8fde\u7ed3,\u5706\u7403\u5149\u675f\u8fde\u63a5,\u6700\u5927\u8fde\u63a5","valid":true}
{"arg":"meant","icon":{"path":"translate.png"},"quicklookurl":"http:\/\/youdao.com\/w\/meant","subtitle":"Meant","text":{"copy":"\u7f8e\u5b89\u7279,\u610f\u5473,\u610f\u8c13,\u4e0d\u662f\u610f\u5473\u7740\u7684\u610f\u601d"},"title":"\u7f8e\u5b89\u7279,\u610f\u5473,\u610f\u8c13,\u4e0d\u662f\u610f\u5473\u7740\u7684\u610f\u601d","valid":true}
{"arg":"quo","icon":{"path":"translate.png"},"quicklookurl":"http:\/\/youdao.com\/w\/quo","subtitle":"Veridis Quo","text":{"copy":"\u771f\u5b9e\u4e4b\u4e66"},"title":"\u771f\u5b9e\u4e4b\u4e66","valid":true}
{"arg":"quote","icon":{"path":"translate.png"},"quicklookurl":"http:\/\/youdao.com\/w\/quote","subtitle":"close quote","text":{"copy":"\u5f15\u53f7\u7684\u4e0b\u4e00\u534a,\u53f3\u5f15\u53f7"},"title":"\u5f15\u53f7\u7684\u4e0b\u4e00\u534a,\u53f3\u5f15\u53f7","valid":true}
{"arg":"f","icon":{"path":"translate.png"},"quicklookurl":"http:\/\/youdao.com\/w\/f","subtitle":"f number","text":{"copy":"\u5149\u5708\u6307\u6570,\u7ffb\u8bd1,\u7126\u8ddd\u6bd4\u6570"},"title":"\u5149\u5708\u6307\u6570,\u7ffb\u8bd1,\u7126\u8ddd\u6bd4\u6570","valid":true}
{"arg":"f","icon":{"path":"translate.png"},"quicklookurl":"http:\/\/youdao.com\/w\/f","subtitle":"f number","text":{"copy":"\u5149\u5708\u6307\u6570,\u7ffb\u8bd1,\u7126\u8ddd\u6bd4\u6570"},"title":"\u5149\u5708\u6307\u6570,\u7ffb\u8bd1,\u7126\u8ddd\u6bd4\u6570","valid":true}
{"arg":"effe","icon":{"path":"translate.png"},"quicklookurl":"http:\/\/youdao.com\/w\/effe","subtitle":"Effe","text":{"copy":"\u57c3\u82ac\u535a\u683c,\u6548\u679c"},"title":"\u57c3\u82ac\u535a\u683c,\u6548\u679c","valid":true}
{"arg":"effect","icon":{"path":"translate.png"},"quicklookurl":"http:\/\/youdao.com\/w\/effect","subtitle":"Streisand effect","text":{"copy":"\u53f2\u7fe0\u73ca\u6548\u5e94"},"title":"\u53f2\u7fe0\u73ca\u6548\u5e94","valid":true}
{"arg":"det","icon":{"path":"translate.png"},"quicklookurl":"http:\/\/youdao.com\/w\/det","subtitle":"det detection","text":{"copy":"\u68c0\u6ce2,\u4e0d\u6613\u63a2\u6d4b\u5ea6,\u68c0\u6d4b"},"title":"\u68c0\u6ce2,\u4e0d\u6613\u63a2\u6d4b\u5ea6,\u68c0\u6d4b","valid":true}
{"arg":"detail","icon":{"path":"translate.png"},"quicklookurl":"http:\/\/youdao.com\/w\/detail","subtitle":"Detail Map","text":{"copy":"\u8be6\u7ec6\u5730\u56fe,\u7ec6\u8282\u7eb9\u7406,\u7ec6\u8282\u56fe"},"title":"\u8be6\u7ec6\u5730\u56fe,\u7ec6\u8282\u7eb9\u7406,\u7ec6\u8282\u56fe","valid":true}
{"arg":"row","icon":{"path":"translate.png"},"quicklookurl":"http:\/\/youdao.com\/w\/row","subtitle":"Savile Row","text":{"copy":"\u8428\u7ef4\u5c14\u8857"},"title":"\u8428\u7ef4\u5c14\u8857","valid":true}
{"arg":"strip","icon":{"path":"translate.png"},"quicklookurl":"http:\/\/youdao.com\/w\/strip","subtitle":"casparian strip","text":{"copy":"\u51ef\u6c0f\u5e26,\u5361\u6c0f\u5e26,\u5609\u6c0f\u5e26,\u79f0\u51ef\u6c0f\u5e26"},"title":"\u51ef\u6c0f\u5e26,\u5361\u6c0f\u5e26,\u5609\u6c0f\u5e26,\u79f0\u51ef\u6c0f\u5e26","valid":true}
{"arg":"rejected","icon":{"path":"translate.png"},"quicklookurl":"http:\/\/youdao.com\/w\/rejected","subtitle":"rejected log","text":{"copy":"\u7b49\u5916\u6750,\u6dd8\u6c70\u6750,\u4e0d\u5408\u89c4\u683c\u6750"},"title":"\u7b49\u5916\u6750,\u6dd8\u6c70\u6750,\u4e0d\u5408\u89c4\u683c\u6750","valid":true}
{"arg":"required","icon":{"path":"translate.png"},"quicklookurl":"http:\/\/youdao.com\/w\/required","subtitle":"required reserves","text":{"copy":"\u6cd5\u5b9a\u51c6\u5907\u91d1,\u5b58\u6b3e\u51c6\u5907\u91d1,\u6cd5\u5b9a\u9884\u5907\u91d1,\u5e94\u63d0\u51c6\u5907"},"title":"\u6cd5\u5b9a\u51c6\u5907\u91d1,\u5b58\u6b3e\u51c6\u5907\u91d1,\u6cd5\u5b9a\u9884\u5907\u91d1,\u5e94\u63d0\u51c6\u5907","valid":true}
{"arg":"currently","icon":{"path":"translate.png"},"quicklookurl":"http:\/\/youdao.com\/w\/currently","subtitle":"currently active","text":{"copy":"\u5f53\u524d\u5904\u4e8e\u6d3b\u52a8\u72b6\u6001,\u5f53\u524d\u6d3b\u52a8"},"title":"\u5f53\u524d\u5904\u4e8e\u6d3b\u52a8\u72b6\u6001,\u5f53\u524d\u6d3b\u52a8","valid":true}
{"arg":"tpp","icon":{"path":"translate.png"},"quicklookurl":"http:\/\/youdao.com\/w\/tpp","subtitle":"tpp coating","text":{"copy":"\u8986\u6d82\u5c42"},"title":"\u8986\u6d82\u5c42","valid":true}
{"arg":"too ","icon":{"path":"translate.png"},"quicklookurl":"http:\/\/youdao.com\/w\/too+","subtitle":"too difficult","text":{"copy":"\u592a\u56f0\u96be,\u592a\u96be\u4e86,\u592a\u96be,\u592a\u56f0\u96be\u4e86"},"title":"\u592a\u56f0\u96be,\u592a\u96be\u4e86,\u592a\u96be,\u592a\u56f0\u96be\u4e86","valid":true}
{"arg":"too b","icon":{"path":"translate.png"},"quicklookurl":"http:\/\/youdao.com\/w\/too+b","subtitle":"Your too Niu B","text":{"copy":"\u4f60\u592a\u725bB\u4e86"},"title":"\u4f60\u592a\u725bB\u4e86","valid":true}
{"arg":"too bo","icon":{"path":"translate.png"},"quicklookurl":"http:\/\/youdao.com\/w\/too+bo","subtitle":"Too Bo Exhibition","text":{"copy":"\u592a\u535a\u4f1a\u5c55"},"title":"\u592a\u535a\u4f1a\u5c55","valid":true}
{"arg":"too broad","icon":{"path":"translate.png"},"quicklookurl":"http:\/\/youdao.com\/w\/too+broad","subtitle":"too broad","text":{"copy":"\u592a\u5bbd"},"title":"\u592a\u5bbd","valid":true}
{"arg":"clause","icon":{"path":"translate.png"},"quicklookurl":"http:\/\/youdao.com\/w\/clause","subtitle":"relative clause","text":{"copy":"\u5173\u7cfb\u5b50\u53e5,\u5173\u7cfb\u5206\u53e5,\u5b9a\u8bed\u4ece\u53e5,\u5173\u7cfb\u4ece\u53e5"},"title":"\u5173\u7cfb\u5b50\u53e5,\u5173\u7cfb\u5206\u53e5,\u5b9a\u8bed\u4ece\u53e5,\u5173\u7cfb\u4ece\u53e5","valid":true}
{"arg":"deprecated","icon":{"path":"translate.png"},"quicklookurl":"http:\/\/youdao.com\/w\/deprecated","subtitle":"Deprecated Value","text":{"copy":"\u5e9f\u5f03\u4ef7\u503c"},"title":"\u5e9f\u5f03\u4ef7\u503c","valid":true}
{"arg":"The agent","icon":{"path":"translate.png"},"quicklookurl":"http:\/\/youdao.com\/w\/%E4%BB%A3%E7%90%86","subtitle":"\u6d88\u606f\u4ee3\u7406","text":{"copy":"Message Broker,Message Agent,message-oriented broker"},"title":"Message Broker,Message Agent,message-oriented broker","valid":true}
{"arg":"generation","icon":{"path":"translate.png"},"quicklookurl":"http:\/\/youdao.com\/w\/%E4%BB%A3","subtitle":"\u4ee3\u6253","text":{"copy":"pinch hitter"},"title":"pinch hitter","valid":true}
{"arg":"proxy","icon":{"path":"translate.png"},"quicklookurl":"http:\/\/youdao.com\/w\/proxy","subtitle":"Dynamic Proxy","text":{"copy":"\u52a8\u6001\u4ee3\u7406,\u52a8\u6001\u4ee3\u7406\u6a21\u5f0f,\u62d3\u5c55,\u52a8\u6001\u4ee3\u7406\u65b9\u5f0f"},"title":"\u52a8\u6001\u4ee3\u7406,\u52a8\u6001\u4ee3\u7406\u6a21\u5f0f,\u62d3\u5c55,\u52a8\u6001\u4ee3\u7406\u65b9\u5f0f","valid":true}
{"arg":"p","icon":{"path":"translate.png"},"quicklookurl":"http:\/\/youdao.com\/w\/p","subtitle":"substance P","text":{"copy":"P\u7269\u8d28,\u7269\u8d28P,\u809d\u764c,\u795e\u7ecf\u80bdP\u7269\u8d28"},"title":"P\u7269\u8d28,\u7269\u8d28P,\u809d\u764c,\u795e\u7ecf\u80bdP\u7269\u8d28","valid":true}
{"arg":"climb","icon":{"path":"translate.png"},"quicklookurl":"http:\/\/youdao.com\/w\/%E7%88%AC","subtitle":"\u6ce2\u722c","text":{"copy":"POPPER"},"title":"POPPER","valid":true}
{"arg":"u","icon":{"path":"translate.png"},"quicklookurl":"http:\/\/youdao.com\/w\/u","subtitle":"U Turn","text":{"copy":"\u4e0d\u51c6\u6389\u5934,\u6389\u5934,\u4e0a\u9519\u60ca\u9b42\u8def,\u4e0d\u51c6\u8c03\u5934"},"title":"\u4e0d\u51c6\u6389\u5934,\u6389\u5934,\u4e0a\u9519\u60ca\u9b42\u8def,\u4e0d\u51c6\u8c03\u5934","valid":true}
{"arg":"unresolved","icon":{"path":"translate.png"},"quicklookurl":"http:\/\/youdao.com\/w\/unresolved","subtitle":"unresolved source","text":{"copy":"\u4e0d\u53ef\u5206\u8fa8\u6e90"},"title":"\u4e0d\u53ef\u5206\u8fa8\u6e90","valid":true}
{"arg":"unresolved ","icon":{"path":"translate.png"},"quicklookurl":"http:\/\/youdao.com\/w\/unresolved+","subtitle":"unresolved source","text":{"copy":"\u4e0d\u53ef\u5206\u8fa8\u6e90"},"title":"\u4e0d\u53ef\u5206\u8fa8\u6e90","valid":true}
{"arg":"unresolved reference","icon":{"path":"translate.png"},"quicklookurl":"http:\/\/youdao.com\/w\/unresolved+reference","subtitle":"unresolved reference","text":{"copy":"\u672a\u89e3\u51b3\u53c2\u8003"},"title":"\u672a\u89e3\u51b3\u53c2\u8003","valid":true}
{"arg":"bread","icon":{"path":"translate.png"},"quicklookurl":"http:\/\/youdao.com\/w\/bread","subtitle":"soggy bread","text":{"copy":"\u672a\u70e4\u900f\u7684\u9762\u5305,\u6c34\u6ce1\u7684\u9762\u5305,\u53d7\u6f6e\u7684\u9762\u5305,\u6f6e\u6c14\u6e17\u5165\u7684\u9762\u5305"},"title":"\u672a\u70e4\u900f\u7684\u9762\u5305,\u6c34\u6ce1\u7684\u9762\u5305,\u53d7\u6f6e\u7684\u9762\u5305,\u6f6e\u6c14\u6e17\u5165\u7684\u9762\u5305","valid":true}
{"arg":"crawl","icon":{"path":"translate.png"},"quicklookurl":"http:\/\/youdao.com\/w\/crawl","subtitle":"crawl space","text":{"copy":"\u7a84\u5c0f\u7a7a\u95f4,\u77ee\u8bbe\u5907\u5c42,\u67b6\u7a7a\u5c42"},"title":"\u7a84\u5c0f\u7a7a\u95f4,\u77ee\u8bbe\u5907\u5c42,\u67b6\u7a7a\u5c42","valid":true}
{"arg":"n","icon":{"path":"translate.png"},"quicklookurl":"http:\/\/youdao.com\/w\/n","subtitle":"N Gobalakrishnan","text":{"copy":"\u54e5\u5df4\u62c9"},"title":"\u54e5\u5df4\u62c9","valid":true}
{"arg":"The difficulty","icon":{"path":"translate.png"},"quicklookurl":"http:\/\/youdao.com\/w\/%E9%9A%BE%E5%BA%A6","subtitle":"\u5730\u72f1\u96be\u5ea6","text":{"copy":"hell,Guardian"},"title":"hell,Guardian","valid":true}
{"arg":"difficult","icon":{"path":"translate.png"},"quicklookurl":"http:\/\/youdao.com\/w\/%E9%9A%BE","subtitle":"\u96be","text":{"copy":"mtlg,cw,did"},"title":"mtlg,cw,did","valid":true}
{"arg":"pre","icon":{"path":"translate.png"},"quicklookurl":"http:\/\/youdao.com\/w\/pre","subtitle":"Pre echoes","text":{"copy":"\u9884\u56de\u58f0,\u9884\u53cd\u54cd"},"title":"\u9884\u56de\u58f0,\u9884\u53cd\u54cd","valid":true}
{"arg":"prepare","icon":{"path":"translate.png"},"quicklookurl":"http:\/\/youdao.com\/w\/prepare","subtitle":"Prepare Presentation","text":{"copy":"\u7f16\u5199\u7b80\u62a5,\u53f0\u8fb9\u51c6\u5907\u9881\u5956"},"title":"\u7f16\u5199\u7b80\u62a5,\u53f0\u8fb9\u51c6\u5907\u9881\u5956","valid":true}
{"arg":"material","icon":{"path":"translate.png"},"quicklookurl":"http:\/\/youdao.com\/w\/%E6%96%99","subtitle":"\u6599","text":{"copy":"WPC,BMC,EMC,FRP"},"title":"WPC,BMC,EMC,FRP","valid":true}
{"arg":"seti","icon":{"path":"translate.png"},"quicklookurl":"http:\/\/youdao.com\/w\/seti","subtitle":"Upper Seti","text":{"copy":"\u4e0a\u8272\u608c\u6cb3"},"title":"\u4e0a\u8272\u608c\u6cb3","valid":true}
{"arg":"set","icon":{"path":"translate.png"},"quicklookurl":"http:\/\/youdao.com\/w\/set","subtitle":"instruction set","text":{"copy":"\u6307\u4ee4\u96c6\u67b6\u6784,\u6307\u4ee4\u96c6,\u6307\u4ee4\u7cfb\u7edf,\u6307\u4ee4\u96c6\u5408"},"title":"\u6307\u4ee4\u96c6\u67b6\u6784,\u6307\u4ee4\u96c6,\u6307\u4ee4\u7cfb\u7edf,\u6307\u4ee4\u96c6\u5408","valid":true}
{"arg":"setup","icon":{"path":"translate.png"},"quicklookurl":"http:\/\/youdao.com\/w\/setup","subtitle":"display setup","text":{"copy":"\u663e\u793a\u8bbe\u7f6e,\u663e\u793a\u8bbe\u5907\u8bbe\u7f6e,\u663e\u793a\u8bbe\u5b9a,\u663e\u793a\u5b89\u88c5\u7a0b\u5e8f"},"title":"\u663e\u793a\u8bbe\u7f6e,\u663e\u793a\u8bbe\u5907\u8bbe\u7f6e,\u663e\u793a\u8bbe\u5b9a,\u663e\u793a\u5b89\u88c5\u7a0b\u5e8f","valid":true}
{"arg":"s","icon":{"path":"translate.png"},"quicklookurl":"http:\/\/youdao.com\/w\/s","subtitle":"S Doradus","text":{"copy":"\u5251\u9c7c\u5ea7S"},"title":"\u5251\u9c7c\u5ea7S","valid":true}
{"arg":"bad","icon":{"path":"translate.png"},"quicklookurl":"http:\/\/youdao.com\/w\/%E4%B8%8D%E5%91%A8","subtitle":"\u5546\u52a1\u4e0d\u5468","text":{"copy":"services are not satisfactory"},"title":"services are not satisfactory","valid":true}
{"arg":"Don't","icon":{"path":"translate.png"},"quicklookurl":"http:\/\/youdao.com\/w\/%E4%B8%8D","subtitle":"\u4e0d\u6362\u884c","text":{"copy":"TD NOWRAP,NOBR,lt,nowrap"},"title":"TD NOWRAP,NOBR,lt,nowrap","valid":true}
{"arg":"steps","icon":{"path":"translate.png"},"quicklookurl":"http:\/\/youdao.com\/w\/%E6%AD%A5%E9%AA%A4","subtitle":"\u5b9e\u9a8c\u6b65\u9aa4","text":{"copy":"Experimental Procedure,Procedure,Steps of experiment,laboratory procedures"},"title":"Experimental Procedure,Procedure,Steps of experiment,laboratory procedures","valid":true}
{"arg":"m","icon":{"path":"translate.png"},"quicklookurl":"http:\/\/youdao.com\/w\/m","subtitle":"Sachiko M","text":{"copy":"\u677e\u539f\u5e78\u5b50"},"title":"\u677e\u539f\u5e78\u5b50","valid":true}
{"arg":"might","icon":{"path":"translate.png"},"quicklookurl":"http:\/\/youdao.com\/w\/might","subtitle":"Runic Might","text":{"copy":"\u7b26\u6587\u529b\u91cf,\u5f3a\u52bf\u7b26\u77f3"},"title":"\u7b26\u6587\u529b\u91cf,\u5f3a\u52bf\u7b26\u77f3","valid":true}
{"arg":"m","icon":{"path":"translate.png"},"quicklookurl":"http:\/\/youdao.com\/w\/m","subtitle":"Sachiko M","text":{"copy":"\u677e\u539f\u5e78\u5b50"},"title":"\u677e\u539f\u5e78\u5b50","valid":true}
{"arg":"re","icon":{"path":"translate.png"},"quicklookurl":"http:\/\/youdao.com\/w\/re","subtitle":"General Re","text":{"copy":"\u901a\u7528\u518d\u4fdd\u9669\u516c\u53f8,\u901a\u7528\u518d\u4fdd\u9669,\u901a\u7528\u518d\u4fdd"},"title":"\u901a\u7528\u518d\u4fdd\u9669\u516c\u53f8,\u901a\u7528\u518d\u4fdd\u9669,\u901a\u7528\u518d\u4fdd","valid":true}
{"arg":"refre","icon":{"path":"translate.png"},"quicklookurl":"http:\/\/youdao.com\/w\/refre","subtitle":"Refre","text":{"copy":"\u88c1\u5224"},"title":"\u88c1\u5224","valid":true}
{"arg":"refer","icon":{"path":"translate.png"},"quicklookurl":"http:\/\/youdao.com\/w\/refer","subtitle":"Refer No","text":{"copy":"\u8bf7\u53c2\u8003\u53f7,\u8bf7\u53c2\u9605\u7b2c,\u53c2\u8003\u7f16\u53f7"},"title":"\u8bf7\u53c2\u8003\u53f7,\u8bf7\u53c2\u9605\u7b2c,\u53c2\u8003\u7f16\u53f7","valid":true}
{"arg":"referenced","icon":{"path":"translate.png"},"quicklookurl":"http:\/\/youdao.com\/w\/referenced","subtitle":"Referenced documents","text":{"copy":"\u53c2\u8003\u6587\u6863,\u53c2\u8003\u6587\u4ef6,\u53c2\u8003\u6587\u732e"},"title":"\u53c2\u8003\u6587\u6863,\u53c2\u8003\u6587\u4ef6,\u53c2\u8003\u6587\u732e","valid":true}
{"arg":"r","icon":{"path":"translate.png"},"quicklookurl":"http:\/\/youdao.com\/w\/r","subtitle":"r Degen","text":{"copy":"\u91cd\u5251"},"title":"\u91cd\u5251","valid":true}
{"arg":"a","icon":{"path":"translate.png"},"quicklookurl":"http:\/\/youdao.com\/w\/a","subtitle":"\u4eba\u9a6c\u5ea7A","text":{"copy":"Sagittarius,Centaurus,sgr"},"title":"Sagittarius,Centaurus,sgr","valid":true}
{"arg":"as","icon":{"path":"translate.png"},"quicklookurl":"http:\/\/youdao.com\/w\/as","subtitle":"as with","text":{"copy":"\u6b63\u5982,\u81f3\u4e8e,\u4e0e,\u4e00\u6837"},"title":"\u6b63\u5982,\u81f3\u4e8e,\u4e0e,\u4e00\u6837","valid":true}
{"arg":"assi","icon":{"path":"translate.png"},"quicklookurl":"http:\/\/youdao.com\/w\/assi","subtitle":"Assi","text":{"copy":"\u963f\u897f,\u4e9a\u897f\u6cb3,\u4e9a\u897f"},"title":"\u963f\u897f,\u4e9a\u897f\u6cb3,\u4e9a\u897f","valid":true}
{"arg":"assig","icon":{"path":"translate.png"},"quicklookurl":"http:\/\/youdao.com\/w\/assig","subtitle":"Writing Assig","text":{"copy":"\u8bfe\u540e\u7ec3\u4e60"},"title":"\u8bfe\u540e\u7ec3\u4e60","valid":true}
{"arg":"assignment","icon":{"path":"translate.png"},"quicklookurl":"http:\/\/youdao.com\/w\/assignment","subtitle":"government assignment","text":{"copy":"\u653f\u5e9c\u5212\u62e8,\u5f53\u5c40\u5212\u62e8"},"title":"\u653f\u5e9c\u5212\u62e8,\u5f53\u5c40\u5212\u62e8","valid":true}
{"arg":"local","icon":{"path":"translate.png"},"quicklookurl":"http:\/\/youdao.com\/w\/local","subtitle":"local field","text":{"copy":"\u5c40\u90e8\u57df,\u5b9a\u57df\u573a,\u5c40\u90e8\u573a,\u5c40\u90e8\u4f53"},"title":"\u5c40\u90e8\u57df,\u5b9a\u57df\u573a,\u5c40\u90e8\u573a,\u5c40\u90e8\u4f53","valid":true}
{"arg":"localhost","icon":{"path":"translate.png"},"quicklookurl":"http:\/\/youdao.com\/w\/localhost","subtitle":"LOCALHOST","text":{"copy":"\u672c\u5730\u670d\u52a1\u5668,\u672c\u5730\u4e3b\u673a,\u5730\u5740,\u5168\u90e8"},"title":"\u672c\u5730\u670d\u52a1\u5668,\u672c\u5730\u4e3b\u673a,\u5730\u5740,\u5168\u90e8","valid":true}
{"arg":"v","icon":{"path":"translate.png"},"quicklookurl":"http:\/\/youdao.com\/w\/v","subtitle":"Antiochus V","text":{"copy":"\u5b89\u6761\u514b\u4e94\u4e16"},"title":"\u5b89\u6761\u514b\u4e94\u4e16","valid":true}
{"arg":"oval","icon":{"path":"translate.png"},"quicklookurl":"http:\/\/youdao.com\/w\/oval","subtitle":"Oval tool","text":{"copy":"\u692d\u5706\u5de5\u5177,\u692d\u5706\u5f62\u5de5\u5177,\u5706\u5f62\u5de5\u5177,\u753b\u5706\u5de5\u5177"},"title":"\u692d\u5706\u5de5\u5177,\u692d\u5706\u5f62\u5de5\u5177,\u5706\u5f62\u5de5\u5177,\u753b\u5706\u5de5\u5177","valid":true}
{"arg":"parallax","icon":{"path":"translate.png"},"quicklookurl":"http:\/\/youdao.com\/w\/parallax","subtitle":"stellar parallax","text":{"copy":"\u6052\u661f\u89c6\u5dee,\u6597\u8f6c\u661f\u79fb,\u6052\u661f\u7684\u89c6\u5dee"},"title":"\u6052\u661f\u89c6\u5dee,\u6597\u8f6c\u661f\u79fb,\u6052\u661f\u7684\u89c6\u5dee","valid":true}
{"arg":"cpu","icon":{"path":"translate.png"},"quicklookurl":"http:\/\/youdao.com\/w\/cpu","subtitle":"CPU utilization","text":{"copy":"\u5360\u7528\u7387,\u5229\u7528\u7387,\u4f7f\u7528\u7387,\u4e2d\u592e\u5904\u7406\u673a\u5229\u7528\u7387"},"title":"\u5360\u7528\u7387,\u5229\u7528\u7387,\u4f7f\u7528\u7387,\u4e2d\u592e\u5904\u7406\u673a\u5229\u7528\u7387","valid":true}
{"arg":"couple","icon":{"path":"translate.png"},"quicklookurl":"http:\/\/youdao.com\/w\/couple","subtitle":"working couple","text":{"copy":"\u53cc\u804c\u5de5,\u53cc\u5de5,\u6307\u5728\u4e00\u4e2a\u5bb6\u5ead\u4e2d,\u5de5\u8d28\u5bf9"},"title":"\u53cc\u804c\u5de5,\u53cc\u5de5,\u6307\u5728\u4e00\u4e2a\u5bb6\u5ead\u4e2d,\u5de5\u8d28\u5bf9","valid":true}
{"arg":"s","icon":{"path":"translate.png"},"quicklookurl":"http:\/\/youdao.com\/w\/s","subtitle":"S Darko","text":{"copy":"\u7247,\u6b7b\u4ea1\u5e7b\u89c9"},"title":"\u7247,\u6b7b\u4ea1\u5e7b\u89c9","valid":true}
{"arg":"A warrior","icon":{"path":"translate.png"},"quicklookurl":"http:\/\/youdao.com\/w\/%E6%88%98%E5%A3%AB","subtitle":"\u6697\u9ed1\u6218\u58eb","text":{"copy":"Fight Nec,Path of a Warrior"},"title":"Fight Nec,Path of a Warrior","valid":true}
{"arg":"cre","icon":{"path":"translate.png"},"quicklookurl":"http:\/\/youdao.com\/w\/cre","subtitle":"friso cre","text":{"copy":"\u7f8e\u7d20\u5168\u79f0\u7f8e\u7d20\u4f73\u513f"},"title":"\u7f8e\u7d20\u5168\u79f0\u7f8e\u7d20\u4f73\u513f","valid":true}
{"arg":"cre","icon":{"path":"translate.png"},"quicklookurl":"http:\/\/youdao.com\/w\/cre","subtitle":"friso cre","text":{"copy":"\u7f8e\u7d20\u5168\u79f0\u7f8e\u7d20\u4f73\u513f"},"title":"\u7f8e\u7d20\u5168\u79f0\u7f8e\u7d20\u4f73\u513f","valid":true}
{"arg":"create","icon":{"path":"translate.png"},"quicklookurl":"http:\/\/youdao.com\/w\/create","subtitle":"Create Turbulence","text":{"copy":"\u521b\u5efa\u9707\u8361\u573a,\u521b\u5efa\u9707\u52a8\u573a"},"title":"\u521b\u5efa\u9707\u8361\u573a,\u521b\u5efa\u9707\u52a8\u573a","valid":true}
{"arg":"direction","icon":{"path":"translate.png"},"quicklookurl":"http:\/\/youdao.com\/w\/direction","subtitle":"cardinal direction","text":{"copy":"\u65b9\u4f4d,\u57fa\u672c\u65b9\u5411,\u6839\u672c\u6307\u5411,\u4e3b\u65b9\u5411"},"title":"\u65b9\u4f4d,\u57fa\u672c\u65b9\u5411,\u6839\u672c\u6307\u5411,\u4e3b\u65b9\u5411","valid":true}
{"arg":"arti","icon":{"path":"translate.png"},"quicklookurl":"http:\/\/youdao.com\/w\/arti","subtitle":"Hotel Arti","text":{"copy":"\u963f\u5c14\u5b63\u9152\u5e97,\u963f\u8fea\u514b\u9152\u5e97"},"title":"\u963f\u5c14\u5b63\u9152\u5e97,\u963f\u8fea\u514b\u9152\u5e97","valid":true}
{"arg":"artic","icon":{"path":"translate.png"},"quicklookurl":"http:\/\/youdao.com\/w\/artic","subtitle":"artic","text":{"copy":"\u8054\u5408\u8fd0\u8f93\u4e2d\u5fc3,\u6cd5\u56fd\u5f97\u5609,\u51fa\u7248\u8005"},"title":"\u8054\u5408\u8fd0\u8f93\u4e2d\u5fc3,\u6cd5\u56fd\u5f97\u5609,\u51fa\u7248\u8005","valid":true}
{"arg":"release","icon":{"path":"translate.png"},"quicklookurl":"http:\/\/youdao.com\/w\/%E5%8F%91%E5%B8%83","subtitle":"\u53d1\u5e03\u9636\u6bb5","text":{"copy":"Launch stage,Deploying Phase"},"title":"Launch stage,Deploying Phase","valid":true}
{"arg":"patch","icon":{"path":"translate.png"},"quicklookurl":"http:\/\/youdao.com\/w\/patch","subtitle":"brood patch","text":{"copy":"\u5b75\u5375\u6591,\u62b1\u5375\u70b9"},"title":"\u5b75\u5375\u6591,\u62b1\u5375\u70b9","valid":true}
{"arg":"stale","icon":{"path":"translate.png"},"quicklookurl":"http:\/\/youdao.com\/w\/stale","subtitle":"stale bread","text":{"copy":"\u9648\u9762\u5305,\u4e0d\u65b0\u9c9c\u7684\u9762\u5305,\u4e0d\u65b0\u9896\u7684\u9762\u5305,\u8d70\u4e86\u5473\u7684\u9762\u5305"},"title":"\u9648\u9762\u5305,\u4e0d\u65b0\u9c9c\u7684\u9762\u5305,\u4e0d\u65b0\u9896\u7684\u9762\u5305,\u8d70\u4e86\u5473\u7684\u9762\u5305","valid":true}
{"arg":"in","icon":{"path":"translate.png"},"quicklookurl":"http:\/\/youdao.com\/w\/%E5%9C%A8","subtitle":"\u5728\u5e03\u9c81\u65e5","text":{"copy":"In Bruges"},"title":"In Bruges","valid":true}
{"arg":"in","icon":{"path":"translate.png"},"quicklookurl":"http:\/\/youdao.com\/w\/%E5%9C%A8+","subtitle":"\u5728\u5e03\u9c81\u65e5","text":{"copy":"In Bruges"},"title":"In Bruges","valid":true}
{"arg":"In between","icon":{"path":"translate.png"},"quicklookurl":"http:\/\/youdao.com\/w\/%E5%9C%A8+%E4%B9%8B%E9%97%B4","subtitle":"\u5728\u4e4b\u95f4","text":{"copy":"between prep,infer,among,inter"},"title":"between prep,infer,among,inter","valid":true}
{"arg":"zte","icon":{"path":"translate.png"},"quicklookurl":"http:\/\/youdao.com\/w\/zte","subtitle":"ZTE MF","text":{"copy":"\u4e2d\u5174MF"},"title":"\u4e2d\u5174MF","valid":true}
{"arg":"d","icon":{"path":"translate.png"},"quicklookurl":"http:\/\/youdao.com\/w\/%E7%BB%B4","subtitle":"\u738b\u5b50\u7ef4","text":{"copy":"Wang Tzu-Wei,Tzu-Wei Wang,Wang Tzu Wei"},"title":"Wang Tzu-Wei,Tzu-Wei Wang,Wang Tzu Wei","valid":true}
{"arg":"Not paying","icon":{"path":"translate.png"},"quicklookurl":"http:\/\/youdao.com\/w\/%E6%9C%AA%E4%BB%98%E6%AC%BE","subtitle":"\u672a\u4ed8\u6b3e","text":{"copy":"non-payment,Not Paid,PAY_NO String"},"title":"non-payment,Not Paid,PAY_NO String","valid":true}
{"arg":"not","icon":{"path":"translate.png"},"quicklookurl":"http:\/\/youdao.com\/w\/%E6%9C%AA","subtitle":"\u672a","text":{"copy":"un,POS,our planet"},"title":"un,POS,our planet","valid":true}
{"arg":"n","icon":{"path":"translate.png"},"quicklookurl":"http:\/\/youdao.com\/w\/n","subtitle":"N Gobalakrishnan","text":{"copy":"\u54e5\u5df4\u62c9"},"title":"\u54e5\u5df4\u62c9","valid":true}
{"arg":"The development environment","icon":{"path":"translate.png"},"quicklookurl":"http:\/\/youdao.com\/w\/%E5%BC%80%E5%8F%91%E7%8E%AF%E5%A2%83","subtitle":"PHP\u96c6\u6210\u5f00\u53d1\u73af\u5883","text":{"copy":"WaterProof PHPEdit"},"title":"WaterProof PHPEdit","valid":true}
