{"arg":"q","icon":{"path":"translate.png"},"quicklookurl":"http:\/\/youdao.com\/w\/q","subtitle":"Q factor","text":{"copy":"\u54c1\u8d28\u56e0\u5b50,\u54c1\u8d28\u56e0\u6570,\u56e0\u6570,\u8d28\u91cf\u56e0\u6570"},"title":"\u54c1\u8d28\u56e0\u5b50,\u54c1\u8d28\u56e0\u6570,\u56e0\u6570,\u8d28\u91cf\u56e0\u6570","valid":true}
{"arg":"remove","icon":{"path":"translate.png"},"quicklookurl":"http:\/\/youdao.com\/w\/%E6%B8%85%E9%99%A4","subtitle":"\u6e05\u9664","text":{"copy":"clear,clean up,purge,purging"},"title":"clear,clean up,purge,purging","valid":true}
{"arg":"qing","icon":{"path":"translate.png"},"quicklookurl":"http:\/\/youdao.com\/w\/%E6%B8%85","subtitle":"\u6e05","text":{"copy":"pur,count,SEISO,WASHING"},"title":"pur,count,SEISO,WASHING","valid":true}
{"arg":"notice","icon":{"path":"translate.png"},"quicklookurl":"http:\/\/youdao.com\/w\/%E9%80%9A%E7%9F%A5","subtitle":"\u901a\u77e5","text":{"copy":"Notice,notify,notification,inform"},"title":"Notice,notify,notification,inform","valid":true}
{"arg":"noti","icon":{"path":"translate.png"},"quicklookurl":"http:\/\/youdao.com\/w\/noti","subtitle":"noti","text":{"copy":"\u8bb0\u4e0b"},"title":"\u8bb0\u4e0b","valid":true}
{"arg":"notification","icon":{"path":"translate.png"},"quicklookurl":"http:\/\/youdao.com\/w\/notification","subtitle":"notification","text":{"copy":"\u901a\u77e5,\u901a\u62a5,\u901a\u544a,\u544a\u77e5"},"title":"\u901a\u77e5,\u901a\u62a5,\u901a\u544a,\u544a\u77e5","valid":true}
{"arg":"log","icon":{"path":"translate.png"},"quicklookurl":"http:\/\/youdao.com\/w\/log","subtitle":"LOG","text":{"copy":"\u65e5\u5fd7,\u8bb0\u5f55,\u539f\u6728,\u81ea\u7136\u5bf9\u6570"},"title":"\u65e5\u5fd7,\u8bb0\u5f55,\u539f\u6728,\u81ea\u7136\u5bf9\u6570","valid":true}
{"arg":"logi","icon":{"path":"translate.png"},"quicklookurl":"http:\/\/youdao.com\/w\/logi","subtitle":"Logi","text":{"copy":"\u7f57\u5409,\u7f57\u6280\u56fd\u9645,\u8f66\u8f86\u79d1,\u540e\u52e4\u7ba1\u7406"},"title":"\u7f57\u5409,\u7f57\u6280\u56fd\u9645,\u8f66\u8f86\u79d1,\u540e\u52e4\u7ba1\u7406","valid":true}
{"arg":"logout","icon":{"path":"translate.png"},"quicklookurl":"http:\/\/youdao.com\/w\/logout","subtitle":"Logout","text":{"copy":"\u767b\u51fa,\u9000\u51fa,\u6ce8\u9500,\u9000\u51fa\u8d26\u6237"},"title":"\u767b\u51fa,\u9000\u51fa,\u6ce8\u9500,\u9000\u51fa\u8d26\u6237","valid":true}
{"arg":"deta","icon":{"path":"translate.png"},"quicklookurl":"http:\/\/youdao.com\/w\/deta","subtitle":"Deta","text":{"copy":"\u4ee3\u5854,\u4e8c\u4e59\u6491\u4e09\u80fa,\u4e8c\u4e59\u70ef\u4e09\u80fa,\u4e8c\u4e9a\u4e59\u57fa\u4e09\u80fa"},"title":"\u4ee3\u5854,\u4e8c\u4e59\u6491\u4e09\u80fa,\u4e8c\u4e59\u70ef\u4e09\u80fa,\u4e8c\u4e9a\u4e59\u57fa\u4e09\u80fa","valid":true}
{"arg":"detail","icon":{"path":"translate.png"},"quicklookurl":"http:\/\/youdao.com\/w\/detail","subtitle":"Detail","text":{"copy":"\u7ec6\u8282,\u8be6\u60c5,\u96f6\u4ef6,\u8be6\u56fe"},"title":"\u7ec6\u8282,\u8be6\u60c5,\u96f6\u4ef6,\u8be6\u56fe","valid":true}
{"arg":"yuan","icon":{"path":"translate.png"},"quicklookurl":"http:\/\/youdao.com\/w\/yuan","subtitle":"Yuan","text":{"copy":"\u4eba\u6c11\u5e01,\u8881\u59d3,\u5c0f\u5f71\u9738,\u94c1\u7a97\u6cea"},"title":"\u4eba\u6c11\u5e01,\u8881\u59d3,\u5c0f\u5f71\u9738,\u94c1\u7a97\u6cea","valid":true}
{"arg":"round","icon":{"path":"translate.png"},"quicklookurl":"http:\/\/youdao.com\/w\/%E5%9C%86","subtitle":"\u5706","text":{"copy":"CIRCLE,Round,INT,YEN"},"title":"CIRCLE,Round,INT,YEN","valid":true}
{"arg":"round","icon":{"path":"translate.png"},"quicklookurl":"http:\/\/youdao.com\/w\/%E5%9C%86","subtitle":"\u5706","text":{"copy":"CIRCLE,Round,INT,YEN"},"title":"CIRCLE,Round,INT,YEN","valid":true}
{"arg":"reassigned","icon":{"path":"translate.png"},"quicklookurl":"http:\/\/youdao.com\/w\/reassigned","subtitle":"reassigned","text":{"copy":"\u88ab\u518d\u5206\u914d\u7684"},"title":"\u88ab\u518d\u5206\u914d\u7684","valid":true}
{"arg":"there","icon":{"path":"translate.png"},"quicklookurl":"http:\/\/youdao.com\/w\/there","subtitle":"There","text":{"copy":"\u90a3\u91cc,\u5728\u90a3\u91cc,\u90a3\u513f,\u90a3"},"title":"\u90a3\u91cc,\u5728\u90a3\u91cc,\u90a3\u513f,\u90a3","valid":true}
{"arg":"re","icon":{"path":"translate.png"},"quicklookurl":"http:\/\/youdao.com\/w\/re","subtitle":"RE","text":{"copy":"\u6a61\u80f6\u7c98\u5408\u5242,\u7559\u5c3c\u6c6a,\u9006\u5411\u5de5\u7a0b,\u96f7\u8bfa\u6570"},"title":"\u6a61\u80f6\u7c98\u5408\u5242,\u7559\u5c3c\u6c6a,\u9006\u5411\u5de5\u7a0b,\u96f7\u8bfa\u6570","valid":true}
{"arg":"reassigned","icon":{"path":"translate.png"},"quicklookurl":"http:\/\/youdao.com\/w\/reassigned","subtitle":"reassigned","text":{"copy":"\u88ab\u518d\u5206\u914d\u7684"},"title":"\u88ab\u518d\u5206\u914d\u7684","valid":true}
{"arg":"statistical","icon":{"path":"translate.png"},"quicklookurl":"http:\/\/youdao.com\/w\/%E7%BB%9F%E8%AE%A1","subtitle":"\u7edf\u8ba1","text":{"copy":"Statistics,Stat,Info,COUNT"},"title":"Statistics,Stat,Info,COUNT","valid":true}
{"arg":"system","icon":{"path":"translate.png"},"quicklookurl":"http:\/\/youdao.com\/w\/%E7%BB%9F","subtitle":"\u7edf","text":{"copy":"Statistik,TPMS,series,BLog Info"},"title":"Statistik,TPMS,series,BLog Info","valid":true}
{"arg":"j","icon":{"path":"translate.png"},"quicklookurl":"http:\/\/youdao.com\/w\/j","subtitle":"Mary J","text":{"copy":"\u5e03\u83b1\u59ec,\u5e03\u91cc\u59ec,\u5e03\u91cc\u5947,\u739b\u4e3d\u00b7\u5e03\u83b1\u5947"},"title":"\u5e03\u83b1\u59ec,\u5e03\u91cc\u59ec,\u5e03\u91cc\u5947,\u739b\u4e3d\u00b7\u5e03\u83b1\u5947","valid":true}
{"arg":"j","icon":{"path":"translate.png"},"quicklookurl":"http:\/\/youdao.com\/w\/j","subtitle":"Mary J","text":{"copy":"\u5e03\u83b1\u59ec,\u5e03\u91cc\u59ec,\u5e03\u91cc\u5947,\u739b\u4e3d\u00b7\u5e03\u83b1\u5947"},"title":"\u5e03\u83b1\u59ec,\u5e03\u91cc\u59ec,\u5e03\u91cc\u5947,\u739b\u4e3d\u00b7\u5e03\u83b1\u5947","valid":true}
{"arg":"To calculate","icon":{"path":"translate.png"},"quicklookurl":"http:\/\/youdao.com\/w\/%E8%AE%A1%E7%AE%97","subtitle":"\u8ba1\u7b97","text":{"copy":"calculation,calculate,count,reckon"},"title":"calculation,calculate,count,reckon","valid":true}
{"arg":"meter","icon":{"path":"translate.png"},"quicklookurl":"http:\/\/youdao.com\/w\/%E8%AE%A1","subtitle":"\u8ba1","text":{"copy":"meter,Counter,Calculation,pH meter pH"},"title":"meter,Counter,Calculation,pH meter pH","valid":true}
{"arg":"sub","icon":{"path":"translate.png"},"quicklookurl":"http:\/\/youdao.com\/w\/sub","subtitle":"sub","text":{"copy":"\u4e0b\u6807,\u8fc7\u7a0b,\u526f,\u6cd7\u6c34"},"title":"\u4e0b\u6807,\u8fc7\u7a0b,\u526f,\u6cd7\u6c34","valid":true}
{"arg":"sub","icon":{"path":"translate.png"},"quicklookurl":"http:\/\/youdao.com\/w\/sub","subtitle":"sub","text":{"copy":"\u4e0b\u6807,\u8fc7\u7a0b,\u526f,\u6cd7\u6c34"},"title":"\u4e0b\u6807,\u8fc7\u7a0b,\u526f,\u6cd7\u6c34","valid":true}
{"arg":"s","icon":{"path":"translate.png"},"quicklookurl":"http:\/\/youdao.com\/w\/s","subtitle":"S Doradus","text":{"copy":"\u5251\u9c7c\u5ea7S"},"title":"\u5251\u9c7c\u5ea7S","valid":true}
{"arg":"submit","icon":{"path":"translate.png"},"quicklookurl":"http:\/\/youdao.com\/w\/%E6%8F%90%E4%BA%A4","subtitle":"\u63d0\u4ea4","text":{"copy":"Submit,Commit,Singn me up,presentation"},"title":"Submit,Commit,Singn me up,presentation","valid":true}
{"arg":"mention","icon":{"path":"translate.png"},"quicklookurl":"http:\/\/youdao.com\/w\/%E6%8F%90","subtitle":"\u63d0","text":{"copy":"Energizing,lift,carry,put up"},"title":"Energizing,lift,carry,put up","valid":true}
{"arg":"contract","icon":{"path":"translate.png"},"quicklookurl":"http:\/\/youdao.com\/w\/contract","subtitle":"contract","text":{"copy":"\u5408\u540c,\u6536\u7f29,\u5408\u7ea6,\u5951\u7ea6"},"title":"\u5408\u540c,\u6536\u7f29,\u5408\u7ea6,\u5951\u7ea6","valid":true}
{"arg":"c","icon":{"path":"translate.png"},"quicklookurl":"http:\/\/youdao.com\/w\/c","subtitle":"C battery","text":{"copy":"\u4e19\u7535\u6c60\u7ec4,\u6805\u504f\u538b\u7535\u6c60,\u68da\u6781\u7535\u6c60\u7ec4,\u6805\u6781\u7535\u6c60\u7ec4"},"title":"\u4e19\u7535\u6c60\u7ec4,\u6805\u504f\u538b\u7535\u6c60,\u68da\u6781\u7535\u6c60\u7ec4,\u6805\u6781\u7535\u6c60\u7ec4","valid":true}
{"arg":"contact","icon":{"path":"translate.png"},"quicklookurl":"http:\/\/youdao.com\/w\/%E8%81%94%E7%B3%BB","subtitle":"\u8054\u7cfb","text":{"copy":"Contact,connection,in touch,link"},"title":"Contact,connection,in touch,link","valid":true}
{"arg":"tre","icon":{"path":"translate.png"},"quicklookurl":"http:\/\/youdao.com\/w\/tre","subtitle":"TRE","text":{"copy":"\u9ad8\u97f3,\u5609\u6c49\u6797\u4e1a,\u6df7\u4e71\u5173\u7cfb,\u6d77\u85fb\u7cd6"},"title":"\u9ad8\u97f3,\u5609\u6c49\u6797\u4e1a,\u6df7\u4e71\u5173\u7cfb,\u6d77\u85fb\u7cd6","valid":true}
{"arg":"trending","icon":{"path":"translate.png"},"quicklookurl":"http:\/\/youdao.com\/w\/trending","subtitle":"Trending","text":{"copy":"\u70ed\u95e8\u8bdd\u9898,\u8d8b\u52bf\u5206\u6790,\u8d8b\u52bf,\u8d8b\u52bf\u9884\u6d4b"},"title":"\u70ed\u95e8\u8bdd\u9898,\u8d8b\u52bf\u5206\u6790,\u8d8b\u52bf,\u8d8b\u52bf\u9884\u6d4b","valid":true}
{"arg":"trending","icon":{"path":"translate.png"},"quicklookurl":"http:\/\/youdao.com\/w\/trending","subtitle":"Trending","text":{"copy":"\u70ed\u95e8\u8bdd\u9898,\u8d8b\u52bf\u5206\u6790,\u8d8b\u52bf,\u8d8b\u52bf\u9884\u6d4b"},"title":"\u70ed\u95e8\u8bdd\u9898,\u8d8b\u52bf\u5206\u6790,\u8d8b\u52bf,\u8d8b\u52bf\u9884\u6d4b","valid":true}
{"arg":"edi","icon":{"path":"translate.png"},"quicklookurl":"http:\/\/youdao.com\/w\/edi","subtitle":"EDI","text":{"copy":"\u7535\u5b50\u6570\u636e\u4ea4\u6362,\u7535\u53bb\u79bb\u5b50,\u7535\u5b50\u6570\u636e\u4ea4\u6362\u7cfb\u7edf,\u7535\u5b50\u6570\u636e\u4ea4\u6362\u6280\u672f"},"title":"\u7535\u5b50\u6570\u636e\u4ea4\u6362,\u7535\u53bb\u79bb\u5b50,\u7535\u5b50\u6570\u636e\u4ea4\u6362\u7cfb\u7edf,\u7535\u5b50\u6570\u636e\u4ea4\u6362\u6280\u672f","valid":true}
{"arg":"editorial","icon":{"path":"translate.png"},"quicklookurl":"http:\/\/youdao.com\/w\/editorial","subtitle":"editorial","text":{"copy":"\u793e\u8bba,\u793e\u8bc4,\u671f\u520a\u7684\u793e\u8bba,\u793e\u4f1a"},"title":"\u793e\u8bba,\u793e\u8bc4,\u671f\u520a\u7684\u793e\u8bba,\u793e\u4f1a","valid":true}
{"arg":"Generation of payment","icon":{"path":"translate.png"},"quicklookurl":"http:\/\/youdao.com\/w\/%E4%BB%A3%E4%BB%98%E6%AC%BE","subtitle":"\u4ee3\u4ed8\u6b3e","text":{"copy":"payment on behalf of others,Payment for other,Payment"},"title":"payment on behalf of others,Payment for other,Payment","valid":true}
{"arg":"generation","icon":{"path":"translate.png"},"quicklookurl":"http:\/\/youdao.com\/w\/%E4%BB%A3","subtitle":"\u4ee3","text":{"copy":"Generation,MI,ERA,GS"},"title":"Generation,MI,ERA,GS","valid":true}
{"arg":"stay","icon":{"path":"translate.png"},"quicklookurl":"http:\/\/youdao.com\/w\/%E5%BE%85","subtitle":"\u5f85","text":{"copy":"wait,stay,befriend"},"title":"wait,stay,befriend","valid":true}
{"arg":"For the payment","icon":{"path":"translate.png"},"quicklookurl":"http:\/\/youdao.com\/w\/%E5%BE%85%E4%BB%98%E6%AC%BE","subtitle":"\u5f85\u4ed8\u6b3e","text":{"copy":"obligation,obligations"},"title":"obligation,obligations","valid":true}
{"arg":"stay","icon":{"path":"translate.png"},"quicklookurl":"http:\/\/youdao.com\/w\/%E5%BE%85","subtitle":"\u5f85","text":{"copy":"wait,stay,befriend"},"title":"wait,stay,befriend","valid":true}
{"arg":"hd","icon":{"path":"translate.png"},"quicklookurl":"http:\/\/youdao.com\/w\/%E9%AB%98%E6%B8%85","subtitle":"\u9ad8\u6e05","text":{"copy":"high-definition,CCTVReg,dmb-th,HDV"},"title":"high-definition,CCTVReg,dmb-th,HDV","valid":true}
{"arg":"f","icon":{"path":"translate.png"},"quicklookurl":"http:\/\/youdao.com\/w\/f","subtitle":"System F","text":{"copy":"\u7cfb\u7edfF,\u8868\u6f14\u8005"},"title":"\u7cfb\u7edfF,\u8868\u6f14\u8005","valid":true}
{"arg":"The scenery","icon":{"path":"translate.png"},"quicklookurl":"http:\/\/youdao.com\/w\/%E9%A3%8E%E6%99%AF","subtitle":"\u98ce\u666f","text":{"copy":"scenery,Landscape,view,Scenic"},"title":"scenery,Landscape,view,Scenic","valid":true}
{"arg":"regis","icon":{"path":"translate.png"},"quicklookurl":"http:\/\/youdao.com\/w\/regis","subtitle":"regis","text":{"copy":"\u5404\u79cd\u62b5\u6297,\u745e\u5409\u65af,\u6b27\u5df4\u8fea\u4e9a,\u53ea\u6709\u5728\u697c\u9876\u5199\u4e86"},"title":"\u5404\u79cd\u62b5\u6297,\u745e\u5409\u65af,\u6b27\u5df4\u8fea\u4e9a,\u53ea\u6709\u5728\u697c\u9876\u5199\u4e86","valid":true}
{"arg":"register","icon":{"path":"translate.png"},"quicklookurl":"http:\/\/youdao.com\/w\/register","subtitle":"Register","text":{"copy":"\u6ce8\u518c\u5e10\u6237,\u767b\u8bb0,\u5bc4\u5b58\u5668,\u8bed\u57df"},"title":"\u6ce8\u518c\u5e10\u6237,\u767b\u8bb0,\u5bc4\u5b58\u5668,\u8bed\u57df","valid":true}
{"arg":"The invitation","icon":{"path":"translate.png"},"quicklookurl":"http:\/\/youdao.com\/w\/%E9%82%80%E8%AF%B7","subtitle":"\u9080\u8bf7","text":{"copy":"Invitation,Invite,call for,ask"},"title":"Invitation,Invite,call for,ask","valid":true}
{"arg":"To regain","icon":{"path":"translate.png"},"quicklookurl":"http:\/\/youdao.com\/w\/%E9%87%8D%E8%8E%B7","subtitle":"\u91cd\u83b7","text":{"copy":"recovery,recoup,win back,retrieve"},"title":"recovery,recoup,win back,retrieve","valid":true}
{"arg":"coupons","icon":{"path":"translate.png"},"quicklookurl":"http:\/\/youdao.com\/w\/%E4%BC%98%E6%83%A0%E5%88%B8","subtitle":"\u4f18\u60e0\u5238","text":{"copy":"Coupon,promotion code,cash voucher,GoDaddy Coupon"},"title":"Coupon,promotion code,cash voucher,GoDaddy Coupon","valid":true}
{"arg":"coupons","icon":{"path":"translate.png"},"quicklookurl":"http:\/\/youdao.com\/w\/%E4%BC%98%E6%83%A0%E5%88%B8","subtitle":"\u4f18\u60e0\u5238","text":{"copy":"Coupon,promotion code,cash voucher,GoDaddy Coupon"},"title":"Coupon,promotion code,cash voucher,GoDaddy Coupon","valid":true}
{"arg":"coupons","icon":{"path":"translate.png"},"quicklookurl":"http:\/\/youdao.com\/w\/%E4%BC%98%E6%83%A0%E5%88%B8","subtitle":"\u4f18\u60e0\u5238","text":{"copy":"Coupon,promotion code,cash voucher,GoDaddy Coupon"},"title":"Coupon,promotion code,cash voucher,GoDaddy Coupon","valid":true}
{"arg":"The amount of","icon":{"path":"translate.png"},"quicklookurl":"http:\/\/youdao.com\/w\/%E9%87%91%E9%A2%9D","subtitle":"\u91d1\u989d","text":{"copy":"Amount,sum,AMT Amount,AMT"},"title":"Amount,sum,AMT Amount,AMT","valid":true}
{"arg":"conditions","icon":{"path":"translate.png"},"quicklookurl":"http:\/\/youdao.com\/w\/%E6%9D%A1%E4%BB%B6","subtitle":"\u6761\u4ef6","text":{"copy":"Condition,criteria,term,terms and conditions"},"title":"Condition,criteria,term,terms and conditions","valid":true}
{"arg":"The scope of","icon":{"path":"translate.png"},"quicklookurl":"http:\/\/youdao.com\/w\/%E8%8C%83%E5%9B%B4","subtitle":"\u8303\u56f4","text":{"copy":"Scope,extent,RANGE,region"},"title":"Scope,extent,RANGE,region","valid":true}
{"arg":"Time limit","icon":{"path":"translate.png"},"quicklookurl":"http:\/\/youdao.com\/w\/%E6%9C%9F%E9%99%90","subtitle":"\u671f\u9650","text":{"copy":"Deadline,expires,time limits,Duration"},"title":"Deadline,expires,time limits,Duration","valid":true}
{"arg":"conditions","icon":{"path":"translate.png"},"quicklookurl":"http:\/\/youdao.com\/w\/%E6%9D%A1%E4%BB%B6","subtitle":"\u6761\u4ef6","text":{"copy":"Condition,criteria,term,terms and conditions"},"title":"Condition,criteria,term,terms and conditions","valid":true}
{"arg":"describe","icon":{"path":"translate.png"},"quicklookurl":"http:\/\/youdao.com\/w\/%E6%8F%8F%E8%BF%B0","subtitle":"\u63cf\u8ff0","text":{"copy":"description,describe,depict,account"},"title":"description,describe,depict,account","valid":true}
{"arg":"Special performance","icon":{"path":"translate.png"},"quicklookurl":"http:\/\/youdao.com\/w\/%E4%B8%93%E5%9C%BA","subtitle":"\u4e13\u573a","text":{"copy":"Session,Lot,Special,Single Track Session"},"title":"Session,Lot,Special,Single Track Session","valid":true}
{"arg":"specially","icon":{"path":"translate.png"},"quicklookurl":"http:\/\/youdao.com\/w\/%E4%B8%93","subtitle":"\u4e13","text":{"copy":"BREAKING DANCE,Column,expert system,Features"},"title":"BREAKING DANCE,Column,expert system,Features","valid":true}
{"arg":"specially","icon":{"path":"translate.png"},"quicklookurl":"http:\/\/youdao.com\/w\/%E4%B8%93","subtitle":"\u4e13","text":{"copy":"BREAKING DANCE,Column,expert system,Features"},"title":"BREAKING DANCE,Column,expert system,Features","valid":true}
{"arg":"specially","icon":{"path":"translate.png"},"quicklookurl":"http:\/\/youdao.com\/w\/%E4%B8%93","subtitle":"\u4e13","text":{"copy":"BREAKING DANCE,Column,expert system,Features"},"title":"BREAKING DANCE,Column,expert system,Features","valid":true}
{"arg":"specially","icon":{"path":"translate.png"},"quicklookurl":"http:\/\/youdao.com\/w\/%E4%B8%93","subtitle":"\u4e13","text":{"copy":"BREAKING DANCE,Column,expert system,Features"},"title":"BREAKING DANCE,Column,expert system,Features","valid":true}
{"arg":"special","icon":{"path":"translate.png"},"quicklookurl":"http:\/\/youdao.com\/w\/%E4%B8%93%E9%97%A8","subtitle":"\u4e13\u95e8","text":{"copy":"Specialized,special,exclusive,expertise"},"title":"Specialized,special,exclusive,expertise","valid":true}
{"arg":"specially","icon":{"path":"translate.png"},"quicklookurl":"http:\/\/youdao.com\/w\/%E4%B8%93","subtitle":"\u4e13","text":{"copy":"BREAKING DANCE,Column,expert system,Features"},"title":"BREAKING DANCE,Column,expert system,Features","valid":true}
{"arg":"seats","icon":{"path":"translate.png"},"quicklookurl":"http:\/\/youdao.com\/w\/%E4%B8%93%E5%BA%A7","subtitle":"\u6b8b\u75be\u4eba\u4e13\u5ea7","text":{"copy":"SEATS RESERVED FOR THE DISABLED"},"title":"SEATS RESERVED FOR THE DISABLED","valid":true}
{"arg":"goods","icon":{"path":"translate.png"},"quicklookurl":"http:\/\/youdao.com\/w\/%E5%95%86%E5%93%81","subtitle":"\u5546\u54c1","text":{"copy":"goods,commodity,Merchandise,article"},"title":"goods,commodity,Merchandise,article","valid":true}
{"arg":"shang","icon":{"path":"translate.png"},"quicklookurl":"http:\/\/youdao.com\/w\/%E5%95%86","subtitle":"\u5546","text":{"copy":"label,ISP,quotient,executive room"},"title":"label,ISP,quotient,executive room","valid":true}
{"arg":"m","icon":{"path":"translate.png"},"quicklookurl":"http:\/\/youdao.com\/w\/m","subtitle":"Ariane M","text":{"copy":"\u4e9a\u5229\u5b89M\u578b\u8fd0\u8f7d\u706b\u7bad"},"title":"\u4e9a\u5229\u5b89M\u578b\u8fd0\u8f7d\u706b\u7bad","valid":true}
{"arg":"describe","icon":{"path":"translate.png"},"quicklookurl":"http:\/\/youdao.com\/w\/%E6%8F%8F%E8%BF%B0","subtitle":"\u63cf\u8ff0","text":{"copy":"description,describe,depict,account"},"title":"description,describe,depict,account","valid":true}
{"arg":"gui","icon":{"path":"translate.png"},"quicklookurl":"http:\/\/youdao.com\/w\/gui","subtitle":"GUI","text":{"copy":"\u56fe\u5f62\u7528\u6237\u754c\u9762,\u56fe\u5f62\u754c\u9762,\u51e0\u5185\u4e9a,\u56fe\u5f62\u4ecb\u9762"},"title":"\u56fe\u5f62\u7528\u6237\u754c\u9762,\u56fe\u5f62\u754c\u9762,\u51e0\u5185\u4e9a,\u56fe\u5f62\u4ecb\u9762","valid":true}
{"arg":"g","icon":{"path":"translate.png"},"quicklookurl":"http:\/\/youdao.com\/w\/g","subtitle":"G major","text":{"copy":"G\u5927\u8c03,\u594f\u9e23\u66f2,\u5927\u8c03"},"title":"G\u5927\u8c03,\u594f\u9e23\u66f2,\u5927\u8c03","valid":true}
{"arg":"specifications","icon":{"path":"translate.png"},"quicklookurl":"http:\/\/youdao.com\/w\/%E8%A7%84%E6%A0%BC","subtitle":"\u89c4\u683c","text":{"copy":"Specification,SIZE,SPEC,standard"},"title":"Specification,SIZE,SPEC,standard","valid":true}
{"arg":"specifications","icon":{"path":"translate.png"},"quicklookurl":"http:\/\/youdao.com\/w\/%E8%A7%84%E6%A0%BC","subtitle":"\u89c4\u683c","text":{"copy":"Specification,SIZE,SPEC,standard"},"title":"Specification,SIZE,SPEC,standard","valid":true}
{"arg":"haha","icon":{"path":"translate.png"},"quicklookurl":"http:\/\/youdao.com\/w\/haha","subtitle":"Haha","text":{"copy":"\u6cb3\u4e1c\u52cb,\u4f55\u4e1c\u52cb,\u75db\u5feb\u7b11,\u91d1\u9ad8\u6069"},"title":"\u6cb3\u4e1c\u52cb,\u4f55\u4e1c\u52cb,\u75db\u5feb\u7b11,\u91d1\u9ad8\u6069","valid":true}
{"arg":"haha","icon":{"path":"translate.png"},"quicklookurl":"http:\/\/youdao.com\/w\/haha","subtitle":"Haha","text":{"copy":"\u6cb3\u4e1c\u52cb,\u4f55\u4e1c\u52cb,\u75db\u5feb\u7b11,\u91d1\u9ad8\u6069"},"title":"\u6cb3\u4e1c\u52cb,\u4f55\u4e1c\u52cb,\u75db\u5feb\u7b11,\u91d1\u9ad8\u6069","valid":true}
{"arg":"nice","icon":{"path":"translate.png"},"quicklookurl":"http:\/\/youdao.com\/w\/nice","subtitle":"Nice","text":{"copy":"\u5c3c\u65af,\u7f8e\u597d\u7684,\u7814\u7a76\u6240,Nice\u503c"},"title":"\u5c3c\u65af,\u7f8e\u597d\u7684,\u7814\u7a76\u6240,Nice\u503c","valid":true}
{"arg":"mighty","icon":{"path":"translate.png"},"quicklookurl":"http:\/\/youdao.com\/w\/%E5%A8%81%E6%AD%A6","subtitle":"\u5a01\u6b66","text":{"copy":"Powerful,Ruark,Stately,mighty"},"title":"Powerful,Ruark,Stately,mighty","valid":true}
{"arg":"clo","icon":{"path":"translate.png"},"quicklookurl":"http:\/\/youdao.com\/w\/clo","subtitle":"CLO","text":{"copy":"\u9996\u5e2d\u5b66\u4e60\u5b98,\u7269\u6d41\u4e0e\u4f9b\u5e94\u94fe\u7ba1\u7406,\u8d37\u6b3e\u62b5\u62bc\u503a\u5238,\u6c27\u5316\u6c2f"},"title":"\u9996\u5e2d\u5b66\u4e60\u5b98,\u7269\u6d41\u4e0e\u4f9b\u5e94\u94fe\u7ba1\u7406,\u8d37\u6b3e\u62b5\u62bc\u503a\u5238,\u6c27\u5316\u6c2f","valid":true}
{"arg":"clod","icon":{"path":"translate.png"},"quicklookurl":"http:\/\/youdao.com\/w\/clod","subtitle":"clod","text":{"copy":"\u571f\u5757,\u571f\u7c92,\u6ce5\u5757,\u8fde\u7eed\u7ec6\u8282\u5c42\u6b21(Continuous Level Of Detail)"},"title":"\u571f\u5757,\u571f\u7c92,\u6ce5\u5757,\u8fde\u7eed\u7ec6\u8282\u5c42\u6b21(Continuous Level Of Detail)","valid":true}
{"arg":"c","icon":{"path":"translate.png"},"quicklookurl":"http:\/\/youdao.com\/w\/c","subtitle":"C battery","text":{"copy":"\u4e19\u7535\u6c60\u7ec4,\u6805\u504f\u538b\u7535\u6c60,\u68da\u6781\u7535\u6c60\u7ec4,\u6805\u6781\u7535\u6c60\u7ec4"},"title":"\u4e19\u7535\u6c60\u7ec4,\u6805\u504f\u538b\u7535\u6c60,\u68da\u6781\u7535\u6c60\u7ec4,\u6805\u6781\u7535\u6c60\u7ec4","valid":true}
{"arg":"cloud","icon":{"path":"translate.png"},"quicklookurl":"http:\/\/youdao.com\/w\/cloud","subtitle":"Cloud","text":{"copy":"\u4e91,\u4e91\u72b6\u7269,\u514b\u52b3\u5fb7,\u4e91\u7aef"},"title":"\u4e91,\u4e91\u72b6\u7269,\u514b\u52b3\u5fb7,\u4e91\u7aef","valid":true}
{"arg":"c","icon":{"path":"translate.png"},"quicklookurl":"http:\/\/youdao.com\/w\/c","subtitle":"C battery","text":{"copy":"\u4e19\u7535\u6c60\u7ec4,\u6805\u504f\u538b\u7535\u6c60,\u68da\u6781\u7535\u6c60\u7ec4,\u6805\u6781\u7535\u6c60\u7ec4"},"title":"\u4e19\u7535\u6c60\u7ec4,\u6805\u504f\u538b\u7535\u6c60,\u68da\u6781\u7535\u6c60\u7ec4,\u6805\u6781\u7535\u6c60\u7ec4","valid":true}
{"arg":"c","icon":{"path":"translate.png"},"quicklookurl":"http:\/\/youdao.com\/w\/c","subtitle":"C battery","text":{"copy":"\u4e19\u7535\u6c60\u7ec4,\u6805\u504f\u538b\u7535\u6c60,\u68da\u6781\u7535\u6c60\u7ec4,\u6805\u6781\u7535\u6c60\u7ec4"},"title":"\u4e19\u7535\u6c60\u7ec4,\u6805\u504f\u538b\u7535\u6c60,\u68da\u6781\u7535\u6c60\u7ec4,\u6805\u6781\u7535\u6c60\u7ec4","valid":true}
{"arg":"cold","icon":{"path":"translate.png"},"quicklookurl":"http:\/\/youdao.com\/w\/cold","subtitle":"cold","text":{"copy":"\u5bd2\u51b7\u7684,\u51b7,\u611f\u5192,\u60a3\u611f\u5192"},"title":"\u5bd2\u51b7\u7684,\u51b7,\u611f\u5192,\u60a3\u611f\u5192","valid":true}
{"arg":"settlement","icon":{"path":"translate.png"},"quicklookurl":"http:\/\/youdao.com\/w\/%E7%BB%93%E7%AE%97","subtitle":"\u7ed3\u7b97","text":{"copy":"Settlement,Clearing,balance,closing"},"title":"Settlement,Clearing,balance,closing","valid":true}
{"arg":"\"","icon":{"path":"translate.png"},"quicklookurl":"http:\/\/youdao.com\/w\/%E7%BB%93","subtitle":"\u7ed3","text":{"copy":"Knot,tie,node,bear"},"title":"Knot,tie,node,bear","valid":true}
{"arg":"pay","icon":{"path":"translate.png"},"quicklookurl":"http:\/\/youdao.com\/w\/%E4%B9%B0%E5%8D%95","subtitle":"\u4e70\u5355","text":{"copy":"Pay,pay the bill,Check,Paying the Bill"},"title":"Pay,pay the bill,Check,Paying the Bill","valid":true}
{"arg":"The pile","icon":{"path":"translate.png"},"quicklookurl":"http:\/\/youdao.com\/w\/%E6%A1%A9","subtitle":"\u6869","text":{"copy":"Pile,stake,peg,picket"},"title":"Pile,stake,peg,picket","valid":true}
{"arg":"Special performance","icon":{"path":"translate.png"},"quicklookurl":"http:\/\/youdao.com\/w\/%E4%B8%93%E5%9C%BA","subtitle":"\u4e13\u573a","text":{"copy":"Session,Lot,Special,Single Track Session"},"title":"Session,Lot,Special,Single Track Session","valid":true}
{"arg":"content","icon":{"path":"translate.png"},"quicklookurl":"http:\/\/youdao.com\/w\/%E5%90%AB%E9%87%8F","subtitle":"\u542b\u91cf","text":{"copy":"Content,Purity,ppm,Assay"},"title":"Content,Purity,ppm,Assay","valid":true}
{"arg":"containing","icon":{"path":"translate.png"},"quicklookurl":"http:\/\/youdao.com\/w\/%E5%90%AB","subtitle":"\u542b","text":{"copy":"Assay,imply,ferous,ea"},"title":"Assay,imply,ferous,ea","valid":true}
{"arg":"The weight of the","icon":{"path":"translate.png"},"quicklookurl":"http:\/\/youdao.com\/w\/%E9%87%8D%E9%87%8F","subtitle":"\u91cd\u91cf","text":{"copy":"weight,kg,Carat,Net Weight"},"title":"weight,kg,Carat,Net Weight","valid":true}
{"arg":"zhu","icon":{"path":"translate.png"},"quicklookurl":"http:\/\/youdao.com\/w\/zhu","subtitle":"Zhu","text":{"copy":"\u67f7,\u6731\u5e7f\u6caa,\u7740,\u6298\u5fea\u6279"},"title":"\u67f7,\u6731\u5e7f\u6caa,\u7740,\u6298\u5fea\u6279","valid":true}
{"arg":"z","icon":{"path":"translate.png"},"quicklookurl":"http:\/\/youdao.com\/w\/z","subtitle":"Z Andromedae","text":{"copy":"\u4ed9\u5973\u5ea7Z,\u4ed9\u5973\u5ea7Z\u578b\u661f"},"title":"\u4ed9\u5973\u5ea7Z,\u4ed9\u5973\u5ea7Z\u578b\u661f","valid":true}
{"arg":"forwarding","icon":{"path":"translate.png"},"quicklookurl":"http:\/\/youdao.com\/w\/%E8%BD%AC%E5%8F%91","subtitle":"\u8f6c\u53d1","text":{"copy":"Forward,Relay,Assign,Forwarding"},"title":"Forward,Relay,Assign,Forwarding","valid":true}
{"arg":"turn","icon":{"path":"translate.png"},"quicklookurl":"http:\/\/youdao.com\/w\/%E8%BD%AC","subtitle":"\u8f6c","text":{"copy":"Turn,Spin,RPM,Plate Spinning"},"title":"Turn,Spin,RPM,Plate Spinning","valid":true}
{"arg":"broadcast","icon":{"path":"translate.png"},"quicklookurl":"http:\/\/youdao.com\/w\/%E8%BD%AC%E6%92%AD","subtitle":"\u8f6c\u64ad","text":{"copy":"Broadcast,relay,rebroadcasting,transmission"},"title":"Broadcast,relay,rebroadcasting,transmission","valid":true}
{"arg":"turn","icon":{"path":"translate.png"},"quicklookurl":"http:\/\/youdao.com\/w\/%E8%BD%AC","subtitle":"\u8f6c","text":{"copy":"Turn,Spin,RPM,Plate Spinning"},"title":"Turn,Spin,RPM,Plate Spinning","valid":true}
{"arg":"forward","icon":{"path":"translate.png"},"quicklookurl":"http:\/\/youdao.com\/w\/forward","subtitle":"forward","text":{"copy":"\u524d\u950b,\u5411\u524d,\u8f6c\u53d1,\u524d\u8fdb\u515a"},"title":"\u524d\u950b,\u5411\u524d,\u8f6c\u53d1,\u524d\u8fdb\u515a","valid":true}
{"arg":"f","icon":{"path":"translate.png"},"quicklookurl":"http:\/\/youdao.com\/w\/f","subtitle":"System F","text":{"copy":"\u7cfb\u7edfF,\u8868\u6f14\u8005"},"title":"\u7cfb\u7edfF,\u8868\u6f14\u8005","valid":true}
{"arg":"forwarding","icon":{"path":"translate.png"},"quicklookurl":"http:\/\/youdao.com\/w\/%E8%BD%AC%E5%8F%91","subtitle":"\u8f6c\u53d1","text":{"copy":"Forward,Relay,Assign,Forwarding"},"title":"Forward,Relay,Assign,Forwarding","valid":true}
{"arg":"z","icon":{"path":"translate.png"},"quicklookurl":"http:\/\/youdao.com\/w\/z","subtitle":"Z Andromedae","text":{"copy":"\u4ed9\u5973\u5ea7Z,\u4ed9\u5973\u5ea7Z\u578b\u661f"},"title":"\u4ed9\u5973\u5ea7Z,\u4ed9\u5973\u5ea7Z\u578b\u661f","valid":true}
{"arg":"forwarding","icon":{"path":"translate.png"},"quicklookurl":"http:\/\/youdao.com\/w\/%E8%BD%AC%E5%8F%91","subtitle":"\u8f6c\u53d1","text":{"copy":"Forward,Relay,Assign,Forwarding"},"title":"Forward,Relay,Assign,Forwarding","valid":true}
{"arg":"batch","icon":{"path":"translate.png"},"quicklookurl":"http:\/\/youdao.com\/w\/batch","subtitle":"Batch","text":{"copy":"\u6279\u5904\u7406,\u4e00\u6279,\u6279\u6b21,\u6279\u91cf"},"title":"\u6279\u5904\u7406,\u4e00\u6279,\u6279\u6b21,\u6279\u91cf","valid":true}
{"arg":"withdrawal","icon":{"path":"translate.png"},"quicklookurl":"http:\/\/youdao.com\/w\/%E6%8F%90%E7%8E%B0","subtitle":"\u63d0\u73b0","text":{"copy":"Withdraw,to withdraw funds,withdraw deposit,Reference is now"},"title":"Withdraw,to withdraw funds,withdraw deposit,Reference is now","valid":true}
{"arg":"cash","icon":{"path":"translate.png"},"quicklookurl":"http:\/\/youdao.com\/w\/cash","subtitle":"Cash","text":{"copy":"\u73b0\u91d1,\u65b9\u5b54\u94b1,\u73b0\u6b3e,\u4ed8\u6b3e\u5904"},"title":"\u73b0\u91d1,\u65b9\u5b54\u94b1,\u73b0\u6b3e,\u4ed8\u6b3e\u5904","valid":true}
{"arg":"available","icon":{"path":"translate.png"},"quicklookurl":"http:\/\/youdao.com\/w\/%E5%8F%AF%E7%94%A8","subtitle":"\u53ef\u7528","text":{"copy":"abailable to sb for sth,on hand,Enabled,usable"},"title":"abailable to sb for sth,on hand,Enabled,usable","valid":true}
{"arg":"Available balance","icon":{"path":"translate.png"},"quicklookurl":"http:\/\/youdao.com\/w\/%E5%8F%AF%E7%94%A8%E4%BD%99%E9%A2%9D","subtitle":"\u53ef\u7528\u4f59\u989d","text":{"copy":"Available Balance"},"title":"Available Balance","valid":true}
{"arg":"Can be","icon":{"path":"translate.png"},"quicklookurl":"http:\/\/youdao.com\/w\/%E5%8F%AF","subtitle":"\u53ef","text":{"copy":"dependable,reliability,Usability Test,portability"},"title":"dependable,reliability,Usability Test,portability","valid":true}
{"arg":"balance","icon":{"path":"translate.png"},"quicklookurl":"http:\/\/youdao.com\/w\/balance","subtitle":"Balance","text":{"copy":"\u5e73\u8861,\u5929\u5e73,\u5747\u8861,\u5e73\u8861\u6280\u5de7"},"title":"\u5e73\u8861,\u5929\u5e73,\u5747\u8861,\u5e73\u8861\u6280\u5de7","valid":true}
{"arg":"a","icon":{"path":"translate.png"},"quicklookurl":"http:\/\/youdao.com\/w\/a","subtitle":"a cappella","text":{"copy":"\u65e0\u4f34\u594f\u5408\u5531,\u963f\u5361\u8d1d\u62c9,\u8d70\u5728\u5927\u8857\u7684\u5973\u5b50,\u65e0\u4f34\u594f"},"title":"\u65e0\u4f34\u594f\u5408\u5531,\u963f\u5361\u8d1d\u62c9,\u8d70\u5728\u5927\u8857\u7684\u5973\u5b50,\u65e0\u4f34\u594f","valid":true}
{"arg":"avi","icon":{"path":"translate.png"},"quicklookurl":"http:\/\/youdao.com\/w\/avi","subtitle":"Avi","text":{"copy":"\u4ece\u6839\u7ed3\u70b9\u51fa\u53d1\u589e\u52a0\u5206\u652f,\u8f66\u8f86\u81ea\u52a8\u8bc6\u522b"},"title":"\u4ece\u6839\u7ed3\u70b9\u51fa\u53d1\u589e\u52a0\u5206\u652f,\u8f66\u8f86\u81ea\u52a8\u8bc6\u522b","valid":true}
{"arg":"avil","icon":{"path":"translate.png"},"quicklookurl":"http:\/\/youdao.com\/w\/avil","subtitle":"Avil of fury","text":{"copy":"\u66b4\u6012\u7684\u94c1\u7827"},"title":"\u66b4\u6012\u7684\u94c1\u7827","valid":true}
{"arg":"avi","icon":{"path":"translate.png"},"quicklookurl":"http:\/\/youdao.com\/w\/avi","subtitle":"Avi","text":{"copy":"\u4ece\u6839\u7ed3\u70b9\u51fa\u53d1\u589e\u52a0\u5206\u652f,\u8f66\u8f86\u81ea\u52a8\u8bc6\u522b"},"title":"\u4ece\u6839\u7ed3\u70b9\u51fa\u53d1\u589e\u52a0\u5206\u652f,\u8f66\u8f86\u81ea\u52a8\u8bc6\u522b","valid":true}
{"arg":"a","icon":{"path":"translate.png"},"quicklookurl":"http:\/\/youdao.com\/w\/a","subtitle":"a cappella","text":{"copy":"\u65e0\u4f34\u594f\u5408\u5531,\u963f\u5361\u8d1d\u62c9,\u8d70\u5728\u5927\u8857\u7684\u5973\u5b50,\u65e0\u4f34\u594f"},"title":"\u65e0\u4f34\u594f\u5408\u5531,\u963f\u5361\u8d1d\u62c9,\u8d70\u5728\u5927\u8857\u7684\u5973\u5b50,\u65e0\u4f34\u594f","valid":true}
{"arg":"The available","icon":{"path":"translate.png"},"quicklookurl":"http:\/\/youdao.com\/w\/%E5%8F%AF%E7%94%A8%E7%9A%84","subtitle":"\u53ef\u7528\u7684","text":{"copy":"available,usable,usableness,feasible"},"title":"available,usable,usableness,feasible","valid":true}
{"arg":"account","icon":{"path":"translate.png"},"quicklookurl":"http:\/\/youdao.com\/w\/account","subtitle":"Account","text":{"copy":"\u8d26\u6237,\u8d26\u76ee,\u5e10\u76ee,\u4f1a\u8ba1\u79d1\u76ee"},"title":"\u8d26\u6237,\u8d26\u76ee,\u5e10\u76ee,\u4f1a\u8ba1\u79d1\u76ee","valid":true}
{"arg":"we","icon":{"path":"translate.png"},"quicklookurl":"http:\/\/youdao.com\/w\/we","subtitle":"We","text":{"copy":"\u6211\u4eec,\u6c34\u5143\u7d20,\u5e94\u6025\u7167\u660e\u5206\u652f\u7ebf,\u5b9e\u51b5\u8db3\u7403"},"title":"\u6211\u4eec,\u6c34\u5143\u7d20,\u5e94\u6025\u7167\u660e\u5206\u652f\u7ebf,\u5b9e\u51b5\u8db3\u7403","valid":true}
{"arg":"wed","icon":{"path":"translate.png"},"quicklookurl":"http:\/\/youdao.com\/w\/wed","subtitle":"WED","text":{"copy":"\u661f\u671f\u4e09(W E Dnesday),\u5468\u4e09,\u5f00\u822a\u65e5\u671f,\u7ed3\u5a5a"},"title":"\u661f\u671f\u4e09(W E Dnesday),\u5468\u4e09,\u5f00\u822a\u65e5\u671f,\u7ed3\u5a5a","valid":true}
{"arg":"wednesday","icon":{"path":"translate.png"},"quicklookurl":"http:\/\/youdao.com\/w\/wednesday","subtitle":"Wednesday","text":{"copy":"\u661f\u671f\u4e09,\u793c\u62dc\u4e09,\u4eca\u5929\u662f\u661f\u671f\u5929"},"title":"\u661f\u671f\u4e09,\u793c\u62dc\u4e09,\u4eca\u5929\u662f\u661f\u671f\u5929","valid":true}
{"arg":"in","icon":{"path":"translate.png"},"quicklookurl":"http:\/\/youdao.com\/w\/in","subtitle":"in","text":{"copy":"\u82f1\u5bf8,\u5370\u5ea6,\u8f93\u5165,\u4eba\u53e3"},"title":"\u82f1\u5bf8,\u5370\u5ea6,\u8f93\u5165,\u4eba\u53e3","valid":true}
{"arg":"invite","icon":{"path":"translate.png"},"quicklookurl":"http:\/\/youdao.com\/w\/invite","subtitle":"Invite","text":{"copy":"\u9080\u8bf7,\u62db\u5f85,\u8bda\u9080,\u7ea6\u8bf7"},"title":"\u9080\u8bf7,\u62db\u5f85,\u8bda\u9080,\u7ea6\u8bf7","valid":true}
{"arg":"batch","icon":{"path":"translate.png"},"quicklookurl":"http:\/\/youdao.com\/w\/%E6%89%B9%E9%87%8F","subtitle":"\u6279\u91cf","text":{"copy":"Batch,lot size,bulk,batch quantity"},"title":"Batch,lot size,bulk,batch quantity","valid":true}
{"arg":"forwarding","icon":{"path":"translate.png"},"quicklookurl":"http:\/\/youdao.com\/w\/%E8%BD%AC%E5%8F%91","subtitle":"\u8f6c\u53d1","text":{"copy":"Forward,Relay,Assign,Forwarding"},"title":"Forward,Relay,Assign,Forwarding","valid":true}
{"arg":"forwarding","icon":{"path":"translate.png"},"quicklookurl":"http:\/\/youdao.com\/w\/%E8%BD%AC%E5%8F%91","subtitle":"\u8f6c\u53d1","text":{"copy":"Forward,Relay,Assign,Forwarding"},"title":"Forward,Relay,Assign,Forwarding","valid":true}
{"arg":"cont","icon":{"path":"translate.png"},"quicklookurl":"http:\/\/youdao.com\/w\/cont","subtitle":"Surf Cont","text":{"copy":"\u66f2\u9762\u8fde\u7eed"},"title":"\u66f2\u9762\u8fde\u7eed","valid":true}
{"arg":"contract","icon":{"path":"translate.png"},"quicklookurl":"http:\/\/youdao.com\/w\/contract","subtitle":"contract","text":{"copy":"\u5408\u540c,\u6536\u7f29,\u5408\u7ea6,\u5951\u7ea6"},"title":"\u5408\u540c,\u6536\u7f29,\u5408\u7ea6,\u5951\u7ea6","valid":true}
{"arg":"f","icon":{"path":"translate.png"},"quicklookurl":"http:\/\/youdao.com\/w\/f","subtitle":"System F","text":{"copy":"\u7cfb\u7edfF,\u8868\u6f14\u8005"},"title":"\u7cfb\u7edfF,\u8868\u6f14\u8005","valid":true}
{"arg":"fo","icon":{"path":"translate.png"},"quicklookurl":"http:\/\/youdao.com\/w\/fo","subtitle":"fo","text":{"copy":"\u6cd5\u7f57\u7fa4\u5c9b,\u521d\u59cb\u8367\u5149,\u963f\u7518\u6b63\u4f20,\u8c10\u632f\u9891\u7387"},"title":"\u6cd5\u7f57\u7fa4\u5c9b,\u521d\u59cb\u8367\u5149,\u963f\u7518\u6b63\u4f20,\u8c10\u632f\u9891\u7387","valid":true}
{"arg":"forward","icon":{"path":"translate.png"},"quicklookurl":"http:\/\/youdao.com\/w\/forward","subtitle":"forward","text":{"copy":"\u524d\u950b,\u5411\u524d,\u8f6c\u53d1,\u524d\u8fdb\u515a"},"title":"\u524d\u950b,\u5411\u524d,\u8f6c\u53d1,\u524d\u8fdb\u515a","valid":true}
{"arg":"forwarding","icon":{"path":"translate.png"},"quicklookurl":"http:\/\/youdao.com\/w\/%E8%BD%AC%E5%8F%91","subtitle":"\u8f6c\u53d1","text":{"copy":"Forward,Relay,Assign,Forwarding"},"title":"Forward,Relay,Assign,Forwarding","valid":true}
{"arg":"cap","icon":{"path":"translate.png"},"quicklookurl":"http:\/\/youdao.com\/w\/cap","subtitle":"Cap","text":{"copy":"\u5e3d\u5b50,\u918b\u9178,\u793e\u533a\u83b7\u5f97\u6027\u80ba\u708e,\u7ba1\u5e3d"},"title":"\u5e3d\u5b50,\u918b\u9178,\u793e\u533a\u83b7\u5f97\u6027\u80ba\u708e,\u7ba1\u5e3d","valid":true}
{"arg":"week","icon":{"path":"translate.png"},"quicklookurl":"http:\/\/youdao.com\/w\/%E6%98%9F%E6%9C%9F","subtitle":"\u661f\u671f","text":{"copy":"Week,Days of the week,watt,width"},"title":"Week,Days of the week,watt,width","valid":true}
{"arg":"On Thursday,","icon":{"path":"translate.png"},"quicklookurl":"http:\/\/youdao.com\/w\/%E6%98%9F%E6%9C%9F%E5%9B%9B","subtitle":"\u661f\u671f\u56db","text":{"copy":"Thursday,Thu,jeudi,Thur"},"title":"Thursday,Thu,jeudi,Thur","valid":true}
